
Gurobi 9.0.2 (mac64, Python) logging started Fri Nov 11 21:07:22 2022

Using license file /Users/muratilter/gurobi.lic
Set parameter LogFile to value 4.log
Academic license - for non-commercial use only
Read LP format model from file Model2_diff_prince_4.lp
Reading time = 0.01 seconds
: 2180 rows, 1280 columns, 16048 nonzeros
Gurobi Optimizer version 9.0.2 build v9.0.2rc0 (mac64)
Optimize a model with 2180 rows, 1280 columns and 16048 nonzeros
Model fingerprint: 0x6308f10d
Variable types: 0 continuous, 1280 integer (1280 binary)
Coefficient statistics:
  Matrix range     [1e+00, 1e+01]
  Objective range  [2e+00, 4e+00]
  Bounds range     [1e+00, 1e+00]
  RHS range        [1e+00, 4e+00]
Presolve removed 192 rows and 384 columns
Presolve time: 0.04s
Presolved: 1988 rows, 896 columns, 15472 nonzeros
Variable types: 0 continuous, 896 integer (704 binary)

Root relaxation: objective 3.818806e-01, 621 iterations, 0.01 seconds

    Nodes    |    Current Node    |     Objective Bounds      |     Work
 Expl Unexpl |  Obj  Depth IntInf | Incumbent    BestBd   Gap | It/Node Time

     0     0    0.38188    0   17          -    0.38188      -     -    0s
     0     0    0.42917    0   17          -    0.42917      -     -    0s
     0     0    0.44568    0   42          -    0.44568      -     -    0s
H    0     0                      62.0000000    0.44846  99.3%     -    0s
     0     0    0.45610    0   86   62.00000    0.45610  99.3%     -    0s
     0     0    1.27381    0   56   62.00000    1.27381  97.9%     -    0s
     0     0    2.00000    0   71   62.00000    2.00000  96.8%     -    0s
     0     0    2.00000    0  125   62.00000    2.00000  96.8%     -    0s
     0     0    2.00000    0   71   62.00000    2.00000  96.8%     -    0s
     0     0    2.00000    0   73   62.00000    2.00000  96.8%     -    0s
     0     0    2.00000    0   29   62.00000    2.00000  96.8%     -    0s
H    0     0                      60.0000000    2.00000  96.7%     -    0s
     0     0    2.00000    0  124   60.00000    2.00000  96.7%     -    0s
     0     0    2.00000    0   38   60.00000    2.00000  96.7%     -    0s
     0     0    2.00000    0  121   60.00000    2.00000  96.7%     -    0s
H    0     0                      56.0000000    2.00000  96.4%     -    0s
     0     0    2.00000    0  115   56.00000    2.00000  96.4%     -    0s
     0     0    2.00000    0  115   56.00000    2.00000  96.4%     -    0s
     0     2    2.00000    0  115   56.00000    2.00000  96.4%     -    0s
H  224   184                      52.0000000    2.00000  96.2%  26.9    0s
H 1820  1003                      44.0000000    2.00000  95.5%  25.6    2s
  9156  5050    9.32234   27   62   44.00000    3.71178  91.6%  21.6    5s
H14510  8010                      40.0000000    4.14788  89.6%  21.4    6s
H15043  8324                      38.0000000    4.17086  89.0%  21.5    8s
 22949 12739   16.60000   44   29   38.00000    4.74612  87.5%  21.0   10s
 29468 16092   22.30502   47   52   38.00000    5.02770  86.8%  20.6   15s
H29644 15373                      36.0000000    5.02770  86.0%  20.7   18s
 31040 15716   14.89265   41   39   36.00000    5.02770  86.0%  21.3   20s
H33238 15340                      34.0000000    5.02770  85.2%  21.9   22s
 36341 15919   11.14960   35   87   34.00000    5.15822  84.8%  22.7   25s
 40319 16244    7.01375   39   31   34.00000    5.73853  83.1%  23.4   30s
 45492 17057 infeasible   42        34.00000    6.20846  81.7%  24.2   35s
 48903 17333   29.80420   52   71   34.00000    6.56782  80.7%  24.8   40s
 55045 17977 infeasible   63        34.00000    6.88147  79.8%  25.2   45s
 59948 18279 infeasible   49        34.00000    7.04440  79.3%  25.6   50s
 65382 18753   21.12697   44   64   34.00000    7.32602  78.5%  26.0   55s
 71889 18995    9.45472   34   90   34.00000    7.64312  77.5%  26.3   60s
 77746 20861 infeasible   34        34.00000    7.84238  76.9%  26.5   65s
 82832 22849 infeasible   39        34.00000    8.00000  76.5%  26.8   70s
 88404 25047 infeasible   42        34.00000    8.05764  76.3%  27.1   75s
 94067 27176 infeasible   43        34.00000    8.25499  75.7%  27.3   80s
 99086 29237   20.02384   45   43   34.00000    8.46669  75.1%  27.7   85s
 105727 31001 infeasible   40        34.00000    8.65830  74.5%  27.8   90s
 109815 32058   18.39803   44   85   34.00000    8.74437  74.3%  28.1  101s
 112670 32954 infeasible   45        34.00000    8.81310  74.1%  28.4  105s
 117175 34206   12.56062   33   64   34.00000    8.91696  73.8%  28.7  110s
 121759 35450   16.93768   47   32   34.00000    8.99718  73.5%  29.1  115s
 126477 36670   18.59370   38   67   34.00000    9.09909  73.2%  29.4  120s
 131015 37900   17.70805   48   56   34.00000    9.18664  73.0%  29.8  125s
 135761 39227 infeasible   40        34.00000    9.28554  72.7%  30.2  130s
 140627 40168 infeasible   63        34.00000    9.41330  72.3%  30.5  135s
 145405 41506 infeasible   50        34.00000    9.50898  72.0%  30.8  140s
 149389 42419   17.08181   39   75   34.00000    9.60661  71.7%  31.0  145s
 155097 44223   12.28288   36   78   34.00000    9.69247  71.5%  31.0  150s
 159938 45636 infeasible   40        34.00000    9.77038  71.3%  31.1  155s
 165467 47658   19.25224   46   42   34.00000    9.85750  71.0%  31.2  160s
 171250 48938   14.21027   45  131   34.00000    9.92523  70.8%  31.2  165s
 176066 50481 infeasible   47        34.00000    9.99442  70.6%  31.3  170s
 182422 52936   13.13445   38   98   34.00000   10.00000  70.6%  31.3  175s
 187176 54446   25.87692   37   29   34.00000   10.00698  70.6%  31.5  180s
 192896 56199   14.02725   40  127   34.00000   10.08820  70.3%  31.5  185s
 197775 57585   12.57168   36   80   34.00000   10.17110  70.1%  31.7  190s
 203555 59001 infeasible   39        34.00000   10.25752  69.8%  31.7  195s
 208699 60250   18.91504   42   98   34.00000   10.32884  69.6%  31.8  200s
 214088 61787   22.42942   45  119   34.00000   10.39817  69.4%  31.8  205s
 219413 63126   11.25024   37   83   34.00000   10.47043  69.2%  31.9  210s
 224131 64476 infeasible   53        34.00000   10.53100  69.0%  31.9  215s
 229171 65873   17.73519   43  113   34.00000   10.61299  68.8%  32.1  220s
 235436 67520 infeasible   49        34.00000   10.68013  68.6%  32.0  225s
 240480 68934   15.44241   47   46   34.00000   10.71972  68.5%  32.0  230s
 245274 70015 infeasible   40        34.00000   10.76314  68.3%  32.2  235s
 250864 71602 infeasible   47        34.00000   10.79563  68.2%  32.2  240s
 256027 73442   17.58688   46   65   34.00000   10.84430  68.1%  32.3  245s
 260745 74178   15.86802   40   62   34.00000   10.89349  68.0%  32.3  250s
 266589 75732   12.34195   34  101   34.00000   10.94366  67.8%  32.3  255s
 268621 76037 infeasible   48        34.00000   10.95949  67.8%  32.4  262s
H268637 75722                      32.0000000   10.95949  65.8%  32.4  262s
 270745 76386 infeasible   34        32.00000   10.96914  65.7%  32.5  265s
 275448 77455 infeasible   42        32.00000   11.00466  65.6%  32.5  270s
 280540 78202 infeasible   61        32.00000   11.05444  65.5%  32.7  275s
 285360 79251 infeasible   40        32.00000   11.10998  65.3%  32.8  280s
 290128 80241     cutoff   50        32.00000   11.14378  65.2%  32.9  285s
 294816 81079   14.12314   38   99   32.00000   11.19378  65.0%  33.0  290s
 298782 81854   12.27780   39  119   32.00000   11.23172  64.9%  33.1  295s
 303586 82699   12.39434   31  173   32.00000   11.28057  64.7%  33.2  300s
 308265 83400 infeasible   41        32.00000   11.33078  64.6%  33.3  305s
 313039 84181   18.64964   42   86   32.00000   11.38339  64.4%  33.4  310s
 317826 85053   16.76879   45   97   32.00000   11.44350  64.2%  33.5  315s
 322637 86257 infeasible   39        32.00000   11.48207  64.1%  33.5  320s
 328350 87518   14.82210   41   97   32.00000   11.53624  63.9%  33.5  325s
 333458 88808   22.94650   56  102   32.00000   11.57580  63.8%  33.5  330s
 338860 90060 infeasible   40        32.00000   11.61792  63.7%  33.5  335s
 344280 91295 infeasible   44        32.00000   11.66092  63.6%  33.6  340s
 348899 92219 infeasible   53        32.00000   11.70159  63.4%  33.6  345s
 353214 93446   13.51367   37   49   32.00000   11.74007  63.3%  33.7  350s
 358763 94081   15.02828   55   84   32.00000   11.78705  63.2%  33.7  355s
 364523 95335   17.63948   46   50   32.00000   11.83101  63.0%  33.7  360s
 369723 96621   15.61297   37  142   32.00000   11.87091  62.9%  33.7  365s
 374583 97450   20.66360   42   59   32.00000   11.91170  62.8%  33.8  370s
 379624 98714   20.27606   46   76   32.00000   11.94298  62.7%  33.8  375s
 385495 100124   12.94057   43  105   32.00000   11.98112  62.6%  33.8  380s
 391048 101895   16.93639   48   29   32.00000   12.00000  62.5%  33.8  386s
 395906 103207 infeasible   59        32.00000   12.00000  62.5%  33.8  390s
 401207 104526   14.83487   37   53   32.00000   12.00000  62.5%  33.8  395s
 406321 105751 infeasible   45        32.00000   12.00827  62.5%  33.8  400s
 412110 107096   19.44071   43   92   32.00000   12.04641  62.4%  33.8  405s
 416983 107804 infeasible   43        32.00000   12.08548  62.2%  33.9  410s
 421567 108771   17.40397   42   75   32.00000   12.12039  62.1%  33.9  415s
 427346 109713 infeasible   44        32.00000   12.15899  62.0%  33.9  420s
 432050 110512 infeasible   47        32.00000   12.19230  61.9%  34.0  425s
 437863 111829   16.41742   40   92   32.00000   12.23558  61.8%  33.9  430s
 441888 112318   17.44286   37  108   32.00000   12.27606  61.6%  34.0  435s
 447461 113679 infeasible   39        32.00000   12.31183  61.5%  34.0  440s
 452291 114299   19.06378   48   88   32.00000   12.35410  61.4%  34.1  445s
 454262 114600 infeasible   53        32.00000   12.37034  61.3%  34.1  450s
 458843 115206 infeasible   37        32.00000   12.40713  61.2%  34.2  455s
 463626 115776   14.04279   38  171   32.00000   12.44989  61.1%  34.2  460s
 468283 116739 infeasible   42        32.00000   12.48478  61.0%  34.2  465s
 472881 117324 infeasible   55        32.00000   12.52424  60.9%  34.3  470s
 478506 118144   16.52119   39  102   32.00000   12.57978  60.7%  34.3  475s
 483396 119618   15.16861   43   84   32.00000   12.61299  60.6%  34.4  480s
 488473 119890 infeasible   42        32.00000   12.64753  60.5%  34.4  485s
 493188 120881 infeasible   56        32.00000   12.68514  60.4%  34.4  490s
 499179 122157   21.11833   54   68   32.00000   12.70637  60.3%  34.4  495s
 503946 123013 infeasible   41        32.00000   12.73466  60.2%  34.4  500s
 508710 123983 infeasible   41        32.00000   12.75225  60.1%  34.4  505s
 512960 124775   23.43585   44   82   32.00000   12.77390  60.1%  34.4  516s
 516116 125537   15.80342   38   40   32.00000   12.77710  60.1%  34.5  520s
 520661 126088   13.68793   43   82   32.00000   12.81168  60.0%  34.5  525s
 525562 126949   14.14218   53   39   32.00000   12.82850  59.9%  34.6  530s
 530166 127592 infeasible   46        32.00000   12.85739  59.8%  34.6  535s
 535014 128253 infeasible   44        32.00000   12.89441  59.7%  34.7  540s
 539708 128858   13.25098   44  149   32.00000   12.92809  59.6%  34.7  545s
 543522 129383   14.91457   40   48   32.00000   12.95468  59.5%  34.8  550s
 548587 130356 infeasible   40        32.00000   12.96995  59.5%  34.8  555s
 553744 131176 infeasible   49        32.00000   12.98624  59.4%  34.9  560s
 557902 131735 infeasible   44        32.00000   13.00595  59.4%  34.9  565s
 562766 132450 infeasible   46        32.00000   13.03273  59.3%  34.9  570s
 567489 133157 infeasible   47        32.00000   13.06250  59.2%  35.0  575s
 572331 133761 infeasible   56        32.00000   13.09413  59.1%  35.0  580s
 577316 134489   27.96915   51  121   32.00000   13.11896  59.0%  35.1  585s
 582040 135099   14.13971   44   67   32.00000   13.14250  58.9%  35.1  590s
 585989 135614 infeasible   51        32.00000   13.16861  58.8%  35.2  595s
 590861 136318   16.56105   43   97   32.00000   13.19812  58.8%  35.2  600s
 595680 136926   25.02127   50   49   32.00000   13.22379  58.7%  35.2  605s
 600462 137508 infeasible   41        32.00000   13.25637  58.6%  35.3  610s
 605257 138074   15.25640   34   88   32.00000   13.28261  58.5%  35.3  615s
 609281 138648 infeasible   49        32.00000   13.30528  58.4%  35.4  620s
 614413 139283 infeasible   44        32.00000   13.33926  58.3%  35.4  625s
 619367 140486   14.53207   44   92   32.00000   13.37028  58.2%  35.4  630s
 624742 140980   23.83855   65   68   32.00000   13.39550  58.1%  35.4  635s
 629165 141300   14.84122   41   90   32.00000   13.42720  58.0%  35.4  640s
 634742 142196 infeasible   54        32.00000   13.46232  57.9%  35.4  645s
 639880 143309 infeasible   45        32.00000   13.48488  57.9%  35.4  650s
 644489 144242   14.46221   43   94   32.00000   13.51249  57.8%  35.5  655s
 650146 144827   27.86881   46   94   32.00000   13.54366  57.7%  35.5  660s
 655237 145511   19.87161   47   77   32.00000   13.57345  57.6%  35.5  665s
 659649 146001   15.82035   40  112   32.00000   13.59799  57.5%  35.5  670s
 664566 146645 infeasible   44        32.00000   13.62626  57.4%  35.5  675s
 670259 147456   15.29436   41   82   32.00000   13.65331  57.3%  35.5  680s
 675029 148097   14.96914   41   42   32.00000   13.67736  57.3%  35.5  685s
 680358 148997   13.70370   44   17   32.00000   13.70370  57.2%  35.5  690s
 684569 149387 infeasible   46        32.00000   13.73031  57.1%  35.6  695s
 689086 149876   16.48890   42   76   32.00000   13.75223  57.0%  35.6  700s
 694606 150519 infeasible   48        32.00000   13.78182  56.9%  35.6  705s
 699466 150975 infeasible   41        32.00000   13.80948  56.8%  35.7  710s
 704376 151531 infeasible   45        32.00000   13.83648  56.8%  35.7  715s
 709278 152110   15.70738   44   79   32.00000   13.86597  56.7%  35.7  720s
 714223 153250   16.84922   51   89   32.00000   13.88848  56.6%  35.7  725s
 719932 153785   15.07162   43   59   32.00000   13.92023  56.5%  35.7  730s
 724744 154559 infeasible   48        32.00000   13.94137  56.4%  35.7  735s
 729628 155174 infeasible   36        32.00000   13.95973  56.4%  35.7  740s
 734477 155891   19.18571   45   92   32.00000   13.98399  56.3%  35.7  745s
 739939 157233   15.68511   50   45   32.00000   14.00000  56.3%  35.7  750s
 745529 158982   15.71348   37   51   32.00000   14.00000  56.3%  35.6  755s
 751061 160249   16.21043   41   52   32.00000   14.00000  56.3%  35.6  760s
 755308 161143   17.21483   45   87   32.00000   14.00000  56.3%  35.7  765s
 760626 162391   15.54384   39   49   32.00000   14.00000  56.3%  35.7  770s
 764796 163021   14.07304   39   39   32.00000   14.00000  56.2%  35.7  775s
 769455 163272   14.59873   41   73   32.00000   14.02390  56.2%  35.8  780s
 774409 163873   19.63591   50   61   32.00000   14.04593  56.1%  35.8  785s
 779505 164523 infeasible   36        32.00000   14.06831  56.0%  35.8  790s
 784424 165024 infeasible   42        32.00000   14.09434  56.0%  35.8  795s
 789393 165524 infeasible   41        32.00000   14.11910  55.9%  35.8  800s
 794680 166357   16.86898   42   64   32.00000   14.14422  55.8%  35.8  805s
 799069 166741   15.14845   39   87   32.00000   14.16699  55.7%  35.9  810s
 803590 167111   27.35226   47  186   32.00000   14.18956  55.7%  35.9  815s
 808373 167448 infeasible   42        32.00000   14.21497  55.6%  35.9  820s
 813456 168060   22.20852   56   54   32.00000   14.24629  55.5%  35.9  825s
 818028 168453   24.34001   50  240   32.00000   14.27122  55.4%  36.0  830s
 823073 168841   20.84765   49   79   32.00000   14.29752  55.3%  36.0  835s
 827643 169287   24.42894   49   99   32.00000   14.32531  55.2%  36.0  840s
 832689 169563 infeasible   53        32.00000   14.34927  55.2%  36.0  845s
 837715 170260 infeasible   39        32.00000   14.37509  55.1%  36.0  850s
 842995 170608 infeasible   43        32.00000   14.40582  55.0%  36.0  855s
 847730 171112   24.87873   47   82   32.00000   14.43460  54.9%  36.1  860s
 853015 171572   17.06431   41  152   32.00000   14.46312  54.8%  36.0  865s
 857450 171744   15.68673   39  133   32.00000   14.49028  54.7%  36.1  870s
 862302 171978 infeasible   50        32.00000   14.52210  54.6%  36.1  875s
 866300 172306   17.82034   38   88   32.00000   14.54811  54.5%  36.1  880s
 871455 172831   27.14894   50   56   32.00000   14.57836  54.4%  36.1  885s
 876771 173360   16.80459   48   52   32.00000   14.61046  54.3%  36.1  890s
 880570 173880   14.62484   40   85   32.00000   14.62298  54.3%  36.1  896s
 884049 174122   14.96914   40   36   32.00000   14.64165  54.2%  36.1  900s
 888771 174460   18.66460   48   52   32.00000   14.67212  54.1%  36.2  905s
 893369 175095 infeasible   39        32.00000   14.68514  54.1%  36.2  910s
 898273 175552 infeasible   49        32.00000   14.70051  54.1%  36.2  915s
 902936 175784 infeasible   39        32.00000   14.72634  54.0%  36.2  920s
 908368 176688   18.74358   40   79   32.00000   14.74051  53.9%  36.2  925s
 912144 176886   14.82391   38  102   32.00000   14.75831  53.9%  36.3  941s
 915459 177401 infeasible   51        32.00000   14.77390  53.8%  36.3  945s
 919616 177813 infeasible   43        32.00000   14.77437  53.8%  36.3  950s
 924748 178150 infeasible   44        32.00000   14.79773  53.8%  36.3  955s
 929872 178633   18.95812   37   82   32.00000   14.82036  53.7%  36.4  960s
 934109 179064   26.02060   42   98   32.00000   14.83243  53.6%  36.4  965s
 939192 179652   18.85428   45   41   32.00000   14.85428  53.6%  36.4  970s
 944198 180111   15.52966   36  135   32.00000   14.87756  53.5%  36.4  975s
 948954 180377   26.36782   42   50   32.00000   14.90180  53.4%  36.4  980s
 953761 180809 infeasible   47        32.00000   14.92175  53.4%  36.4  985s
 957731 181149   21.13725   44   36   32.00000   14.93725  53.3%  36.5  990s
 962687 181662   18.00000   36   32   32.00000   14.95926  53.3%  36.5  995s
 967237 182385   15.70521   40  104   32.00000   14.96914  53.2%  36.5 1000s
 972377 183197   19.12099   42   47   32.00000   14.97881  53.2%  36.5 1005s
 976847 183788   23.02649   48   95   32.00000   14.98604  53.2%  36.5 1010s
 981954 184442   21.66356   45   73   32.00000   15.00252  53.1%  36.5 1015s
 986797 184888   18.50746   41   72   32.00000   15.01912  53.1%  36.6 1020s
 991507 185420 infeasible   48        32.00000   15.03748  53.0%  36.6 1025s
 996360 185951     cutoff   45        32.00000   15.05750  52.9%  36.6 1030s
 1001187 186247   22.56291   52   56   32.00000   15.07988  52.9%  36.6 1035s
 1006292 186697 infeasible   41        32.00000   15.10080  52.8%  36.6 1040s
 1010434 187090 infeasible   45        32.00000   15.11612  52.8%  36.6 1045s
 1015220 187512   28.87448   39   75   32.00000   15.13629  52.7%  36.7 1050s
 1020362 187954 infeasible   39        32.00000   15.15215  52.6%  36.7 1055s
 1025242 188366   16.00000   42   27   32.00000   15.17386  52.6%  36.7 1060s
 1030112 188699   19.97390   45   40   32.00000   15.19732  52.5%  36.7 1065s
 1034334 189048   26.46583   58   60   32.00000   15.20969  52.5%  36.7 1070s
 1039170 189456   22.35417   52   42   32.00000   15.22825  52.4%  36.7 1075s
 1043910 189656   28.69083   65  121   32.00000   15.25309  52.3%  36.8 1080s
 1048798 190094   19.88925   59   47   32.00000   15.27471  52.3%  36.8 1085s
 1052968 190340   16.62614   45   68   32.00000   15.29058  52.2%  36.8 1090s
 1057957 190814   15.31985   50   65   32.00000   15.30769  52.2%  36.8 1095s
 1062677 191061   18.84231   53   61   32.00000   15.33122  52.1%  36.8 1100s
 1067708 191391 infeasible   52        32.00000   15.35381  52.0%  36.8 1105s
 1072646 191772 infeasible   44        32.00000   15.37446  52.0%  36.9 1110s
 1076625 192033   22.51539   49   48   32.00000   15.39241  51.9%  36.9 1115s
 1081495 192225   17.94037   46  141   32.00000   15.41569  51.8%  36.9 1120s
 1086314 192530 infeasible   51        32.00000   15.43815  51.8%  36.9 1125s
 1091222 192802   20.64835   42   89   32.00000   15.46201  51.7%  36.9 1130s
 1096146 193070   25.42266   56   63   32.00000   15.48412  51.6%  36.9 1135s
 1100362 193265   16.17059   40   97   32.00000   15.50347  51.6%  36.9 1140s
 1105297 193441   20.46789   47   76   32.00000   15.52227  51.5%  37.0 1145s
 1110253 193867 infeasible   46        32.00000   15.54781  51.4%  37.0 1150s
 1115117 193984 infeasible   45        32.00000   15.56705  51.4%  37.0 1155s
 1119770 194205   16.24079   47  106   32.00000   15.58818  51.3%  37.0 1160s
 1123844 194336   19.99639   44  138   32.00000   15.60594  51.2%  37.0 1165s
 1128851 194859   15.63722   43   74   32.00000   15.62819  51.2%  37.0 1170s
 1133873 195070   18.49028   45   91   32.00000   15.64768  51.1%  37.1 1175s
 1137952 195324 infeasible   54        32.00000   15.66360  51.1%  37.1 1180s
 1142660 195385   16.92092   50   30   32.00000   15.68717  51.0%  37.1 1185s
 1147523 195619 infeasible   40        32.00000   15.70962  50.9%  37.1 1190s
 1152680 195916   17.81403   45   53   32.00000   15.73339  50.8%  37.1 1195s
 1156720 196170 infeasible   45        32.00000   15.74837  50.8%  37.1 1200s
 1161735 196407 infeasible   49        32.00000   15.76873  50.7%  37.1 1205s
 1166448 196432 infeasible   51        32.00000   15.79111  50.7%  37.2 1210s
 1170833 196789 infeasible   46        32.00000   15.80988  50.6%  37.2 1215s
 1175769 197035 infeasible   43        32.00000   15.83170  50.5%  37.2 1220s
 1180586 197170   20.98604   46   56   32.00000   15.85521  50.5%  37.2 1225s
 1185340 197322 infeasible   49        32.00000   15.87910  50.4%  37.2 1230s
 1190350 197519 infeasible   48        32.00000   15.90222  50.3%  37.2 1235s
 1194322 197581   16.77987   43  100   32.00000   15.92151  50.2%  37.2 1240s
 1199411 197872   27.54227   48   83   32.00000   15.94189  50.2%  37.3 1245s
 1204661 198332   21.72414   46   42   32.00000   15.95868  50.1%  37.3 1250s
 1209428 198532   21.25758   45   64   32.00000   15.97720  50.1%  37.3 1255s
 1214373 199241 infeasible   45        32.00000   15.99920  50.0%  37.3 1261s
 1219801 200361 infeasible   59        32.00000   16.00000  50.0%  37.3 1265s
 1224581 201243   18.90025   46   55   32.00000   16.00000  50.0%  37.3 1270s
 1229226 202262 infeasible   46        32.00000   16.00000  50.0%  37.3 1275s
 1233990 203192 infeasible   59        32.00000   16.00000  50.0%  37.3 1280s
 1239851 204230 infeasible   39        32.00000   16.00000  50.0%  37.3 1285s
 1244433 205176   27.28542   46  108   32.00000   16.00000  50.0%  37.3 1290s
 1248930 205953   27.91650   59   87   32.00000   16.00000  50.0%  37.3 1295s
 1254106 206410 infeasible   52        32.00000   16.00773  50.0%  37.3 1300s
 1258166 206658   26.11448   55   89   32.00000   16.02690  49.9%  37.3 1305s
 1263284 206824   22.68398   45   84   32.00000   16.04622  49.9%  37.3 1310s
 1268153 206940   23.66953   54   40   32.00000   16.06689  49.8%  37.3 1315s
 1273139 207052   17.42186   44   67   32.00000   16.08878  49.7%  37.3 1320s
 1277241 207133   20.35580   40  124   32.00000   16.10776  49.7%  37.3 1325s
 1282241 207362 infeasible   51        32.00000   16.12914  49.6%  37.4 1330s
 1286994 207425 infeasible   49        32.00000   16.15018  49.5%  37.4 1335s
 1291935 207425   19.40476   47   51   32.00000   16.17204  49.5%  37.4 1340s
 1296817 207552 infeasible   45        32.00000   16.19412  49.4%  37.4 1345s
 1300797 207717 infeasible   47        32.00000   16.21243  49.3%  37.4 1350s
 1305805 207816 infeasible   46        32.00000   16.23621  49.3%  37.4 1355s
 1310600 207723   23.87396   49  105   32.00000   16.26099  49.2%  37.4 1360s
 1312780 207813 infeasible   36        32.00000   16.27155  49.2%  37.4 1365s
 1317213 208038 infeasible   46        32.00000   16.28422  49.1%  37.5 1370s
 1322174 208011     cutoff   58        32.00000   16.30962  49.0%  37.5 1375s
 1326301 208010 infeasible   46        32.00000   16.32910  49.0%  37.5 1380s
 1331401 208248   21.22898   47   67   32.00000   16.35200  48.9%  37.5 1385s
 1336407 208433 infeasible   46        32.00000   16.37421  48.8%  37.5 1390s
 1341307 208514 infeasible   64        32.00000   16.39780  48.8%  37.5 1395s
 1345537 208594   20.40624   54   76   32.00000   16.41561  48.7%  37.5 1400s
 1350322 208608 infeasible   44        32.00000   16.43730  48.6%  37.5 1405s
 1355172 208635 infeasible   45        32.00000   16.46132  48.6%  37.5 1410s
 1360003 208737   19.78194   50  102   32.00000   16.48422  48.5%  37.6 1415s
 1360863 208738 infeasible   42        32.00000   16.49045  48.5%  37.6 1425s
 1366106 208759 infeasible   40        32.00000   16.51665  48.4%  37.6 1430s
 1370510 208612 infeasible   52        32.00000   16.53881  48.3%  37.6 1435s
 1375777 208623   20.47477   50   82   32.00000   16.56591  48.2%  37.6 1440s
 1380015 208566   20.15832   39  112   32.00000   16.58917  48.2%  37.6 1445s
 1384886 208632 infeasible   44        32.00000   16.61299  48.1%  37.6 1450s
 1389097 208737     cutoff   56        32.00000   16.63133  48.0%  37.6 1455s
 1394210 208738   18.81693   45   68   32.00000   16.65527  48.0%  37.6 1460s
 1399196 208742 infeasible   45        32.00000   16.67986  47.9%  37.6 1465s
 1404074 209295 infeasible   52        32.00000   16.68594  47.9%  37.6 1470s
 1408949 209273 infeasible   53        32.00000   16.70834  47.8%  37.7 1475s
 1413099 209279   23.22206   47   76   32.00000   16.73078  47.7%  37.7 1480s
 1418392 209679   23.40611   41   62   32.00000   16.74158  47.7%  37.7 1485s
 1422607 209898   21.64104   46  101   32.00000   16.75372  47.6%  37.7 1490s
 1427464 210057   19.78044   49   59   32.00000   16.77390  47.6%  37.7 1495s
 1431903 210439 infeasible   46        32.00000   16.77390  47.6%  37.7 1500s
 1436981 210542   19.78847   42   85   32.00000   16.79085  47.5%  37.7 1505s
 1442007 210805   17.26915   37   83   32.00000   16.81127  47.5%  37.7 1510s
 1446303 211073   26.81168   46   48   32.00000   16.82384  47.4%  37.7 1515s
 1451542 211264   20.09537   43   77   32.00000   16.83622  47.4%  37.7 1520s
 1456574 211461     cutoff   56        32.00000   16.85428  47.3%  37.8 1525s
 1461444 211487 infeasible   51        32.00000   16.87643  47.3%  37.8 1530s
 1466339 211674   27.99440   56  129   32.00000   16.89689  47.2%  37.8 1535s
 1471259 211677 infeasible   42        32.00000   16.91618  47.1%  37.8 1540s
 1475346 211760   17.54955   50   49   32.00000   16.93286  47.1%  37.8 1545s
 1480315 211763   17.01404   36   33   32.00000   16.95368  47.0%  37.8 1550s
 1485572 212266 infeasible   63        32.00000   16.96601  47.0%  37.8 1555s
 1490902 212873   19.28205   61   29   32.00000   16.96923  47.0%  37.8 1560s
 1495241 213266 infeasible   54        32.00000   16.97881  46.9%  37.8 1565s
 1500289 213793   24.58817   41   45   32.00000   16.98348  46.9%  37.8 1570s
 1505323 214127   20.00000   51   30   32.00000   16.99558  46.9%  37.8 1575s
 1510467 214396 infeasible   60        32.00000   17.00838  46.8%  37.8 1580s
 1515330 214691   27.51548   68   62   32.00000   17.02290  46.8%  37.8 1585s
 1520350 214970   23.74842   50   77   32.00000   17.03928  46.8%  37.8 1590s
 1525338 215250 infeasible   41        32.00000   17.05467  46.7%  37.8 1595s
 1530256 215408 infeasible   50        32.00000   17.07243  46.6%  37.8 1600s
 1535023 215406 infeasible   58        32.00000   17.09412  46.6%  37.8 1605s
 1536825 215378   24.00000   46   22   32.00000   17.09878  46.6%  37.8 1617s
 1539297 215556   18.93732   52   84   32.00000   17.10571  46.5%  37.8 1620s
 1543333 215665   20.83209   46   84   32.00000   17.11806  46.5%  37.8 1625s
 1548582 215996 infeasible   41        32.00000   17.13725  46.4%  37.8 1630s
 1553920 216178   28.75063   53   72   32.00000   17.14783  46.4%  37.8 1635s
 1558064 216268   19.21788   51   47   32.00000   17.16242  46.4%  37.8 1640s
 1563046 216521   20.77390   52   19   32.00000   17.17611  46.3%  37.8 1645s
 1567375 216686 infeasible   44        32.00000   17.19328  46.3%  37.8 1650s
 1572749 216992   19.54244   45   47   32.00000   17.20588  46.2%  37.8 1659s
 1573028 216954   17.51753   50  127   32.00000   17.20637  46.2%  37.8 1660s
 1578186 217143   27.17056   55   37   32.00000   17.22627  46.2%  37.8 1665s
 1582418 217179 infeasible   48        32.00000   17.24352  46.1%  37.8 1670s
 1587450 217375   19.78082   57   64   32.00000   17.26462  46.0%  37.8 1675s
 1592746 217519   17.30562   41   69   32.00000   17.28102  46.0%  37.8 1680s
 1597905 217988   26.58579   63   45   32.00000   17.29412  46.0%  37.8 1685s
 1602820 217971   19.23260   42  101   32.00000   17.30996  45.9%  37.8 1690s
 1607681 217942 infeasible   50        32.00000   17.32956  45.8%  37.9 1695s
 1612727 217966 infeasible   46        32.00000   17.35043  45.8%  37.9 1700s
 1617484 217968   18.88839   50   76   32.00000   17.37028  45.7%  37.9 1705s
 1621708 217897 infeasible   47        32.00000   17.38550  45.7%  37.9 1710s
 1626603 217816   24.96914   58   54   32.00000   17.40834  45.6%  37.9 1715s
 1631660 217822   17.53558   42   99   32.00000   17.42918  45.5%  37.9 1720s
 1636601 217759   22.41814   49   82   32.00000   17.45251  45.5%  37.9 1725s
 1641732 217803   17.59111   41  109   32.00000   17.47177  45.4%  37.9 1730s
 1646628 217767 infeasible   45        32.00000   17.49613  45.3%  37.9 1735s
 1650888 217716   27.46744   49  183   32.00000   17.51432  45.3%  37.9 1740s
 1655792 217759 infeasible   53        32.00000   17.53682  45.2%  37.9 1745s
 1660876 217870   19.42316   46   64   32.00000   17.55268  45.1%  37.9 1750s
 1665590 217761   19.56514   44   93   32.00000   17.57854  45.1%  37.9 1755s
 1670637 217834 infeasible   47        32.00000   17.59887  45.0%  37.9 1760s
 1674940 217788 infeasible   54        32.00000   17.61478  45.0%  37.9 1765s
 1679978 217969 infeasible   51        32.00000   17.63397  44.9%  37.9 1770s
 1685116 218054   19.81808   39   42   32.00000   17.65208  44.8%  37.9 1775s
 1690047 218081 infeasible   51        32.00000   17.66953  44.8%  37.9 1780s
 1695157 218006   19.77370   44   96   32.00000   17.69091  44.7%  37.9 1785s
 1700046 217960   17.71858   46   43   32.00000   17.71340  44.6%  38.0 1790s
 1704956 217980 infeasible   52        32.00000   17.73339  44.6%  38.0 1795s
 1707350 218010 infeasible   45        32.00000   17.74304  44.6%  38.0 1804s
 1707434 218016   18.56689   48   63   32.00000   17.74304  44.6%  38.0 1805s
 1712462 218119   17.80640   45   49   32.00000   17.75939  44.5%  38.0 1810s
 1717608 217977   18.04515   47   51   32.00000   17.78093  44.4%  38.0 1815s
 1721909 218128   26.28866   57  162   32.00000   17.79693  44.4%  38.0 1820s
 1727089 218083 infeasible   44        32.00000   17.81434  44.3%  38.0 1825s
 1732116 218009 infeasible   46        32.00000   17.83714  44.3%  38.0 1830s
 1737073 217924 infeasible   42        32.00000   17.86047  44.2%  38.0 1835s
 1741933 217938 infeasible   47        32.00000   17.88027  44.1%  38.0 1840s
 1746947 217880   24.88927   48   87   32.00000   17.89980  44.1%  38.0 1845s
 1750988 217748   20.20935   47  121   32.00000   17.91780  44.0%  38.0 1850s
 1756082 217749   19.73156   62   68   32.00000   17.93664  43.9%  38.0 1855s
 1761242 217763   19.84615   47   93   32.00000   17.95430  43.9%  38.0 1860s
 1765867 217813 infeasible   48        32.00000   17.96698  43.9%  38.0 1865s
 1770995 217977 infeasible   53        32.00000   17.98277  43.8%  38.0 1870s
 1775957 218386   27.82626   62   38   32.00000   18.00000  43.8%  38.0 1875s
 1781389 219468   26.05714   47   79   32.00000   18.00000  43.8%  38.0 1880s
 1787696 220732 infeasible   61        32.00000   18.00000  43.8%  38.0 1885s
 1792516 221480 infeasible   63        32.00000   18.00000  43.8%  37.9 1890s
 1798544 222504 infeasible   48        32.00000   18.00000  43.8%  37.9 1895s
 1803230 223254     cutoff   58        32.00000   18.00000  43.8%  37.9 1900s
 1809105 224351   20.00000   62   33   32.00000   18.00000  43.8%  37.9 1905s
 1813737 225235   25.77236   57   66   32.00000   18.00000  43.8%  37.9 1910s
 1819550 226362   23.78706   49  115   32.00000   18.00000  43.8%  37.9 1915s
 1824278 227106 infeasible   64        32.00000   18.00000  43.8%  37.9 1920s
 1829640 227747 infeasible   42        32.00000   18.00000  43.8%  37.9 1925s
 1834425 227749   18.91955   52  112   32.00000   18.01315  43.7%  37.9 1930s
 1839290 227822   20.97881   44   77   32.00000   18.02967  43.7%  37.9 1935s
 1843933 227692 infeasible   47        32.00000   18.04865  43.6%  37.9 1940s
 1849075 227843   20.10908   47  150   32.00000   18.06441  43.5%  37.9 1945s
 1854019 227835 infeasible   59        32.00000   18.08252  43.5%  37.9 1950s
 1858839 227772   18.49392   37   79   32.00000   18.10154  43.4%  37.9 1955s
 1863186 227854 infeasible   43        32.00000   18.11607  43.4%  37.9 1960s
 1868417 227862 infeasible   49        32.00000   18.13590  43.3%  37.9 1965s
 1873462 227743   23.91956   44   93   32.00000   18.15639  43.3%  37.9 1970s
 1878481 227750 infeasible   45        32.00000   18.17835  43.2%  37.9 1975s
 1882788 227775 infeasible   46        32.00000   18.19211  43.1%  37.9 1980s
 1887810 227618   24.66301   45   75   32.00000   18.21684  43.1%  37.9 1985s
 1892836 227568   24.17216   52  101   32.00000   18.23783  43.0%  37.9 1990s
 1897853 227497 infeasible   49        32.00000   18.25913  42.9%  37.9 1995s
 1902897 227531 infeasible   46        32.00000   18.27552  42.9%  37.9 2000s
 1907893 227411 infeasible   47        32.00000   18.30000  42.8%  37.9 2005s
 1912744 227248 infeasible   47        32.00000   18.31961  42.8%  37.9 2010s
 1917803 227282 infeasible   49        32.00000   18.33704  42.7%  37.9 2015s
 1922880 227171 infeasible   53        32.00000   18.35805  42.6%  37.9 2020s
 1927724 226999   21.26975   53   52   32.00000   18.38019  42.6%  37.9 2025s
 1932842 226933   23.73521   46  134   32.00000   18.40348  42.5%  37.9 2030s
 1937715 226846 infeasible   48        32.00000   18.42692  42.4%  37.9 2035s
 1942735 226617   18.87846   47   91   32.00000   18.45197  42.3%  37.9 2040s
 1947635 226425 infeasible   50        32.00000   18.47584  42.3%  37.9 2045s
 1952566 226335   24.31315   46   39   32.00000   18.50030  42.2%  37.9 2050s
 1957624 226227 infeasible   47        32.00000   18.52406  42.1%  37.9 2055s
 1962498 225963 infeasible   46        32.00000   18.55109  42.0%  37.9 2060s
 1967424 225867 infeasible   52        32.00000   18.57143  42.0%  37.9 2065s
 1972287 225512   22.32868   52  112   32.00000   18.59895  41.9%  37.9 2070s
 1977361 225522   20.67006   40  110   32.00000   18.61664  41.8%  37.9 2075s
 1982393 225533   22.00000   50   26   32.00000   18.63501  41.8%  37.9 2080s
 1987373 225265     cutoff   51        32.00000   18.65753  41.7%  37.9 2085s
 1992296 225208 infeasible   46        32.00000   18.68217  41.6%  38.0 2090s
 1997438 225578 infeasible   51        32.00000   18.69006  41.6%  37.9 2095s
 2002612 225677   25.17056   57   42   32.00000   18.70780  41.5%  37.9 2100s
 2007603 225600   27.20917   51   64   32.00000   18.72787  41.5%  37.9 2105s
 2012985 225970   19.07317   48   29   32.00000   18.73990  41.4%  37.9 2110s
 2018131 225971   22.69940   49   89   32.00000   18.75312  41.4%  37.9 2115s
 2022998 226036     cutoff   53        32.00000   18.76882  41.3%  37.9 2120s
 2028611 226509   27.26891   58   93   32.00000   18.77390  41.3%  37.9 2125s
 2033010 226652   18.98909   41   56   32.00000   18.78276  41.3%  37.9 2130s
 2038060 226644   27.26898   52  114   32.00000   18.80006  41.2%  37.9 2141s
 2041319 226781 infeasible   51        32.00000   18.81168  41.2%  37.9 2145s
 2046005 226950   27.79917   58   71   32.00000   18.82318  41.2%  37.9 2150s
 2051810 227096 infeasible   50        32.00000   18.83333  41.1%  37.9 2155s
 2056919 227147     cutoff   53        32.00000   18.85296  41.1%  37.9 2160s
 2061349 227120   24.45641   47   59   32.00000   18.86502  41.0%  37.9 2165s
 2066433 227059   20.00000   43   24   32.00000   18.88275  41.0%  37.9 2170s
 2071709 227162   21.48488   48   43   32.00000   18.90084  40.9%  37.9 2175s
 2076874 227147   20.02570   42   66   32.00000   18.91874  40.9%  37.9 2180s
 2081968 227172   21.76530   48   88   32.00000   18.93737  40.8%  37.9 2185s
 2087742 227374 infeasible   47        32.00000   18.95812  40.8%  37.9 2190s
 2092804 227730 infeasible   57        32.00000   18.96316  40.7%  37.9 2195s
 2098157 228175   18.98604   46   50   32.00000   18.96914  40.7%  37.9 2200s
 2102897 228380   23.21378   51   61   32.00000   18.97505  40.7%  37.9 2205s
 2108813 228927   19.74760   55   61   32.00000   18.97881  40.7%  37.9 2210s
 2113318 229164   21.36434   53   50   32.00000   18.98604  40.7%  37.9 2215s
 2118619 229465   28.98604   62   73   32.00000   18.99553  40.6%  37.9 2220s
 2125093 229881   23.37506   48   48   32.00000   19.00552  40.6%  37.9 2225s
 2129821 230012   20.73153   55   83   32.00000   19.01907  40.6%  37.9 2230s
 2135215 230185 infeasible   64        32.00000   19.03099  40.5%  37.8 2235s
 2140317 230467   20.89197   53   60   32.00000   19.04588  40.5%  37.8 2240s
 2145248 230520 infeasible   46        32.00000   19.06296  40.4%  37.8 2245s
 2150440 230636   27.03520   54  162   32.00000   19.07753  40.4%  37.8 2250s
 2155416 230630   21.28567   54   79   32.00000   19.09585  40.3%  37.8 2255s
 2160651 230790 infeasible   48        32.00000   19.10852  40.3%  37.8 2260s
 2165753 230902   20.68369   47   96   32.00000   19.12270  40.2%  37.8 2265s
 2171397 231230   21.49904   41   67   32.00000   19.13725  40.2%  37.8 2270s
 2176087 231321 infeasible   53        32.00000   19.14555  40.2%  37.8 2275s
 2181091 231341   25.71104   53  127   32.00000   19.15971  40.1%  37.8 2280s
 2186524 231679   25.60891   48  132   32.00000   19.17274  40.1%  37.8 2285s
 2188108 231740 infeasible   51        32.00000   19.17747  40.1%  37.8 2293s
 2189306 231694   23.11132   53   51   32.00000   19.18112  40.1%  37.8 2295s
 2194705 231922 infeasible   47        32.00000   19.20000  40.0%  37.8 2300s
 2200422 232094 infeasible   46        32.00000   19.20897  40.0%  37.8 2305s
 2205485 232084   22.96914   47   46   32.00000   19.22776  39.9%  37.8 2310s
 2210663 232250 infeasible   42        32.00000   19.24462  39.9%  37.8 2315s
 2215772 232211   26.75460   55  135   32.00000   19.26408  39.8%  37.8 2320s
 2221127 232344 infeasible   60        32.00000   19.27999  39.8%  37.8 2325s
 2226316 232745 infeasible   52        32.00000   19.29412  39.7%  37.7 2330s
 2231693 232903   27.73134   62   39   32.00000   19.30505  39.7%  37.7 2335s
 2236407 232877 infeasible   42        32.00000   19.32313  39.6%  37.7 2340s
 2241521 232848     cutoff   53        32.00000   19.34265  39.6%  37.7 2345s
 2246622 232898   19.39648   50   61   32.00000   19.35787  39.5%  37.7 2350s
 2251822 232794   20.49843   48   82   32.00000   19.37302  39.5%  37.7 2355s
 2256837 232703   25.55144   59   95   32.00000   19.39324  39.4%  37.7 2360s
 2261835 232502   26.62770   54  161   32.00000   19.41507  39.3%  37.7 2365s
 2267829 232394 infeasible   54        32.00000   19.43842  39.3%  37.7 2370s
 2272861 232417     cutoff   56        32.00000   19.45880  39.2%  37.7 2375s
 2278038 232385   28.73184   59   70   32.00000   19.47575  39.1%  37.7 2380s
 2283025 232147 infeasible   48        32.00000   19.50000  39.1%  37.7 2385s
 2288123 231961   19.52907   57   54   32.00000   19.51964  39.0%  37.7 2390s
 2293249 231827 infeasible   51        32.00000   19.54165  38.9%  37.7 2395s
 2298459 231852 infeasible   53        32.00000   19.55850  38.9%  37.7 2400s
 2304473 231699   19.63243   46   64   32.00000   19.58153  38.8%  37.7 2405s
 2309389 231606 infeasible   45        32.00000   19.59973  38.8%  37.7 2410s
 2314494 231640 infeasible   47        32.00000   19.61658  38.7%  37.7 2415s
 2319787 231688   28.00000   57   55   32.00000   19.63552  38.6%  37.7 2420s
 2325485 231485   20.01315   47   72   32.00000   19.65428  38.6%  37.7 2425s
 2330727 231665   22.82036   48   67   32.00000   19.66951  38.5%  37.7 2430s
 2335745 231583   20.94673   46   93   32.00000   19.68737  38.5%  37.7 2435s
 2340707 231431 infeasible   47        32.00000   19.70852  38.4%  37.7 2440s
 2345795 231320   28.56557   54  158   32.00000   19.72423  38.4%  37.6 2445s
 2351683 231287 infeasible   48        32.00000   19.74620  38.3%  37.6 2450s
 2356508 231193   26.27817   47  130   32.00000   19.76181  38.2%  37.6 2455s
 2361649 231105   25.57558   48   48   32.00000   19.78160  38.2%  37.6 2460s
 2366785 231246   22.00000   44   15   32.00000   19.79954  38.1%  37.6 2465s
 2371980 230998   23.56348   51  115   32.00000   19.81632  38.1%  37.6 2470s
 2377033 230943   26.57208   56   94   32.00000   19.83544  38.0%  37.6 2475s
 2382234 230848   23.65428   57   37   32.00000   19.85745  37.9%  37.6 2480s
 2388113 230776   20.18222   47  106   32.00000   19.87915  37.9%  37.6 2485s
 2393175 230649   26.00000   68   18   32.00000   19.89722  37.8%  37.6 2490s
 2398213 230504   20.39609   44   79   32.00000   19.91886  37.8%  37.6 2495s
 2403429 230403   26.55258   51   76   32.00000   19.93641  37.7%  37.6 2500s
 2408589 230382 infeasible   44        32.00000   19.95259  37.6%  37.6 2505s
 2413826 230346   22.02676   51   75   32.00000   19.96653  37.6%  37.6 2510s
 2419070 230288   26.58034   54   86   32.00000   19.97970  37.6%  37.6 2515s
 2425055 230743   20.96420   50   94   32.00000   19.99928  37.5%  37.6 2520s
 2430562 231815 infeasible   53        32.00000   20.00000  37.5%  37.5 2525s
 2436978 232947     cutoff   60        32.00000   20.00000  37.5%  37.5 2530s
 2443166 234187   22.77390   44   34   32.00000   20.00000  37.5%  37.5 2535s
 2446773 234690   21.99841   51   43   32.00000   20.00000  37.5%  37.5 2540s
 2452347 235689   28.56516   54   47   32.00000   20.00000  37.5%  37.5 2545s
 2458412 236684 infeasible   57        32.00000   20.00000  37.5%  37.4 2550s
 2464487 237633   22.00000   57   25   32.00000   20.00000  37.5%  37.4 2555s
 2470568 238576     cutoff   68        32.00000   20.00000  37.5%  37.4 2560s
 2476326 239411 infeasible   57        32.00000   20.00000  37.5%  37.4 2565s
 2482152 240370 infeasible   49        32.00000   20.00000  37.5%  37.4 2570s
 2488091 241160   21.38699   59   47   32.00000   20.00000  37.5%  37.4 2575s
 2492867 241879   21.34460   61   49   32.00000   20.00000  37.5%  37.4 2580s
 2498600 242636   27.66395   52   57   32.00000   20.00000  37.5%  37.4 2585s
 2504035 243058   20.96914   50   62   32.00000   20.00000  37.5%  37.3 2590s
 2505726 243015   23.76137   50  118   32.00000   20.00384  37.5%  37.3 2596s
 2510163 243006   21.30027   59   65   32.00000   20.01639  37.4%  37.3 2600s
 2515350 242909   20.86370   54   72   32.00000   20.03309  37.4%  37.3 2605s
 2520332 242720 infeasible   53        32.00000   20.04990  37.3%  37.3 2610s
 2525515 242675   27.66925   55  159   32.00000   20.06558  37.3%  37.3 2615s
 2530779 242578     cutoff   59        32.00000   20.08200  37.2%  37.3 2620s
 2536551 242443 infeasible   63        32.00000   20.10302  37.2%  37.3 2625s
 2541575 242416   26.95949   52   34   32.00000   20.11998  37.1%  37.3 2630s
 2546635 242179     cutoff   57        32.00000   20.13931  37.1%  37.3 2635s
 2551667 241842   25.24040   51   58   32.00000   20.15986  37.0%  37.3 2640s
 2557583 241745   26.43635   52  136   32.00000   20.18211  36.9%  37.3 2645s
 2562857 241691   26.00000   58   37   32.00000   20.19975  36.9%  37.3 2650s
 2567907 241493 infeasible   56        32.00000   20.21755  36.8%  37.3 2655s
 2572994 241342   26.26063   51   49   32.00000   20.23635  36.8%  37.3 2660s
 2577921 241130   24.97161   51  155   32.00000   20.25575  36.7%  37.3 2665s
 2583932 240964   27.93354   60   55   32.00000   20.27552  36.6%  37.3 2670s
 2589105 240977   24.37897   64   70   32.00000   20.29386  36.6%  37.3 2675s
 2594370 240846 infeasible   59        32.00000   20.31361  36.5%  37.2 2680s
 2599486 240785   20.95189   50   63   32.00000   20.32951  36.5%  37.2 2685s
 2604567 240679 infeasible   53        32.00000   20.34909  36.4%  37.2 2690s
 2610559 240318   26.34094   52  120   32.00000   20.37449  36.3%  37.2 2695s
 2615500 240058 infeasible   45        32.00000   20.39656  36.3%  37.2 2700s
 2621412 239799 infeasible   44        32.00000   20.41922  36.2%  37.2 2705s
 2626421 239677   27.54095   57   91   32.00000   20.44106  36.1%  37.2 2710s
 2631367 239393 infeasible   54        32.00000   20.46100  36.1%  37.2 2715s
 2637372 239073   26.82897   51  116   32.00000   20.48693  36.0%  37.2 2720s
 2642502 238909 infeasible   42        32.00000   20.50898  35.9%  37.2 2725s
 2648339 238608     cutoff   59        32.00000   20.53538  35.8%  37.2 2730s
 2653282 238344   27.73669   52   78   32.00000   20.56075  35.7%  37.2 2735s
 2659174 238014   22.58604   53   21   32.00000   20.58618  35.7%  37.2 2740s
 2664377 237945   26.73628   61   86   32.00000   20.60654  35.6%  37.2 2745s
 2669559 237826     cutoff   54        32.00000   20.62282  35.6%  37.2 2750s
 2675543 237649   22.49863   57   73   32.00000   20.64273  35.5%  37.2 2755s
 2680541 237390   22.94745   57   91   32.00000   20.66608  35.4%  37.1 2760s
 2686197 237550   23.23364   55   63   32.00000   20.68514  35.4%  37.1 2765s
 2691868 237580   22.44570   48   78   32.00000   20.69471  35.3%  37.1 2770s
 2696966 237665 infeasible   53        32.00000   20.71260  35.3%  37.1 2775s
 2702824 237774 infeasible   44        32.00000   20.73466  35.2%  37.1 2780s
 2708412 237927   21.26499   46   91   32.00000   20.74306  35.2%  37.1 2785s
 2713728 237957 infeasible   58        32.00000   20.75312  35.1%  37.1 2790s
 2719094 238099   28.84693   49  118   32.00000   20.76682  35.1%  37.1 2795s
 2724263 238409   25.00654   56   65   32.00000   20.77390  35.1%  37.1 2800s
 2729883 238720   26.90667   63   26   32.00000   20.78274  35.1%  37.1 2805s
 2735046 238772 infeasible   42        32.00000   20.79781  35.0%  37.1 2819s
 2736094 238761   22.94317   64   85   32.00000   20.80277  35.0%  37.1 2820s
 2741895 239035   21.79917   44   67   32.00000   20.81315  35.0%  37.1 2825s
 2746742 239288 infeasible   42        32.00000   20.82384  34.9%  37.0 2830s
 2752223 239243   27.24052   54  120   32.00000   20.83329  34.9%  37.0 2835s
 2758245 239279 infeasible   46        32.00000   20.85237  34.8%  37.0 2840s
 2763315 239261 infeasible   55        32.00000   20.86536  34.8%  37.0 2845s
 2768417 239256     cutoff   51        32.00000   20.88136  34.7%  37.0 2850s
 2774846 239550   27.39541   50  132   32.00000   20.89712  34.7%  37.0 2855s
 2780031 239465   28.68514   63   41   32.00000   20.91169  34.7%  37.0 2860s
 2785981 239276 infeasible   66        32.00000   20.93209  34.6%  37.0 2865s
 2791082 239146 infeasible   55        32.00000   20.94909  34.5%  37.0 2870s
 2796811 239494     cutoff   56        32.00000   20.95949  34.5%  37.0 2875s
 2802676 239763     cutoff   58        32.00000   20.96802  34.5%  37.0 2880s
 2807587 240119   24.58755   58   95   32.00000   20.96914  34.5%  36.9 2885s
 2813159 240297   23.30909   41   86   32.00000   20.97720  34.4%  36.9 2890s
 2819377 240688     cutoff   47        32.00000   20.97881  34.4%  36.9 2895s
 2825216 240719   27.65613   58  101   32.00000   20.98604  34.4%  36.9 2900s
 2830752 240934     cutoff   55        32.00000   20.99614  34.4%  36.9 2905s
 2836677 241332   23.96170   55   79   32.00000   21.00323  34.4%  36.9 2910s
 2843218 241719   25.21374   49   52   32.00000   21.01467  34.3%  36.9 2915s
 2848523 241853     cutoff   59        32.00000   21.02730  34.3%  36.9 2920s
 2854509 242107   24.00000   56   14   32.00000   21.04291  34.2%  36.8 2925s
 2859982 242363 infeasible   62        32.00000   21.05310  34.2%  36.8 2930s
 2865720 242492     cutoff   54        32.00000   21.07093  34.2%  36.8 2935s
 2871603 242702   27.02434   51  102   32.00000   21.07907  34.1%  36.8 2940s
 2877408 242599   27.52242   50   39   32.00000   21.09608  34.1%  36.8 2945s
 2882707 242900   26.14578   48  115   32.00000   21.10938  34.0%  36.8 2950s
 2888159 243000   24.00000   57   31   32.00000   21.12131  34.0%  36.8 2955s
 2893251 243048 infeasible   50        32.00000   21.13603  33.9%  36.8 2960s
 2899260 243126 infeasible   61        32.00000   21.14337  33.9%  36.8 2965s
 2904693 243405   21.47569   45   56   32.00000   21.15639  33.9%  36.8 2970s
 2911214 243469   26.13005   52   61   32.00000   21.17056  33.8%  36.7 2975s
 2916646 243616   28.00000   55   20   32.00000   21.18154  33.8%  36.7 2980s
 2921836 243683   25.35489   54   78   32.00000   21.19561  33.8%  36.7 2985s
 2927733 243986 infeasible   53        32.00000   21.20330  33.7%  36.7 2990s
 2933739 243949 infeasible   45        32.00000   21.21902  33.7%  36.7 2995s
 2939758 244120   23.70259   54   92   32.00000   21.23810  33.6%  36.7 3000s
 2944801 244053 infeasible   64        32.00000   21.25371  33.6%  36.7 3005s
 2950108 243939 infeasible   66        32.00000   21.26781  33.5%  36.7 3010s
 2956541 244016   26.31494   47  115   32.00000   21.28355  33.5%  36.6 3015s
 2962102 244476   26.81071   68   44   32.00000   21.29412  33.5%  36.6 3020s
 2967633 244527 infeasible   55        32.00000   21.30361  33.4%  36.6 3025s
 2973496 244330   24.82330   54   80   32.00000   21.32166  33.4%  36.6 3030s
 2979313 244243     cutoff   51        32.00000   21.34265  33.3%  36.6 3035s
 2984565 244080 infeasible   62        32.00000   21.35734  33.3%  36.6 3040s
 2990822 243915 infeasible   53        32.00000   21.37466  33.2%  36.6 3045s
 2995979 243900   22.90889   51   97   32.00000   21.39211  33.1%  36.6 3050s
 3001904 243630   27.98859   57  114   32.00000   21.41275  33.1%  36.6 3055s
 3007943 243386   28.00000   56   10   32.00000   21.43533  33.0%  36.6 3060s
 3013222 243366   27.43283   56   85   32.00000   21.45162  33.0%  36.5 3065s
 3019384 243331 infeasible   49        32.00000   21.47028  32.9%  36.5 3070s
 3025371 243202   26.70570   43   99   32.00000   21.49107  32.8%  36.5 3075s
 3030437 243060 infeasible   56        32.00000   21.50808  32.8%  36.5 3080s
 3036284 242736   24.92318   47   71   32.00000   21.53238  32.7%  36.5 3085s
 3041655 242656 infeasible   45        32.00000   21.54781  32.7%  36.5 3090s
 3047581 242422 infeasible   49        32.00000   21.56661  32.6%  36.5 3095s
 3052882 242341   23.43123   43  122   32.00000   21.58450  32.5%  36.5 3100s
 3059057 242144   23.60712   44   48   32.00000   21.60138  32.5%  36.5 3105s
 3064238 241990     cutoff   62        32.00000   21.61723  32.4%  36.5 3110s
 3070685 242003 infeasible   53        32.00000   21.63573  32.4%  36.4 3115s
 3076728 241888 infeasible   47        32.00000   21.65256  32.3%  36.4 3120s
 3082717 241673   26.88091   54   57   32.00000   21.66988  32.3%  36.4 3125s
 3087853 241517   23.95481   57   62   32.00000   21.68675  32.2%  36.4 3130s
 3093770 241318   21.70857   49   58   32.00000   21.70816  32.2%  36.4 3135s
 3099892 241266 infeasible   60        32.00000   21.72738  32.1%  36.4 3140s
 3105745 241134   26.38400   52  116   32.00000   21.74588  32.0%  36.4 3145s
 3106553 241154   26.82791   66   47   32.00000   21.74841  32.0%  36.4 3150s
 3111332 240926   27.06350   56   80   32.00000   21.76299  32.0%  36.4 3155s
 3116681 240714 infeasible   49        32.00000   21.78139  31.9%  36.4 3160s
 3122891 240706 infeasible   51        32.00000   21.80000  31.9%  36.3 3165s
 3128128 240491   22.00221   62   60   32.00000   21.81554  31.8%  36.3 3170s
 3134274 240243   26.71962   51   67   32.00000   21.83492  31.8%  36.3 3175s
 3140280 240063   29.40889   47   97   32.00000   21.85785  31.7%  36.3 3180s
 3145684 240277   23.93946   47  101   32.00000   21.87086  31.7%  36.3 3185s
 3151681 240126   27.78213   57   50   32.00000   21.88923  31.6%  36.3 3190s
 3157709 239899   27.11205   55   65   32.00000   21.91072  31.5%  36.3 3195s
 3163921 239610 infeasible   47        32.00000   21.92884  31.5%  36.3 3200s
 3169179 239418 infeasible   54        32.00000   21.94250  31.4%  36.3 3205s
 3174577 239276     cutoff   62        32.00000   21.95748  31.4%  36.2 3210s
 3181170 238995   26.79592   50   72   32.00000   21.97208  31.3%  36.2 3215s
 3187254 238826 infeasible   58        32.00000   21.98962  31.3%  36.2 3220s
 3192085 239190 infeasible   61        32.00000   22.00000  31.3%  36.2 3225s
 3198974 240338     cutoff   59        32.00000   22.00000  31.3%  36.2 3230s
 3206494 241524   23.00250   60   35   32.00000   22.00000  31.3%  36.2 3235s
 3212693 242444     cutoff   59        32.00000   22.00000  31.3%  36.1 3240s
 3219736 243398   26.18804   54   56   32.00000   22.00000  31.3%  36.1 3245s
 3225605 244119   27.72013   60   52   32.00000   22.00000  31.3%  36.1 3250s
 3232694 245016 infeasible   63        32.00000   22.00000  31.3%  36.1 3255s
 3238596 245886     cutoff   58        32.00000   22.00000  31.3%  36.1 3260s
 3245758 246950   26.47212   54   91   32.00000   22.00000  31.3%  36.0 3265s
 3251703 247635 infeasible   63        32.00000   22.00000  31.3%  36.0 3270s
 3257423 248198   26.00000   60   57   32.00000   22.00000  31.3%  36.0 3275s
 3264450 248986 infeasible   52        32.00000   22.00000  31.3%  36.0 3280s
 3270314 249588 infeasible   57        32.00000   22.00000  31.3%  36.0 3285s
 3276175 250236   24.56077   56   63   32.00000   22.00000  31.3%  36.0 3290s
 3282079 250645   24.10451   57   90   32.00000   22.00000  31.3%  35.9 3295s
 3288953 251247   22.00000   40   40   32.00000   22.00000  31.3%  35.9 3300s
 3294935 251507   23.25406   48   64   32.00000   22.00000  31.3%  35.9 3314s
 3296161 251649   26.97881   57   42   32.00000   22.00000  31.3%  35.9 3315s
 3300888 251884   24.06338   60   77   32.00000   22.00000  31.3%  35.9 3320s
 3307395 251889 infeasible   58        32.00000   22.00301  31.2%  35.9 3325s
 3313436 251636 infeasible   56        32.00000   22.01970  31.2%  35.9 3330s
 3319616 251367     cutoff   52        32.00000   22.03662  31.1%  35.9 3335s
 3325847 251238 infeasible   51        32.00000   22.05353  31.1%  35.9 3340s
 3331149 250980   23.39064   56  111   32.00000   22.06682  31.0%  35.9 3345s
 3337302 250706   22.94943   50   68   32.00000   22.08505  31.0%  35.8 3350s
 3343417 250401   27.49053   60   76   32.00000   22.10507  30.9%  35.8 3355s
 3348729 250131     cutoff   51        32.00000   22.12003  30.9%  35.8 3360s
 3354975 249808   28.76936   56   95   32.00000   22.13779  30.8%  35.8 3365s
 3360972 249395   26.93036   61  114   32.00000   22.15686  30.8%  35.8 3370s
 3367143 249039   26.06372   55  107   32.00000   22.17534  30.7%  35.8 3375s
 3373214 248742   26.40000   55   35   32.00000   22.19457  30.6%  35.8 3380s
 3379326 248538     cutoff   45        32.00000   22.21323  30.6%  35.8 3385s
 3385387 248290   22.81168   58   55   32.00000   22.23469  30.5%  35.8 3390s
 3391326 247888   25.37028   56   38   32.00000   22.25528  30.5%  35.7 3395s
 3396398 247539     cutoff   60        32.00000   22.27273  30.4%  35.7 3400s
 3402477 247147   26.80196   67  111   32.00000   22.29333  30.3%  35.7 3405s
 3408744 246806 infeasible   54        32.00000   22.31331  30.3%  35.7 3410s
 3414637 246443 infeasible   50        32.00000   22.33343  30.2%  35.7 3415s
 3420762 246028   23.96620   54  105   32.00000   22.35714  30.1%  35.7 3420s
 3426801 245738 infeasible   48        32.00000   22.37822  30.1%  35.7 3425s
 3431799 245323   27.55769   51  135   32.00000   22.39927  30.0%  35.7 3430s
 3437897 244888   26.40496   52   60   32.00000   22.42096  29.9%  35.7 3435s
 3443929 244638   25.20330   52   48   32.00000   22.44223  29.9%  35.7 3440s
 3449933 244244 infeasible   48        32.00000   22.46498  29.8%  35.6 3445s
 3455954 243795   23.88536   56  109   32.00000   22.48796  29.7%  35.6 3450s
 3462755 243271     cutoff   60        32.00000   22.51764  29.6%  35.6 3455s
 3467634 242926   22.54721   42   56   32.00000   22.54070  29.6%  35.6 3460s
 3473739 242559 infeasible   53        32.00000   22.56416  29.5%  35.6 3465s
 3479856 242160   25.01175   51  139   32.00000   22.58749  29.4%  35.6 3470s
 3486115 242011   24.00000   63   50   32.00000   22.60654  29.4%  35.6 3475s
 3492367 241711 infeasible   62        32.00000   22.62287  29.3%  35.6 3480s
 3498358 241329     cutoff   67        32.00000   22.64276  29.2%  35.6 3485s
 3504384 240899 infeasible   56        32.00000   22.66579  29.2%  35.5 3490s
 3509585 240726     cutoff   57        32.00000   22.68514  29.1%  35.5 3495s
 3516227 240705   27.69939   64   66   32.00000   22.68927  29.1%  35.5 3500s
 3522548 240475 infeasible   54        32.00000   22.70660  29.0%  35.5 3505s
 3528645 240218   27.38699   52   30   32.00000   22.72617  29.0%  35.5 3510s
 3535327 240451 infeasible   62        32.00000   22.73881  28.9%  35.5 3515s
 3541007 240424 infeasible   52        32.00000   22.74733  28.9%  35.5 3520s
 3547310 240285   26.11746   54   75   32.00000   22.75963  28.9%  35.5 3525s
 3553795 240126 infeasible   52        32.00000   22.77390  28.8%  35.4 3530s
 3559163 240011   28.59709   53   94   32.00000   22.77693  28.8%  35.4 3535s
 3565559 240003   24.79660   47   42   32.00000   22.79076  28.8%  35.4 3540s
 3572160 239874   26.47742   57   59   32.00000   22.80714  28.7%  35.4 3545s
 3577808 239945 infeasible   51        32.00000   22.81825  28.7%  35.4 3550s
 3584087 239973 infeasible   56        32.00000   22.82384  28.7%  35.4 3555s
 3591174 239726 infeasible   50        32.00000   22.84015  28.6%  35.4 3560s
 3596663 239719 infeasible   55        32.00000   22.85428  28.6%  35.4 3565s
 3602875 239405 infeasible   55        32.00000   22.86895  28.5%  35.4 3570s
 3609017 239226   24.09139   64   51   32.00000   22.88655  28.5%  35.3 3575s
 3614921 239412     cutoff   60        32.00000   22.89712  28.4%  35.3 3580s
 3621877 239072 infeasible   53        32.00000   22.91612  28.4%  35.3 3585s
 3627073 238891   25.67054   62  117   32.00000   22.93209  28.3%  35.3 3590s
 3633262 238590 infeasible   53        32.00000   22.94704  28.3%  35.3 3595s
 3635864 238479 infeasible   51        32.00000   22.95490  28.3%  35.3 3600s
 3641823 238785     cutoff   53        32.00000   22.96071  28.2%  35.3 3605s
 3647543 238690   27.37028   65   59   32.00000   22.96493  28.2%  35.3 3610s
 3654434 238704 infeasible   68        32.00000   22.96914  28.2%  35.3 3615s
 3660636 238621   26.00000   56   20   32.00000   22.97566  28.2%  35.2 3620s
 3666555 238666 infeasible   53        32.00000   22.97881  28.2%  35.2 3625s
 3673525 238520 infeasible   50        32.00000   22.98590  28.2%  35.2 3630s
 3679561 238382   28.00000   65   35   32.00000   22.99253  28.1%  35.2 3635s
 3685799 238511 infeasible   50        32.00000   22.99974  28.1%  35.2 3640s
 3692117 238635   28.00000   53   38   32.00000   23.00524  28.1%  35.2 3645s
 3698687 238482   27.99803   62   66   32.00000   23.01621  28.1%  35.2 3650s
 3704455 238362 infeasible   54        32.00000   23.02697  28.0%  35.1 3655s
 3711252 238170   26.98493   50   51   32.00000   23.03774  28.0%  35.1 3660s
 3717482 238459   25.42833   46   50   32.00000   23.04559  28.0%  35.1 3665s
 3723832 238406 infeasible   51        32.00000   23.05972  27.9%  35.1 3670s
 3730887 238298   28.00000   51   41   32.00000   23.07193  27.9%  35.1 3675s
 3737129 238020   24.00000   57   38   32.00000   23.08497  27.9%  35.1 3680s
 3743282 237908   28.40209   55   78   32.00000   23.09993  27.8%  35.1 3685s
 3749011 237711   26.38073   57  109   32.00000   23.11091  27.8%  35.0 3690s
 3755557 237365   26.00000   52   42   32.00000   23.12273  27.7%  35.0 3695s
 3760960 237089   23.13725   49   64   32.00000   23.13591  27.7%  35.0 3700s
 3767734 236749     cutoff   61        32.00000   23.14852  27.7%  35.0 3705s
 3773514 236673 infeasible   46        32.00000   23.15778  27.6%  35.0 3710s
 3780184 236411 infeasible   53        32.00000   23.17056  27.6%  35.0 3715s
 3785944 236303 infeasible   61        32.00000   23.18061  27.6%  35.0 3720s
 3792203 236175   23.20000   56   26   32.00000   23.19583  27.5%  35.0 3725s
 3799250 236091 infeasible   58        32.00000   23.20559  27.5%  35.0 3730s
 3804681 235866     cutoff   77        32.00000   23.21823  27.4%  34.9 3735s
 3810978 235453 infeasible   57        32.00000   23.23529  27.4%  34.9 3740s
 3818063 234973 infeasible   63        32.00000   23.25361  27.3%  34.9 3745s
 3823510 234647   28.00000   54   27   32.00000   23.26720  27.3%  34.9 3750s
 3830047 234397   25.04652   52   94   32.00000   23.28087  27.2%  34.9 3755s
 3836616 234273 infeasible   69        32.00000   23.29268  27.2%  34.9 3760s
 3842902 234128 infeasible   67        32.00000   23.30044  27.2%  34.9 3765s
 3849139 233689   27.50580   57   33   32.00000   23.31590  27.1%  34.9 3770s
 3855336 233302 infeasible   49        32.00000   23.33144  27.1%  34.8 3775s
 3861625 232889   27.83132   50   78   32.00000   23.34756  27.0%  34.8 3780s
 3868919 232194     cutoff   58        32.00000   23.36699  27.0%  34.8 3785s
 3869817 232241 infeasible   53        32.00000   23.36957  27.0%  34.8 3791s
 3875368 231880   27.63573   62   34   32.00000   23.38333  26.9%  34.8 3795s
 3882086 231427     cutoff   55        32.00000   23.40003  26.9%  34.8 3800s
 3888580 231036   27.52612   51  150   32.00000   23.41845  26.8%  34.8 3805s
 3894708 230496   26.47922   57  111   32.00000   23.43720  26.8%  34.8 3810s
 3901161 230155   27.17834   58  134   32.00000   23.45195  26.7%  34.8 3815s
 3907397 229874 infeasible   64        32.00000   23.46864  26.7%  34.7 3820s
 3914697 229274 infeasible   66        32.00000   23.48882  26.6%  34.7 3825s
 3920943 228718   25.50695   50   93   32.00000   23.50755  26.5%  34.7 3830s
 3927087 228165 infeasible   54        32.00000   23.52628  26.5%  34.7 3835s
 3933618 227645   24.12428   51   42   32.00000   23.54350  26.4%  34.7 3840s
 3940464 226972   25.71303   57   87   32.00000   23.56687  26.4%  34.7 3845s
 3946889 226538 infeasible   51        32.00000   23.58569  26.3%  34.7 3850s
 3953063 226103     cutoff   58        32.00000   23.60358  26.2%  34.6 3855s
 3959347 225538   27.94345   60   86   32.00000   23.62228  26.2%  34.6 3860s
 3965936 225167   26.85218   48   91   32.00000   23.63798  26.1%  34.6 3865s
 3968622 224984   29.42563   57  136   32.00000   23.64559  26.1%  34.6 3871s
 3973872 224540 infeasible   41        32.00000   23.65834  26.1%  34.6 3875s
 3979357 224111 infeasible   60        32.00000   23.67464  26.0%  34.6 3880s
 3986626 223551   25.75861   60   84   32.00000   23.69821  25.9%  34.6 3885s
 3992732 223098   27.50765   55  118   32.00000   23.71789  25.9%  34.6 3890s
 3999139 222685 infeasible   46        32.00000   23.73598  25.8%  34.5 3895s
 4005218 222209   26.10113   44   70   32.00000   23.75277  25.8%  34.5 3900s
 4011482 221785   26.22127   48  166   32.00000   23.77004  25.7%  34.5 3905s
 4017464 221237   28.63877   51   71   32.00000   23.79036  25.7%  34.5 3910s
 4024193 220895   26.00000   67   29   32.00000   23.80526  25.6%  34.5 3915s
 4030334 220374 infeasible   52        32.00000   23.82556  25.5%  34.5 3920s
 4037409 219814   27.29168   57   79   32.00000   23.84872  25.5%  34.5 3925s
 4043201 219550 infeasible   51        32.00000   23.86207  25.4%  34.5 3930s
 4050116 218966   27.95763   58   48   32.00000   23.88437  25.4%  34.5 3935s
 4056618 218342 infeasible   50        32.00000   23.90185  25.3%  34.4 3940s
 4062631 217702   28.38417   51  148   32.00000   23.92428  25.2%  34.4 3945s
 4069067 217235     cutoff   59        32.00000   23.93894  25.2%  34.4 3950s
 4075444 216631   24.40223   62   36   32.00000   23.95701  25.1%  34.4 3955s
 4082228 216031 infeasible   60        32.00000   23.97134  25.1%  34.4 3960s
 4088634 215537   27.60222   56   81   32.00000   23.98731  25.0%  34.4 3965s
 4094753 215510 infeasible   61        32.00000   24.00000  25.0%  34.4 3970s
 4102500 216092   26.97881   68   20   32.00000   24.00000  25.0%  34.3 3975s
 4109879 216550   27.25888   69   53   32.00000   24.00000  25.0%  34.3 3980s
 4117172 217026   28.81799   58   47   32.00000   24.00000  25.0%  34.3 3985s
 4124290 217365 infeasible   70        32.00000   24.00000  25.0%  34.3 3990s
 4130161 217581 infeasible   68        32.00000   24.00000  25.0%  34.3 4000s
 4136872 217988   26.09139   58   49   32.00000   24.00000  25.0%  34.2 4005s
 4144284 218372   25.40145   62   44   32.00000   24.00000  25.0%  34.2 4010s
 4150330 218704   27.55947   58   76   32.00000   24.00000  25.0%  34.2 4015s
 4157347 218860   28.63683   63   65   32.00000   24.00000  25.0%  34.2 4020s
 4164470 219177     cutoff   65        32.00000   24.00000  25.0%  34.2 4025s
 4171646 219451   28.00000   56   43   32.00000   24.00000  25.0%  34.2 4030s
 4177590 219671   25.63573   64   50   32.00000   24.00000  25.0%  34.2 4035s
 4184729 219981   27.15454   48  111   32.00000   24.00000  25.0%  34.1 4040s
 4191684 220049   27.58559   62   57   32.00000   24.00000  25.0%  34.1 4045s
 4197631 220095 infeasible   67        32.00000   24.00000  25.0%  34.1 4050s
 4204653 220135 infeasible   66        32.00000   24.00000  25.0%  34.1 4055s
 4210628 220133 infeasible   58        32.00000   24.00000  25.0%  34.1 4060s
 4216512 220148 infeasible   56        32.00000   24.00000  25.0%  34.1 4065s
 4222396 219969 infeasible   58        32.00000   24.00000  25.0%  34.1 4070s
 4228208 219871 infeasible   42        32.00000   24.00000  25.0%  34.1 4075s
 4233693 219536   27.70115   62   35   32.00000   24.00124  25.0%  34.1 4080s
 4239766 218794   27.50046   58   57   32.00000   24.01382  25.0%  34.1 4085s
 4245199 218170 infeasible   58        32.00000   24.02917  24.9%  34.0 4090s
 4251519 217480 infeasible   56        32.00000   24.04589  24.9%  34.0 4095s
 4257692 216793 infeasible   46        32.00000   24.05745  24.8%  34.0 4100s
 4263040 216216 infeasible   64        32.00000   24.07273  24.8%  34.0 4105s
 4269254 215576 infeasible   63        32.00000   24.09083  24.7%  34.0 4110s
 4274659 214936     cutoff   54        32.00000   24.10584  24.7%  34.0 4115s
 4280933 214240 infeasible   47        32.00000   24.12415  24.6%  34.0 4120s
 4286368 213564 infeasible   61        32.00000   24.14128  24.6%  34.0 4125s
 4291693 212950   27.97034   59   95   32.00000   24.15945  24.5%  34.0 4130s
 4297076 212375   27.77962   54  142   32.00000   24.17695  24.4%  34.0 4135s
 4301485 211893 infeasible   56        32.00000   24.19067  24.4%  33.9 4140s
 4307020 211262 infeasible   63        32.00000   24.20726  24.4%  33.9 4145s
 4312316 210632   24.97881   58   25   32.00000   24.22507  24.3%  33.9 4150s
 4318458 209908 infeasible   50        32.00000   24.24713  24.2%  33.9 4155s
 4322875 209367     cutoff   69        32.00000   24.26280  24.2%  33.9 4160s
 4326506 208884   26.85293   56  138   32.00000   24.27499  24.1%  33.9 4165s
 4330910 208353   27.50412   62   44   32.00000   24.29248  24.1%  33.9 4170s
 4336218 207712 infeasible   50        32.00000   24.31058  24.0%  33.9 4175s
 4337098 207678 infeasible   51        32.00000   24.31371  24.0%  33.9 4184s
 4337309 207599 infeasible   52        32.00000   24.31371  24.0%  33.9 4185s
 4342697 206924 infeasible   68        32.00000   24.33469  24.0%  33.9 4190s
 4349041 206130     cutoff   60        32.00000   24.35878  23.9%  33.9 4195s
 4354374 205485 infeasible   55        32.00000   24.37938  23.8%  33.8 4200s
 4360449 204738 infeasible   66        32.00000   24.40068  23.7%  33.8 4205s
 4365660 204058   26.45675   51  138   32.00000   24.42165  23.7%  33.8 4210s
 4370914 203389   26.09881   60   82   32.00000   24.44253  23.6%  33.8 4215s
 4377884 202549     cutoff   62        32.00000   24.47346  23.5%  33.8 4220s
 4383920 201721   24.85298   64   38   32.00000   24.49905  23.4%  33.8 4225s
 4389880 200914   26.96914   54   41   32.00000   24.52431  23.4%  33.8 4230s
 4395897 200088 infeasible   54        32.00000   24.55279  23.3%  33.8 4235s
 4402059 199309   25.23413   61   41   32.00000   24.57877  23.2%  33.8 4240s
 4408108 198615 infeasible   66        32.00000   24.60654  23.1%  33.7 4245s
 4413758 198003   26.92399   56   59   32.00000   24.62004  23.1%  33.7 4250s
 4418370 197500 infeasible   50        32.00000   24.63219  23.0%  33.7 4255s
 4423674 196841   27.70446   57   72   32.00000   24.65045  23.0%  33.7 4260s
 4429683 196155 infeasible   54        32.00000   24.67769  22.9%  33.7 4265s
 4436598 195814   24.79660   53   34   32.00000   24.68514  22.9%  33.7 4270s
 4443066 195359     cutoff   56        32.00000   24.69996  22.8%  33.7 4275s
 4449280 194674   27.21429   54   49   32.00000   24.72195  22.7%  33.7 4280s
 4455735 194250   28.00000   66   14   32.00000   24.73769  22.7%  33.6 4285s
 4461707 193762   27.73325   54  118   32.00000   24.74804  22.7%  33.6 4290s
 4467277 193235   26.08213   63   85   32.00000   24.75941  22.6%  33.6 4295s
 4472681 192722 infeasible   64        32.00000   24.77390  22.6%  33.6 4300s
 4479320 192129     cutoff   70        32.00000   24.77779  22.6%  33.6 4305s
 4486169 191723   27.13725   64   30   32.00000   24.79307  22.5%  33.6 4310s
 4492891 191398 infeasible   67        32.00000   24.80764  22.5%  33.6 4315s
 4499822 191078   27.29168   55   53   32.00000   24.82036  22.4%  33.6 4320s
 4506290 190530 infeasible   61        32.00000   24.82604  22.4%  33.6 4325s
 4511878 189979 infeasible   56        32.00000   24.83898  22.4%  33.5 4330s
 4515545 189751   24.85428   60   32   32.00000   24.84950  22.3%  33.5 4351s
 4519483 189365 infeasible   62        32.00000   24.85567  22.3%  33.5 4355s
 4525862 188711     cutoff   63        32.00000   24.87559  22.3%  33.5 4360s
 4533217 188120 infeasible   62        32.00000   24.89389  22.2%  33.5 4365s
 4539899 187741 infeasible   59        32.00000   24.90820  22.2%  33.5 4370s
 4546127 187020   29.86846   68   89   32.00000   24.92608  22.1%  33.5 4375s
 4553340 186218 infeasible   52        32.00000   24.94588  22.0%  33.5 4380s
 4559534 185856   26.00000   61   29   32.00000   24.95949  22.0%  33.4 4385s
 4565548 185532 infeasible   64        32.00000   24.96270  22.0%  33.4 4390s
 4572188 185015   28.42909   54  134   32.00000   24.96896  22.0%  33.4 4395s
 4577973 184658   26.63791   47  110   32.00000   24.96914  22.0%  33.4 4400s
 4581213 184454   27.05033   62   51   32.00000   24.97280  22.0%  33.4 4408s
 4582741 184284 infeasible   62        32.00000   24.97401  22.0%  33.4 4410s
 4587519 183952   27.71348   60   60   32.00000   24.97881  21.9%  33.4 4415s
 4593407 183535 infeasible   49        32.00000   24.97985  21.9%  33.4 4420s
 4598985 182844   28.34844   59  110   32.00000   24.98753  21.9%  33.4 4425s
 4606583 182465     cutoff   64        32.00000   24.99739  21.9%  33.3 4430s
 4613291 181836 infeasible   65        32.00000   25.00345  21.9%  33.3 4436s
 4618595 181416     cutoff   57        32.00000   25.01005  21.8%  33.3 4440s
 4624674 180859 infeasible   63        32.00000   25.01913  21.8%  33.3 4445s
 4632077 180236 infeasible   65        32.00000   25.03016  21.8%  33.3 4450s
 4638663 179630   26.19124   62   49   32.00000   25.04360  21.7%  33.3 4455s
 4642948 179434   25.37881   56   36   32.00000   25.04611  21.7%  33.3 4460s
 4648408 178972 infeasible   59        32.00000   25.05944  21.7%  33.3 4465s
 4654504 178124   26.83474   61   75   32.00000   25.07193  21.7%  33.2 4470s
 4660193 177537   26.73859   59   42   32.00000   25.08497  21.6%  33.2 4475s
 4665556 177005     cutoff   54        32.00000   25.09821  21.6%  33.2 4480s
 4671370 176340     cutoff   70        32.00000   25.10947  21.5%  33.2 4485s
 4677610 175782     cutoff   62        32.00000   25.11730  21.5%  33.2 4490s
 4683201 175129 infeasible   67        32.00000   25.13084  21.5%  33.2 4495s
 4689080 174463   26.00000   54   30   32.00000   25.14303  21.4%  33.2 4500s
 4694835 173892 infeasible   67        32.00000   25.15516  21.4%  33.2 4505s
 4700806 173359 infeasible   60        32.00000   25.16608  21.4%  33.2 4510s
 4708016 172638 infeasible   50        32.00000   25.17772  21.3%  33.1 4515s
 4715476 171796   28.39408   63  122   32.00000   25.19544  21.3%  33.1 4520s
 4721768 171210 infeasible   61        32.00000   25.20330  21.2%  33.1 4525s
 4729105 170331   27.80675   58   87   32.00000   25.22192  21.2%  33.1 4530s
 4735536 169434   27.80000   57   32   32.00000   25.24060  21.1%  33.1 4535s
 4742167 168610   26.19363   59   98   32.00000   25.25638  21.1%  33.1 4540s
 4748954 167798   26.11655   54   77   32.00000   25.27137  21.0%  33.1 4545s
 4755812 167028 infeasible   67        32.00000   25.28573  21.0%  33.1 4550s
 4762163 166393   27.48079   56  111   32.00000   25.29412  21.0%  33.0 4555s
 4768832 165650   27.09091   47   36   32.00000   25.31026  20.9%  33.0 4560s
 4776079 164675     cutoff   50        32.00000   25.33154  20.8%  33.0 4565s
 4780574 164078 infeasible   49        32.00000   25.34460  20.8%  33.0 4580s
 4786819 163124 infeasible   58        32.00000   25.36576  20.7%  33.0 4585s
 4793119 162301 infeasible   47        32.00000   25.38272  20.7%  33.0 4590s
 4799690 161224   27.41176   45   68   32.00000   25.40722  20.6%  33.0 4595s
 4807004 160134 infeasible   69        32.00000   25.43458  20.5%  33.0 4600s
 4812590 159321 infeasible   67        32.00000   25.45280  20.5%  32.9 4605s
 4818933 158480 infeasible   57        32.00000   25.47479  20.4%  32.9 4610s
 4826080 157336   26.81237   55   51   32.00000   25.50392  20.3%  32.9 4615s
 4832322 156319   27.63715   54   89   32.00000   25.52917  20.2%  32.9 4620s
 4836038 155666 infeasible   46        32.00000   25.54248  20.2%  32.9 4625s
 4843190 154539   26.23717   54   72   32.00000   25.57133  20.1%  32.9 4630s
 4849352 153529   27.59569   58   46   32.00000   25.59538  20.0%  32.9 4635s
 4855516 152606 infeasible   57        32.00000   25.61845  19.9%  32.9 4640s
 4862642 151406 infeasible   66        32.00000   25.64768  19.9%  32.8 4645s
 4868864 150398     cutoff   60        32.00000   25.67290  19.8%  32.8 4650s
 4875766 149273 infeasible   57        32.00000   25.70588  19.7%  32.8 4655s
 4881904 148285   27.99311   56   90   32.00000   25.73118  19.6%  32.8 4660s
 4888948 147091   26.69072   61   45   32.00000   25.75861  19.5%  32.8 4665s
 4895132 146161 infeasible   58        32.00000   25.78445  19.4%  32.8 4670s
 4901609 145073     cutoff   62        32.00000   25.80543  19.4%  32.8 4675s
 4907777 144139     cutoff   60        32.00000   25.83087  19.3%  32.8 4680s
 4912976 143261   28.71079   57   70   32.00000   25.85668  19.2%  32.7 4685s
 4919484 142286 infeasible   65        32.00000   25.88123  19.1%  32.7 4690s
 4925726 141169   26.67821   54   80   32.00000   25.90938  19.0%  32.7 4695s
 4930969 140242   28.96914   55   51   32.00000   25.93362  19.0%  32.7 4700s
 4937320 139072 infeasible   64        32.00000   25.95679  18.9%  32.7 4705s
 4943913 137884 infeasible   54        32.00000   25.97849  18.8%  32.7 4710s
 4950699 137084 infeasible   56        32.00000   26.00000  18.8%  32.7 4715s
 4958235 136706   27.83678   64   57   32.00000   26.00000  18.8%  32.7 4720s
 4965599 136271   28.58999   59   46   32.00000   26.00000  18.8%  32.6 4725s
 4972758 135864   26.00000   65   25   32.00000   26.00000  18.8%  32.6 4730s
 4979885 135429 infeasible   58        32.00000   26.00000  18.8%  32.6 4735s
 4986999 134874 infeasible   70        32.00000   26.00000  18.8%  32.6 4740s
 4994158 134345   26.00000   66   28   32.00000   26.00000  18.8%  32.6 4745s
 5001225 133925     cutoff   64        32.00000   26.00000  18.8%  32.5 4751s
 5007116 133579 infeasible   53        32.00000   26.00000  18.8%  32.5 4755s
 5014201 133107   28.00000   63   39   32.00000   26.00000  18.8%  32.5 4760s
 5020170 132736   28.00000   60   43   32.00000   26.00000  18.8%  32.5 4765s
 5026147 132313 infeasible   62        32.00000   26.00000  18.8%  32.5 4770s
 5033197 131797 infeasible   63        32.00000   26.00000  18.8%  32.5 4775s
 5040308 131137     cutoff   56        32.00000   26.00000  18.8%  32.5 4780s
 5046218 130568   27.80120   63   47   32.00000   26.00000  18.8%  32.5 4785s
 5053353 129962   30.00000   58   63   32.00000   26.00000  18.8%  32.5 4790s
 5059282 129417     cutoff   59        32.00000   26.00000  18.8%  32.4 4795s
 5066346 128705 infeasible   67        32.00000   26.00000  18.8%  32.4 4800s
 5073410 127942   26.00000   48   51   32.00000   26.00000  18.8%  32.4 4805s
 5079209 127303 infeasible   57        32.00000   26.00000  18.8%  32.4 4810s
 5086509 125749   28.00000   50   31   32.00000   26.01249  18.7%  32.4 4815s
 5093177 124173 infeasible   57        32.00000   26.03424  18.6%  32.4 4820s
 5099913 122536   28.69020   63  109   32.00000   26.05713  18.6%  32.4 4825s
 5106647 120895 infeasible   58        32.00000   26.08070  18.5%  32.4 4830s
 5113179 119260   27.07982   51  137   32.00000   26.10524  18.4%  32.4 4835s
 5119672 117551 infeasible   65        32.00000   26.13295  18.3%  32.3 4840s
 5127026 115625   27.00514   51  106   32.00000   26.16400  18.2%  32.3 4845s
 5133501 114037 infeasible   61        32.00000   26.19039  18.2%  32.3 4850s
 5139879 112220 infeasible   54        32.00000   26.22009  18.1%  32.3 4855s
 5147172 110174 infeasible   45        32.00000   26.25502  18.0%  32.3 4860s
 5154297 108147   27.55529   49   72   32.00000   26.29248  17.8%  32.3 4865s
 5161400 106071 infeasible   41        32.00000   26.33282  17.7%  32.3 4870s
 5168406 103988     cutoff   54        32.00000   26.37542  17.6%  32.2 4875s
 5175290 101764   27.83275   61   80   32.00000   26.42384  17.4%  32.2 4880s
 5181401 99712 infeasible   62        32.00000   26.47148  17.3%  32.2 4885s
 5189242 97135 infeasible   48        32.00000   26.52974  17.1%  32.2 4890s
 5196188 94706   27.60000   54   21   32.00000   26.58609  16.9%  32.2 4895s
 5202607 92905 infeasible   69        32.00000   26.62027  16.8%  32.2 4900s
 5208930 90805 infeasible   52        32.00000   26.65912  16.7%  32.2 4905s
 5214928 89131 infeasible   65        32.00000   26.68530  16.6%  32.2 4910s
 5222035 86787   28.00000   53   36   32.00000   26.73466  16.5%  32.1 4915s
 5228146 85150   27.98286   57   82   32.00000   26.75104  16.4%  32.1 4920s
 5234063 83369     cutoff   62        32.00000   26.77390  16.3%  32.1 4925s
 5241033 81463 infeasible   65        32.00000   26.79792  16.3%  32.1 4930s
 5248705 79354 infeasible   66        32.00000   26.82863  16.2%  32.1 4935s
 5254242 77744 infeasible   57        32.00000   26.85516  16.1%  32.1 4940s
 5261669 75374 infeasible   56        32.00000   26.89712  15.9%  32.1 4945s
 5266907 73484 infeasible   66        32.00000   26.93492  15.8%  32.1 4950s
 5271815 72192   28.00000   69   36   32.00000   26.95949  15.8%  32.0 4955s
 5277926 70664   27.03614   55   46   32.00000   26.96520  15.7%  32.0 4960s
 5284238 68898   27.71348   58   59   32.00000   26.97881  15.7%  32.0 4965s
 5290625 67083 infeasible   64        32.00000   26.99355  15.6%  32.0 4970s
 5297713 64598     cutoff   53        32.00000   27.02077  15.6%  32.0 4975s
 5304640 62284   28.00000   73   16   32.00000   27.05335  15.5%  32.0 4980s
 5310921 59824   27.26925   66   37   32.00000   27.09412  15.3%  32.0 4985s
 5318352 57140   27.35620   52   27   32.00000   27.12867  15.2%  31.9 4990s
 5323105 55264 infeasible   59        32.00000   27.15639  15.1%  31.9 4995s
 5329652 52604     cutoff   49        32.00000   27.20000  15.0%  31.9 5000s
 5336864 49544   28.00000   51   65   32.00000   27.25338  14.8%  31.9 5005s
 5344179 46382   28.21133   52  104   32.00000   27.30262  14.7%  31.9 5010s
 5350986 43038 infeasible   61        32.00000   27.37098  14.5%  31.9 5015s
 5357875 39457 infeasible   58        32.00000   27.46670  14.2%  31.9 5020s
 5364664 35778 infeasible   63        32.00000   27.56694  13.9%  31.9 5025s
 5371470 31976 infeasible   44        32.00000   27.67768  13.5%  31.8 5030s
 5378184 28055 infeasible   64        32.00000   27.79599  13.1%  31.8 5035s
 5385054 23904   27.93750   64   44   32.00000   27.93127  12.7%  31.8 5040s
 5392242 19723 infeasible   62        32.00000   28.00000  12.5%  31.8 5045s
 5398977 16522     cutoff   50        32.00000   28.00000  12.5%  31.8 5050s
 5405963 11781   28.37247   52  100   32.00000   28.14009  12.1%  31.8 5055s
 5415423  2774 infeasible   64        32.00000   29.00473  9.36%  31.7 5060s

Cutting planes:
  Implied bound: 14
  Clique: 1
  MIR: 12
  StrongCG: 1
  Flow cover: 67
  Zero half: 22

Explored 5419130 nodes (171840283 simplex iterations) in 5061.99 seconds
Thread count was 8 (of 8 available processors)

Solution count 10: 32 34 36 ... 62

Optimal solution found (tolerance 1.00e-04)
Best objective 3.200000000000e+01, best bound 3.200000000000e+01, gap 0.0000%
