
Gurobi 9.0.2 (mac64, Python) logging started Wed Nov 16 10:23:54 2022

Using license file /Users/muratilter/gurobi.lic
Set parameter LogFile to value 4.log
Academic license - for non-commercial use only
Read LP format model from file std-lin4.lp
Reading time = 0.01 seconds
: 4293 rows, 1088 columns, 24704 nonzeros
Gurobi Optimizer version 9.0.2 build v9.0.2rc0 (mac64)
Optimize a model with 4293 rows, 1088 columns and 24704 nonzeros
Model fingerprint: 0x78af58d1
Variable types: 0 continuous, 1088 integer (1088 binary)
Coefficient statistics:
  Matrix range     [1e+00, 1e+01]
  Objective range  [2e+00, 4e+00]
  Bounds range     [1e+00, 1e+00]
  RHS range        [1e+00, 4e+00]
Presolve removed 192 rows and 192 columns
Presolve time: 0.04s
Presolved: 4101 rows, 896 columns, 24320 nonzeros
Variable types: 0 continuous, 896 integer (896 binary)

Root relaxation: objective 3.676812e-01, 739 iterations, 0.03 seconds

    Nodes    |    Current Node    |     Objective Bounds      |     Work
 Expl Unexpl |  Obj  Depth IntInf | Incumbent    BestBd   Gap | It/Node Time

     0     0    0.36768    0   34          -    0.36768      -     -    0s
     0     0    0.38868    0  158          -    0.38868      -     -    0s
     0     0    0.51433    0  102          -    0.51433      -     -    0s
     0     0    0.52115    0  112          -    0.52115      -     -    0s
     0     0    0.60000    0  277          -    0.60000      -     -    0s
     0     0    0.62684    0  279          -    0.62684      -     -    0s
     0     0    0.70889    0  279          -    0.70889      -     -    0s
     0     0    0.72962    0  280          -    0.72962      -     -    0s
     0     0    0.76503    0  279          -    0.76503      -     -    0s
     0     0    0.77106    0  336          -    0.77106      -     -    0s
     0     0    0.77700    0  391          -    0.77700      -     -    0s
     0     0    0.77742    0  391          -    0.77742      -     -    0s
     0     0    0.78146    0  380          -    0.78146      -     -    1s
     0     0    0.78322    0  390          -    0.78322      -     -    1s
     0     0    0.78429    0  380          -    0.78429      -     -    1s
     0     0    0.78448    0  380          -    0.78448      -     -    1s
     0     0    0.78449    0  381          -    0.78449      -     -    1s
     0     0    0.78449    0  381          -    0.78449      -     -    1s
     0     0    0.78449    0  381          -    0.78449      -     -    1s
     0     0    0.78449    0  381          -    0.78449      -     -    1s
     0     2    2.00000    0  380          -    2.00000      -     -    1s
    43    49    2.00000   12  630          -    2.00000      -  1119    5s
   186   196 infeasible   43               -    2.00000      -   792   10s
   382   369   12.89037   19  474          -    2.00000      -   723   15s
   557   528   26.75202   34  572          -    2.00000      -   728   20s
   736   671    3.04104    9  543          -    2.00000      -   724   25s
   931   844   11.81952   22  515          -    2.00000      -   709   30s
  1058   927    2.00000   13  117          -    2.00000      -   3.5   37s
  1068   935    5.66510   15  260          -    2.00000      -  10.0   40s
  1085   947    4.57193   17  294          -    2.00000      -  18.9   46s
  1147   993    2.88999   26   52          -    2.00000      -  50.0   50s
  1244  1053    2.00000   39  522          -    2.00000      -   112   55s
H 1306  1031                      38.0000000    2.43356  93.6%   151   57s
H 1328   980                      36.0000000    2.43356  93.2%   157   58s
  1380  1005    4.58165   28  469   36.00000    2.56688  92.9%   179   60s
  1601  1049   17.95059   38  602   36.00000    2.61976  92.7%   231   65s
  1797  1119 infeasible   50        36.00000    2.79272  92.2%   266   71s
* 1908  1079              39      34.0000000    2.94813  91.3%   280   73s
H 1960  1039                      32.0000000    2.94813  90.8%   285   74s
  1981  1055   17.60331   29  543   32.00000    2.94813  90.8%   288   76s
  2123  1092    6.57994   30   21   32.00000    3.21067  90.0%   299   80s
  2319  1137   12.99135   32  344   32.00000    3.56348  88.9%   327   86s
  2396  1164 infeasible   39        32.00000    3.64574  88.6%   346   91s
  2508  1185 infeasible   38        32.00000    4.23899  86.8%   354   95s
  2633  1218 infeasible   38        32.00000    4.29256  86.6%   363  101s
  2866  1239   12.71241   32  581   32.00000    4.34712  86.4%   362  106s
  3041  1282   21.66778   30  428   32.00000    4.36768  86.4%   372  110s
  3316  1336   12.25318   37  586   32.00000    4.41211  86.2%   387  117s
  3442  1373    6.78465   32  496   32.00000    4.46345  86.1%   390  120s
  3624  1499 infeasible   34        32.00000    4.48289  86.0%   399  125s
  3904  1641    9.48330   33  623   32.00000    4.53788  85.8%   409  130s
  4234  1783   11.64192   39  465   32.00000    4.71207  85.3%   413  136s
  4517  1886   15.11642   36  594   32.00000    4.73812  85.2%   419  150s
  4737  2016   24.67691   32  286   32.00000    5.06934  84.2%   427  157s
  4938  2091   20.83634   43  456   32.00000    5.09498  84.1%   428  160s
  5325  2290   15.98445   45  317   32.00000    5.52319  82.7%   434  168s
  5580  2388 infeasible   34        32.00000    5.89751  81.6%   434  172s
  5795  2453   15.13556   28  656   32.00000    5.94855  81.4%   435  176s
  6027  2527   13.49402   29  393   32.00000    6.00000  81.2%   437  181s
  6264  2624   10.60565   24  652   32.00000    6.00000  81.2%   441  185s
  6469  2762     cutoff   36        32.00000    6.18946  80.7%   443  190s
  6759  2901   16.81951   39  613   32.00000    6.28729  80.4%   443  195s
  7063  3024   16.28210   25  457   32.00000    6.34625  80.2%   442  200s
  7335  3117   14.87927   27  252   32.00000    6.42278  79.9%   443  206s
  7526  3232 infeasible   47        32.00000    6.46886  79.8%   445  211s
  7765  3273 infeasible   35        32.00000    6.49429  79.7%   452  217s
  8052  3413   12.34539   33  611   32.00000    6.57526  79.5%   455  223s
  8344  3461   19.14855   32  570   32.00000    6.65265  79.2%   458  229s
  8448  3622   19.21960   33  589   32.00000    6.65343  79.2%   458  236s
  8778  3799 infeasible   32        32.00000    6.77814  78.8%   459  242s
  9154  3964   13.34992   24  395   32.00000    6.86987  78.5%   459  249s
  9541  4150   14.01464   43  291   32.00000    7.00000  78.1%   458  256s
  9880  4304   14.75723   38  515   32.00000    7.04985  78.0%   461  263s
 10206  4427   12.97691   27  622   32.00000    7.13120  77.7%   465  271s
 10494  4586     cutoff   40        32.00000    7.18461  77.5%   471  279s
 10885  4760   12.49119   30  204   32.00000    7.31491  77.1%   473  287s
 11289  4963    9.96978   36  528   32.00000    7.39855  76.9%   474  295s
 11786  5087   16.40778   23  368   32.00000    7.55433  76.4%   474  304s
 12157  5230 infeasible   26        32.00000    7.62743  76.2%   478  312s
 12547  5400   23.11837   24  408   32.00000    7.82148  75.6%   480  320s
 13036  5567   20.42906   43  398   32.00000    7.91395  75.3%   481  328s
 13439  5748   19.16891   32  370   32.00000    7.98157  75.1%   482  336s
 13927  5913   15.25085   23  235   32.00000    8.00000  75.0%   482  346s
 14355  6063   10.62226   28  563   32.00000    8.00000  75.0%   485  354s
 14727  6086   26.89681   36  356   32.00000    8.00000  75.0%   490  364s
 14802  6289   12.53526   32  340   32.00000    8.00000  75.0%   490  373s
 15194  6477   19.07546   30  572   32.00000    8.02141  74.9%   492  381s
 15612  6680   19.48363   38  409   32.00000    8.07347  74.8%   493  389s
 16097  6846 infeasible   38        32.00000    8.15889  74.5%   492  397s
 16513  6994   13.56362   32  651   32.00000    8.21336  74.3%   492  405s
 16974  7121   23.65669   43  233   32.00000    8.26826  74.2%   493  414s
 17521  7270   27.24932   34  353   32.00000    8.33243  74.0%   490  422s
 17917  7393   15.63247   27  561   32.00000    8.36116  73.9%   491  430s
 18371  7535   11.27584   34  531   32.00000    8.40933  73.7%   491  438s
 18834  7666   23.70122   35  393   32.00000    8.47879  73.5%   491  446s
 19251  7830   11.71047   23  584   32.00000    8.52551  73.4%   491  453s
 19658  7990   13.96491   42  499   32.00000    8.55560  73.3%   491  461s
 20023  8135 infeasible   33        32.00000    8.61916  73.1%   492  469s
 20431  8136   14.65812   37  381   32.00000    8.65406  73.0%   493  503s
 20437  8140   21.39199   46  658   32.00000    8.65406  73.0%   493  505s
 20445  8148    8.65406   26  662   32.00000    8.65406  73.0%   493  510s
 20451  8154    8.65406   28  638   32.00000    8.65406  73.0%   493  516s
 20463  8162    8.65406   29   44   32.00000    8.65406  73.0%   493  522s
 20473  8171    8.65406   30   42   32.00000    8.65406  73.0%   493  525s
 20534  8215    8.65406   39  612   32.00000    8.65406  73.0%   494  530s
 20628  8278    8.65406   52   34   32.00000    8.65406  73.0%   496  535s
 20822  8321   10.08950   50  523   32.00000    8.65406  73.0%   497  540s
 21037  8369    9.49601   43  495   32.00000    8.65406  73.0%   498  545s
 21169  8411   17.72743   52  345   32.00000    8.65406  73.0%   498  550s
 21388  8466    8.65406   35  495   32.00000    8.65406  73.0%   497  555s
 21591  8511    8.65406   37  576   32.00000    8.65406  73.0%   497  560s
 21764  8534   17.23219   54  545   32.00000    8.65406  73.0%   497  570s
 22052  8602   16.72521   42  429   32.00000    8.65406  73.0%   497  576s
 22279  8653    8.65406   31  524   32.00000    8.65406  73.0%   498  581s
 22462  8670    8.82003   32  593   32.00000    8.65406  73.0%   498  585s
 22752  8707     cutoff   54        32.00000    8.65406  73.0%   498  592s
 22948  8767   26.08020   58  295   32.00000    8.65406  73.0%   499  596s
 23223  8787   13.97246   57  428   32.00000    8.65406  73.0%   498  601s
 23560  8811   14.38765   41  582   32.00000    8.65406  73.0%   497  606s
 23890  8857     cutoff   56        32.00000    8.65406  73.0%   497  612s
 24038  8873   15.06267   37  474   32.00000    8.65406  73.0%   497  615s
 24367  8883   11.67283   39  615   32.00000    8.65406  73.0%   497  622s
 24489  8908    8.99226   37  597   32.00000    8.65406  73.0%   498  625s
 24803  8967   12.22721   55  454   32.00000    8.65406  73.0%   500  632s
 25024  8970 infeasible   45        32.00000    8.65406  73.0%   499  637s
 25191  8989   13.73138   49  334   32.00000    8.65406  73.0%   499  641s
 25380  9043   11.34733   38  529   32.00000    8.65406  73.0%   500  645s
 25614  9009 infeasible   51        32.00000    8.65406  73.0%   499  653s
 25691  9109     cutoff   57        32.00000    8.65406  73.0%   499  658s
 25927  9154   16.68135   53  555   32.00000    8.65406  73.0%   499  662s
 26180  9166    9.84692   48  511   32.00000    8.65406  73.0%   499  667s
 26380  9212   15.37436   42  507   32.00000    8.65406  73.0%   500  672s
 26582  9228   18.93026   47  340   32.00000    8.65406  73.0%   501  677s
 26862  9234   11.31973   45  596   32.00000    8.65406  73.0%   501  682s
 27071  9243 infeasible   46        32.00000    8.65406  73.0%   502  688s
 27371  9253   11.53513   42  556   32.00000    8.65406  73.0%   502  694s
 27663  9289   15.19221   41  456   32.00000    8.65406  73.0%   502  700s
 27984  9337    8.65406   38  536   32.00000    8.65406  73.0%   503  706s
 28355  9329   16.86666   51  545   32.00000    8.65406  73.0%   502  713s
 28608  9393   28.31001   51  559   32.00000    8.65406  73.0%   503  719s
 29000  9345   10.91820   45  595   32.00000    8.65406  73.0%   503  726s
 29309  9367   12.34582   39  562   32.00000    8.65406  73.0%   504  734s
 29623  9361   21.79927   42  481   32.00000    8.65406  73.0%   505  741s
 30063  9331 infeasible   40        32.00000    8.65406  73.0%   505  749s
 30458  9359 infeasible   51        32.00000    8.65406  73.0%   505  758s
 30943  9334   20.03699   41  408   32.00000    8.65406  73.0%   506  768s
 31357  9340 infeasible   55        32.00000    8.65406  73.0%   508  777s
 31811  9318   11.90468   49  504   32.00000    8.65406  73.0%   509  786s
 32249  9307   17.55956   44  657   32.00000    8.65406  73.0%   510  794s
 32755  9256   10.54893   49  515   32.00000    8.65406  73.0%   509  802s
 33117  9284   12.37694   40  470   32.00000    8.65406  73.0%   509  810s
 33472  9220   15.55050   42  275   32.00000    8.65406  73.0%   510  821s
 33608  9405   14.95475   35  451   32.00000    8.65406  73.0%   510  829s
 34104  9395   12.42765   37  593   32.00000    8.65406  73.0%   509  837s
 34593  9325   14.26442   59  475   32.00000    8.65406  73.0%   509  845s
 35001  9336   11.22535   47  333   32.00000    8.65406  73.0%   509  853s
 35387  9340   13.39085   47  523   32.00000    8.65406  73.0%   510  861s
 35795  9347   15.68415   44  514   32.00000    8.70455  72.8%   510  870s
 36253  9285   11.67521   38  352   32.00000    8.76158  72.6%   510  878s
 36699  9255   18.56257   45  418   32.00000    8.82387  72.4%   510  886s
 37079  9229   14.55033   41  429   32.00000    8.86768  72.3%   510  894s
 37462  9174     cutoff   42        32.00000    8.91752  72.1%   511  902s
 37833  9199   13.77839   41  560   32.00000    8.98020  71.9%   511  911s
 38305  9112 infeasible   43        32.00000    9.02673  71.8%   511  918s
 38699  9115 infeasible   50        32.00000    9.07598  71.6%   512  927s
 39110  9130     cutoff   53        32.00000    9.10995  71.5%   512  935s
 39569  9079 infeasible   39        32.00000    9.15405  71.4%   511  943s
 39999  9004     cutoff   48        32.00000    9.19079  71.3%   511  951s
 40306  9046   19.09671   45  450   32.00000    9.20151  71.2%   511  959s
 40656  9022 infeasible   45        32.00000    9.25980  71.1%   512  967s
 41064  9000   14.55760   48  443   32.00000    9.30166  70.9%   512  975s
 41464  8977   17.79118   39  481   32.00000    9.34014  70.8%   513  983s
 41923  8924   19.21932   36  421   32.00000    9.38709  70.7%   513  991s
 42255  8857   17.35854   43  418   32.00000    9.45031  70.5%   514  999s
 42600  8867   12.12907   37  630   32.00000    9.49324  70.3%   514 1007s
 43044  8782   17.53827   45  533   32.00000    9.53391  70.2%   514 1016s
 43293  8788   19.73599   41  561   32.00000    9.55623  70.1%   515 1024s
 43663  8775 infeasible   54        32.00000    9.60662  70.0%   515 1032s
 44022  8769 infeasible   42        32.00000    9.63375  69.9%   516 1040s
 44458  8729   14.79108   38  490   32.00000    9.67058  69.8%   516 1049s
 44811  8701   13.01414   49  494   32.00000    9.69917  69.7%   517 1057s
 45227  8802   10.00000   34   18   32.00000    9.75314  69.5%   517 1065s
 45729  8885   27.58230   40  263   32.00000    9.80018  69.4%   517 1073s
 46086  8976   20.79245   46  437   32.00000    9.82175  69.3%   517 1082s
 46467  9015   17.87400   45  534   32.00000    9.86334  69.2%   517 1092s
 46657  9135   10.42893   37  491   32.00000    9.90669  69.0%   518 1100s
 47164  9261 infeasible   49        32.00000    9.98106  68.8%   517 1109s
 47661  9447   14.61966   49  564   32.00000   10.00000  68.8%   516 1119s
 48151  9658     cutoff   51        32.00000   10.00000  68.8%   517 1128s
 48674  9807 infeasible   47        32.00000   10.00000  68.8%   517 1137s
 49374  9923   11.13233   36  356   32.00000   10.00000  68.8%   516 1146s
 49895 10048   17.51749   46  531   32.00000   10.00000  68.8%   515 1154s
 50316 10124     cutoff   60        32.00000   10.05348  68.6%   515 1162s
 50662 10196   27.90584   47  299   32.00000   10.11305  68.4%   516 1170s
 51069 10329   20.08755   53  491   32.00000   10.16681  68.2%   516 1177s
 51488 10425   18.94067   49  498   32.00000   10.23965  68.0%   516 1185s
 51881 10510   26.97511   50  578   32.00000   10.29323  67.8%   516 1193s
 52212 10621   17.86474   58  320   32.00000   10.34809  67.7%   516 1201s
 52595 10747   16.29429   50  452   32.00000   10.40274  67.5%   516 1209s
 53013 10855   10.86821   37  555   32.00000   10.44252  67.4%   516 1217s
 53414 10967 infeasible   45        32.00000   10.49002  67.2%   516 1225s
 53872 11118   29.67355   44  263   32.00000   10.54180  67.1%   516 1233s
 54368 11193 infeasible   57        32.00000   10.57383  67.0%   515 1241s
 54761 11259   14.01643   39  447   32.00000   10.61558  66.8%   515 1249s
 55163 11426   18.62158   43  542   32.00000   10.67327  66.6%   515 1256s
 55595 11498     cutoff   58        32.00000   10.69866  66.6%   515 1264s
 55890 11607   26.05313   55  364   32.00000   10.72595  66.5%   516 1272s
 56264 11731 infeasible   58        32.00000   10.75602  66.4%   516 1280s
 56623 11843   20.14846   43  427   32.00000   10.77793  66.3%   516 1288s
 56995 11929   19.31860   41  442   32.00000   10.79778  66.3%   517 1296s
 57321 12105 infeasible   44        32.00000   10.81781  66.2%   517 1304s
 57716 12249   12.15719   50  457   32.00000   10.83233  66.1%   517 1312s
 58158 12371   19.33132   45  404   32.00000   10.84492  66.1%   516 1320s
 58554 12444   15.97536   36  490   32.00000   10.87361  66.0%   517 1328s
 58943 12516   29.42852   48  253   32.00000   10.90072  65.9%   517 1336s
 59217 12626   14.75408   37  579   32.00000   10.90618  65.9%   517 1344s
 59621 12737   26.02714   42  292   32.00000   10.93621  65.8%   517 1352s
 60089 12775 infeasible   39        32.00000   10.96566  65.7%   517 1360s
 60468 12852   16.06571   41  488   32.00000   10.98641  65.7%   517 1368s
 60847 12978 infeasible   41        32.00000   11.01824  65.6%   517 1375s
 61329 13078 infeasible   40        32.00000   11.03532  65.5%   517 1384s
 61725 13171   28.09330   44  284   32.00000   11.06369  65.4%   517 1392s
 62138 13297   13.58581   45  577   32.00000   11.07921  65.4%   517 1400s
 62648 13389 infeasible   52        32.00000   11.10497  65.3%   516 1408s
 63009 13478   17.09386   37  422   32.00000   11.11963  65.3%   517 1416s
 63415 13607 infeasible   44        32.00000   11.14346  65.2%   517 1424s
 63957 13699   17.65757   39  404   32.00000   11.16282  65.1%   516 1432s
 64365 13765 infeasible   41        32.00000   11.18855  65.0%   516 1440s
 64721 13894   14.38977   38  526   32.00000   11.22601  64.9%   516 1447s
 65143 13966   17.86094   54  407   32.00000   11.24175  64.9%   516 1455s
 65485 14052 infeasible   52        32.00000   11.25776  64.8%   517 1463s
 65879 14111   12.37244   48  496   32.00000   11.28195  64.7%   517 1471s
 66273 14220   19.42595   53  458   32.00000   11.30678  64.7%   517 1479s
 66604 14300   13.81173   42  577   32.00000   11.31995  64.6%   517 1487s
 66988 14397 infeasible   54        32.00000   11.33503  64.6%   517 1495s
 67402 14529 infeasible   39        32.00000   11.35387  64.5%   517 1502s
 67924 14619   17.60283   50  486   32.00000   11.37287  64.5%   516 1510s
 68391 14735   16.65487   50  496   32.00000   11.39633  64.4%   516 1518s
 68847 14808     cutoff   60        32.00000   11.41899  64.3%   516 1526s
 69197 14871 infeasible   48        32.00000   11.43414  64.3%   516 1533s
 69581 14941   17.26316   48  425   32.00000   11.45943  64.2%   516 1541s
 69983 15049   20.96118   45  571   32.00000   11.48048  64.1%   516 1549s
 70408 15095   28.72999   47  252   32.00000   11.49616  64.1%   516 1557s
 70768 15181   15.29608   42  469   32.00000   11.51411  64.0%   516 1565s
 71150 15303 infeasible   52        32.00000   11.53734  63.9%   516 1573s
 71751 15406 infeasible   47        32.00000   11.56207  63.9%   515 1580s
 72187 15468   18.17318   45  349   32.00000   11.57918  63.8%   515 1588s
 72571 15563   14.91598   48  434   32.00000   11.59597  63.8%   515 1595s
 73060 15602 infeasible   52        32.00000   11.61124  63.7%   515 1608s
 73296 15699   24.52463   55  414   32.00000   11.62266  63.7%   515 1615s
 73689 15754   24.02065   45  525   32.00000   11.64718  63.6%   515 1623s
 74208 15841   14.18974   50  456   32.00000   11.66452  63.5%   515 1630s
 74623 15946   17.04433   49  536   32.00000   11.69071  63.5%   515 1638s
 75186 16017   16.13135   43  514   32.00000   11.71603  63.4%   514 1645s
 75526 16075   15.10415   39  455   32.00000   11.73143  63.3%   514 1653s
 75966 16198   14.65918   43  268   32.00000   11.75336  63.3%   514 1661s
 76393 16259 infeasible   49        32.00000   11.76902  63.2%   514 1668s
 76694 16308 infeasible   43        32.00000   11.78886  63.2%   514 1676s
 77118 16373   20.92984   43  359   32.00000   11.81794  63.1%   514 1684s
 77488 16439   19.37427   41  430   32.00000   11.84187  63.0%   514 1691s
 77879 16536   17.75704   41  516   32.00000   11.86026  62.9%   514 1699s
 78240 16630   18.65368   43  583   32.00000   11.88781  62.9%   514 1707s
 78659 16674   15.93231   51  460   32.00000   11.91477  62.8%   514 1714s
 79012 16767   23.98318   51  374   32.00000   11.93273  62.7%   514 1722s
 79550 16808 infeasible   44        32.00000   11.96032  62.6%   513 1729s
 79903 16899   19.42682   39  368   32.00000   11.97787  62.6%   514 1737s
 80390 17099   15.73529   51  552   32.00000   11.99884  62.5%   513 1744s
 81063 17188 infeasible   37        32.00000   12.00000  62.5%   512 1752s
 81653 17235   28.43445   44  320   32.00000   12.01144  62.5%   512 1760s
 81900 17333   19.08797   49  455   32.00000   12.02450  62.4%   511 1767s
 82317 17380   16.03740   49  428   32.00000   12.04981  62.3%   511 1774s
 82693 17440 infeasible   44        32.00000   12.06205  62.3%   511 1782s
 83048 17548 infeasible   48        32.00000   12.09589  62.2%   511 1789s
 83413 17599   15.96390   56  356   32.00000   12.11881  62.1%   511 1796s
 83814 17612   28.21589   51  330   32.00000   12.14154  62.1%   511 1803s
 84201 17708   21.07986   40  448   32.00000   12.16132  62.0%   511 1810s
 84652 17786   25.89282   49  495   32.00000   12.18960  61.9%   511 1818s
 85070 17935   19.75610   47  555   32.00000   12.21245  61.8%   511 1825s
 85590 17975   20.16950   52  486   32.00000   12.23538  61.8%   510 1832s
 85992 17986 infeasible   37        32.00000   12.26234  61.7%   510 1842s
 86191 17995 infeasible   58        32.00000   12.26589  61.7%   510 1849s
 86515 18070   20.65852   46  552   32.00000   12.30891  61.5%   510 1856s
 86898 18201 infeasible   47        32.00000   12.33347  61.5%   510 1863s
 87312 18295   15.80656   37  518   32.00000   12.35608  61.4%   510 1870s
 87721 18327   19.15408   48  554   32.00000   12.37496  61.3%   510 1878s
 88052 18461   17.87992   48  269   32.00000   12.38971  61.3%   510 1885s
 88473 18509 infeasible   57        32.00000   12.40409  61.2%   510 1892s
 88876 18540 infeasible   52        32.00000   12.43023  61.2%   510 1900s
 89237 18638 infeasible   45        32.00000   12.44616  61.1%   510 1907s
 89683 18725   18.55946   49  564   32.00000   12.47077  61.0%   510 1914s
 90097 18776   16.53897   44  429   32.00000   12.49516  61.0%   510 1922s
 90481 18869   20.48323   46  561   32.00000   12.51503  60.9%   510 1929s
 90963 18926   29.07303   46  334   32.00000   12.54023  60.8%   509 1936s
 91334 19009   15.25197   43  548   32.00000   12.55498  60.8%   510 1944s
 91749 19073   16.47113   55  425   32.00000   12.57039  60.7%   509 1951s
 92193 19150   15.15935   53  426   32.00000   12.58865  60.7%   509 1958s
 92593 19245   13.33718   46  478   32.00000   12.60569  60.6%   509 1965s
 93022 19309   27.13460   48  410   32.00000   12.62073  60.6%   509 1972s
 93459 19348 infeasible   45        32.00000   12.63330  60.5%   509 1980s
 93812 19416   14.97186   37  258   32.00000   12.65857  60.4%   509 1987s
 94254 19506   14.69188   43  453   32.00000   12.68471  60.4%   509 1994s
 94673 19572   14.99686   46  589   32.00000   12.69620  60.3%   508 2002s
 95005 19682   23.13270   56  374   32.00000   12.72130  60.2%   509 2009s
 95445 19740   23.71001   40  417   32.00000   12.74251  60.2%   508 2016s
 95884 19804 infeasible   43        32.00000   12.76488  60.1%   508 2023s
 96291 19888   18.16338   42  592   32.00000   12.78168  60.1%   508 2030s
 96707 19921   17.65604   46  462   32.00000   12.79446  60.0%   508 2037s
 97117 19987   27.90131   54  421   32.00000   12.80974  60.0%   508 2045s
 97476 20090   15.81999   50  448   32.00000   12.82654  59.9%   508 2052s
 97888 20150   15.74204   37  311   32.00000   12.83451  59.9%   508 2059s
 98326 20222   18.38902   42  421   32.00000   12.85404  59.8%   508 2066s
 98727 20257   21.35250   54  498   32.00000   12.87364  59.8%   508 2077s
 98928 20326 infeasible   49        32.00000   12.87711  59.8%   507 2084s
 99324 20422   17.05304   39  457   32.00000   12.89444  59.7%   508 2091s
 99764 20503 infeasible   47        32.00000   12.90866  59.7%   507 2099s
 100175 20626   20.64432   41  402   32.00000   12.92505  59.6%   507 2106s
 100629 20711 infeasible   41        32.00000   12.93633  59.6%   507 2113s
 101048 20771   17.29632   51  484   32.00000   12.94949  59.5%   507 2120s
 101437 20853   18.47073   41  429   32.00000   12.96466  59.5%   507 2127s
 101895 20891   27.05470   60  384   32.00000   12.98447  59.4%   507 2135s
 102307 20916   24.92825   44  424   32.00000   13.00726  59.4%   507 2142s
 102640 21001 infeasible   45        32.00000   13.02597  59.3%   507 2149s
 103115 21020   26.34639   48  272   32.00000   13.04634  59.2%   507 2156s
 103500 21084   21.00632   46  371   32.00000   13.06725  59.2%   507 2163s
 103840 21196   16.29085   59  427   32.00000   13.08032  59.1%   507 2171s
 104330 21245   17.79077   40  612   32.00000   13.09286  59.1%   506 2178s
 104680 21321   13.74850   53  535   32.00000   13.11192  59.0%   507 2185s
 105071 21372   14.46148   43  655   32.00000   13.13175  59.0%   506 2193s
 105565 21454   19.61547   51  549   32.00000   13.15322  58.9%   506 2200s
 105936 21507   19.48205   51  408   32.00000   13.16249  58.9%   506 2207s
 106338 21603   17.00385   54  583   32.00000   13.18038  58.8%   506 2214s
 106750 21657   18.74012   45  531   32.00000   13.19690  58.8%   506 2221s
 107115 21697   28.99441   48  363   32.00000   13.20967  58.7%   506 2228s
 107476 21798   25.44530   50  532   32.00000   13.22376  58.7%   506 2236s
 107953 21854   17.50723   44  500   32.00000   13.23894  58.6%   506 2243s
 108359 21915   19.03944   46  567   32.00000   13.25073  58.6%   506 2251s
 108706 22008   29.41316   41  275   32.00000   13.25981  58.6%   506 2258s
 109199 22077   21.04579   54  441   32.00000   13.27184  58.5%   505 2265s
 109569 22156   22.98899   46  385   32.00000   13.28406  58.5%   505 2272s
 110031 22282 infeasible   49        32.00000   13.29093  58.5%   505 2279s
 110477 22373 infeasible   52        32.00000   13.30934  58.4%   505 2286s
 110897 22435 infeasible   47        32.00000   13.32348  58.4%   505 2294s
 111314 22505   13.50984   52  534   32.00000   13.33724  58.3%   504 2301s
 111659 22562   18.84114   45  542   32.00000   13.34015  58.3%   504 2308s
 112034 22636 infeasible   50        32.00000   13.35307  58.3%   504 2315s
 112553 22691 infeasible   50        32.00000   13.36805  58.2%   504 2322s
 112963 22779   14.50246   43  526   32.00000   13.38961  58.2%   504 2329s
 113402 22850   29.76208   44  197   32.00000   13.40119  58.1%   504 2336s
 113870 22911 infeasible   56        32.00000   13.41535  58.1%   503 2343s
 114215 22965   13.61604   49  435   32.00000   13.42522  58.0%   503 2350s
 114591 22984   20.14354   42  501   32.00000   13.44028  58.0%   503 2357s
 114953 23020   18.09996   49  436   32.00000   13.46070  57.9%   504 2364s
 115326 23071   19.58597   55  450   32.00000   13.47041  57.9%   504 2377s
 115757 23143 infeasible   54        32.00000   13.48703  57.9%   503 2383s
 116305 23182   25.03134   55  367   32.00000   13.50420  57.8%   503 2391s
 116657 23245   21.71579   40  424   32.00000   13.51575  57.8%   503 2398s
 117087 23350   20.66342   55  404   32.00000   13.53392  57.7%   503 2405s
 117637 23378   16.14455   49  436   32.00000   13.55111  57.7%   502 2412s
 118080 23431   24.21031   40  410   32.00000   13.56601  57.6%   502 2419s
 118502 23494 infeasible   61        32.00000   13.58217  57.6%   502 2427s
 118784 23524   28.48466   40  395   32.00000   13.58466  57.5%   502 2434s
 119160 23582   17.95037   55  445   32.00000   13.60208  57.5%   502 2441s
 119580 23663 infeasible   44        32.00000   13.61565  57.5%   502 2448s
 120005 23715 infeasible   49        32.00000   13.62672  57.4%   501 2455s
 120430 23828 infeasible   55        32.00000   13.64412  57.4%   501 2462s
 120965 23860 infeasible   48        32.00000   13.65749  57.3%   501 2469s
 121359 23916 infeasible   45        32.00000   13.67049  57.3%   501 2476s
 121754 23989 infeasible   40        32.00000   13.68454  57.2%   501 2483s
 122170 24051 infeasible   51        32.00000   13.69514  57.2%   501 2490s
 122535 24079 infeasible   43        32.00000   13.71043  57.2%   501 2498s
 122783 24147   24.93602   53  346   32.00000   13.71159  57.2%   501 2505s
 123234 24244   15.63082   40  528   32.00000   13.72654  57.1%   500 2512s
 123674 24284 infeasible   42        32.00000   13.73698  57.1%   500 2519s
 124090 24322   18.45795   40  553   32.00000   13.74865  57.0%   500 2526s
 124430 24420   23.56006   51  493   32.00000   13.75817  57.0%   500 2533s
 124920 24445   27.09486   53  521   32.00000   13.77536  57.0%   500 2540s
 125316 24522   14.77053   41  614   32.00000   13.79516  56.9%   500 2547s
 125744 24569 infeasible   38        32.00000   13.80147  56.9%   499 2554s
 126197 24620 infeasible   44        32.00000   13.81775  56.8%   499 2560s
 126570 24650   17.08682   39  600   32.00000   13.83328  56.8%   499 2567s
 126979 24701   18.03240   41  594   32.00000   13.84768  56.7%   499 2574s
 127440 24744 infeasible   45        32.00000   13.86604  56.7%   499 2581s
 127823 24770   26.28335   41  399   32.00000   13.87510  56.6%   499 2588s
 128209 24823   17.23989   45  583   32.00000   13.89607  56.6%   499 2595s
 128557 24884 infeasible   52        32.00000   13.90874  56.5%   499 2602s
 129015 24916   24.32462   46  357   32.00000   13.92305  56.5%   498 2609s
 129387 24936   22.50660   40  399   32.00000   13.93527  56.5%   498 2615s
 129797 25012 infeasible   44        32.00000   13.94594  56.4%   498 2622s
 130290 25066 infeasible   42        32.00000   13.96544  56.4%   498 2629s
 130636 25098   19.61785   45  372   32.00000   13.97869  56.3%   498 2636s
 131134 25280   28.21273   43  314   32.00000   14.00000  56.2%   498 2643s
 131847 25309   19.93503   53  571   32.00000   14.00853  56.2%   497 2650s
 132202 25364   19.60712   51  415   32.00000   14.02136  56.2%   497 2656s
 132625 25360   21.61492   48  598   32.00000   14.03866  56.1%   497 2663s
 132972 25380   16.97176   41  553   32.00000   14.04992  56.1%   497 2674s
 133121 25394   18.31886   42  471   32.00000   14.05108  56.1%   497 2680s
 133449 25465   20.80245   41  463   32.00000   14.07242  56.0%   497 2687s
 133904 25515   16.18228   40  435   32.00000   14.08705  56.0%   497 2694s
 134274 25540 infeasible   47        32.00000   14.10349  55.9%   497 2701s
 134699 25602 infeasible   52        32.00000   14.11862  55.9%   497 2707s
 135172 25624   17.62729   43  601   32.00000   14.14441  55.8%   496 2714s
 135560 25689   20.11435   43  464   32.00000   14.15897  55.8%   496 2721s
 135940 25743   15.55639   47  283   32.00000   14.17750  55.7%   496 2728s
 136428 25772 infeasible   41        32.00000   14.19190  55.7%   496 2734s
 136816 25819   19.55093   50  446   32.00000   14.20387  55.6%   496 2741s
 137338 25844 infeasible   45        32.00000   14.22195  55.6%   495 2747s
 137701 25885   20.01148   50  400   32.00000   14.23699  55.5%   495 2754s
 138091 25962 infeasible   46        32.00000   14.25124  55.5%   495 2761s
 138569 25994 infeasible   53        32.00000   14.26151  55.4%   495 2768s
 138939 26042 infeasible   60        32.00000   14.27880  55.4%   495 2774s
 139379 26087   15.13328   40  607   32.00000   14.29640  55.3%   495 2781s
 139816 26094 infeasible   41        32.00000   14.31058  55.3%   494 2788s
 140211 26117 infeasible   42        32.00000   14.33524  55.2%   494 2794s
 140596 26216   20.18025   45  436   32.00000   14.35219  55.1%   494 2801s
 141044 26287 infeasible   56        32.00000   14.36679  55.1%   494 2808s
 141462 26322 infeasible   52        32.00000   14.38116  55.1%   494 2814s
 141866 26430 infeasible   38        32.00000   14.38475  55.0%   494 2821s
 142375 26440 infeasible   54        32.00000   14.39931  55.0%   493 2827s
 142770 26479   16.57578   44  585   32.00000   14.41229  55.0%   493 2833s
 143189 26512   18.94161   39  417   32.00000   14.42816  54.9%   493 2840s
 143605 26562   20.74711   36  381   32.00000   14.44040  54.9%   493 2847s
 143920 26593   17.97021   45  442   32.00000   14.44787  54.9%   493 2853s
 144289 26606   18.90061   46  422   32.00000   14.46494  54.8%   493 2860s
 144684 26694 infeasible   57        32.00000   14.48545  54.7%   493 2866s
 145151 26726   28.26279   50  415   32.00000   14.49937  54.7%   492 2873s
 145585 26806   28.02519   58  316   32.00000   14.51609  54.6%   492 2879s
 146035 26869   28.86118   51  607   32.00000   14.52943  54.6%   492 2886s
 146436 26911 infeasible   52        32.00000   14.54587  54.5%   492 2893s
 146819 27005   18.78936   40  311   32.00000   14.56027  54.5%   492 2899s
 147320 27081   22.05947   45  517   32.00000   14.57331  54.5%   491 2906s
 147798 27141 infeasible   60        32.00000   14.59174  54.4%   491 2912s
 148241 27238   20.34242   39  425   32.00000   14.60127  54.4%   491 2918s
 148594 27350   24.13360   57  458   32.00000   14.61175  54.3%   491 2925s
 149134 27371   16.00779   52  360   32.00000   14.61873  54.3%   490 2931s
 149529 27369   19.95265   40  618   32.00000   14.63268  54.3%   490 2939s
 149676 27372     cutoff   48        32.00000   14.63765  54.3%   490 2945s
 150044 27440   21.57317   48  579   32.00000   14.65609  54.2%   490 2952s
 150454 27455 infeasible   44        32.00000   14.67425  54.1%   490 2958s
 150818 27491   29.92761   47  244   32.00000   14.68461  54.1%   490 2964s
 151223 27576   16.02731   44  625   32.00000   14.69960  54.1%   490 2971s
 151741 27608 infeasible   45        32.00000   14.70884  54.0%   490 2977s
 152126 27628   17.50632   43  374   32.00000   14.72071  54.0%   489 2984s
 152490 27685   23.48265   51  396   32.00000   14.73510  54.0%   489 2990s
 152966 27694   26.54656   50  363   32.00000   14.74989  53.9%   489 2996s
 153357 27703   22.20615   53  394   32.00000   14.76372  53.9%   489 3003s
 153728 27788     cutoff   44        32.00000   14.78566  53.8%   489 3009s
 154191 27858   29.38018   55  277   32.00000   14.79058  53.8%   489 3015s
 154565 27912   20.25605   42  505   32.00000   14.79875  53.8%   489 3021s
 155053 27939   17.08362   56  432   32.00000   14.80653  53.7%   488 3028s
 155391 28017   22.39396   48  409   32.00000   14.81455  53.7%   488 3034s
 155872 28054 infeasible   43        32.00000   14.82217  53.7%   488 3040s
 156271 28055   21.33172   41  483   32.00000   14.82959  53.7%   488 3046s
 156682 28118   19.15266   41  448   32.00000   14.84507  53.6%   488 3053s
 156982 28139   23.56437   48  594   32.00000   14.85057  53.6%   488 3059s
 157395 28177   16.93043   43  552   32.00000   14.87098  53.5%   487 3066s
 157780 28249   15.59038   40  602   32.00000   14.88524  53.5%   487 3072s
 158180 28274   22.60416   42  422   32.00000   14.89680  53.4%   487 3078s
 158554 28288     cutoff   50        32.00000   14.90797  53.4%   487 3085s
 158903 28376   20.63030   48  453   32.00000   14.92281  53.4%   487 3091s
 159422 28400     cutoff   43        32.00000   14.93752  53.3%   487 3097s
 159853 28438   22.05747   54  328   32.00000   14.95029  53.3%   487 3104s
 160227 28506 infeasible   40        32.00000   14.96531  53.2%   487 3111s
 160711 28535 infeasible   43        32.00000   14.97653  53.2%   486 3118s
 161047 28589   19.29437   47  508   32.00000   14.98956  53.2%   486 3124s
 161398 28613   22.71526   45  309   32.00000   14.99963  53.1%   486 3132s
 161638 28664 infeasible   44        32.00000   15.00173  53.1%   486 3139s
 162109 28726 infeasible   42        32.00000   15.01579  53.1%   486 3145s
 162542 28783   25.63441   42  421   32.00000   15.02429  53.0%   486 3151s
 162912 28848   17.67730   51  417   32.00000   15.03359  53.0%   486 3157s
 163340 28872 infeasible   50        32.00000   15.04018  53.0%   485 3164s
 163696 28897   22.45341   46  485   32.00000   15.05267  53.0%   485 3170s
 164072 28963   26.38962   43  369   32.00000   15.06485  52.9%   485 3176s
 164576 28970 infeasible   46        32.00000   15.07894  52.9%   485 3183s
 164926 29001   23.36019   45  355   32.00000   15.09135  52.8%   485 3189s
 165348 29112     cutoff   47        32.00000   15.10366  52.8%   485 3195s
 165856 29135   21.30313   45  393   32.00000   15.11468  52.8%   485 3202s
 166253 29163     cutoff   47        32.00000   15.12802  52.7%   484 3208s
 166661 29222   16.38157   39  504   32.00000   15.14277  52.7%   484 3214s
 167082 29230 infeasible   49        32.00000   15.15429  52.6%   484 3221s
 167423 29231   20.83098   40  421   32.00000   15.16639  52.6%   484 3227s
 167761 29278   19.93066   44  487   32.00000   15.17946  52.6%   484 3233s
 168228 29275   18.04833   41  467   32.00000   15.19222  52.5%   484 3239s
 168564 29313   18.54857   63  376   32.00000   15.20298  52.5%   484 3246s
 168946 29410   24.15474   49  467   32.00000   15.21253  52.5%   484 3252s
 169464 29428   20.73200   53  425   32.00000   15.22340  52.4%   484 3258s
 169788 29456   18.60851   45  512   32.00000   15.24063  52.4%   484 3265s
 170249 29532   17.45144   45  619   32.00000   15.25245  52.3%   484 3271s
 170740 29546   17.69622   58  460   32.00000   15.26036  52.3%   483 3277s
 171127 29583   21.04850   52  350   32.00000   15.27416  52.3%   483 3284s
 171505 29657   20.13924   54  386   32.00000   15.28341  52.2%   483 3290s
 172011 29690     cutoff   46        32.00000   15.29361  52.2%   483 3296s
 172398 29729 infeasible   53        32.00000   15.30793  52.2%   483 3303s
 172662 29745     cutoff   65        32.00000   15.30960  52.2%   483 3310s
 173067 29800   19.69999   51  415   32.00000   15.32392  52.1%   483 3316s
 173466 29855   22.21049   50  560   32.00000   15.33479  52.1%   483 3323s
 173892 29904   22.98838   45  460   32.00000   15.34203  52.1%   482 3329s
 174414 29993 infeasible   49        32.00000   15.35342  52.0%   482 3335s
 174948 30013 infeasible   43        32.00000   15.36392  52.0%   482 3341s
 175335 30048 infeasible   42        32.00000   15.37502  52.0%   482 3347s
 175679 30135   22.60547   50  544   32.00000   15.38349  51.9%   482 3354s
 176145 30154 infeasible   44        32.00000   15.39295  51.9%   481 3360s
 176561 30234   17.87773   47  486   32.00000   15.40373  51.9%   481 3366s
 176985 30267   17.88856   40  524   32.00000   15.41336  51.8%   481 3372s
 177399 30298   21.46588   53  438   32.00000   15.42664  51.8%   481 3380s
 177732 30388   21.02638   41  435   32.00000   15.43471  51.8%   481 3385s
 178269 30391 infeasible   43        32.00000   15.44646  51.7%   480 3392s
 178642 30485   16.15635   45  577   32.00000   15.46310  51.7%   480 3398s
 179089 30507   17.80424   40  492   32.00000   15.47116  51.7%   480 3404s
 179512 30527   17.68925   43  477   32.00000   15.48161  51.6%   480 3410s
 179944 30588   29.45776   45  379   32.00000   15.50088  51.6%   480 3416s
 180364 30634   20.24670   39  423   32.00000   15.50869  51.5%   479 3422s
 180822 30642     cutoff   47        32.00000   15.52185  51.5%   479 3430s
 181059 30724   19.66782   45  424   32.00000   15.52962  51.5%   479 3435s
 181535 30753   21.67262   50  558   32.00000   15.54602  51.4%   479 3441s
 181917 30776   20.22842   48  417   32.00000   15.55803  51.4%   479 3448s
 182299 30807 infeasible   40        32.00000   15.56548  51.4%   479 3454s
 182725 30873   22.75796   50  405   32.00000   15.57877  51.3%   478 3460s
 183212 30892   16.28160   38  320   32.00000   15.58648  51.3%   478 3466s
 183680 30966 infeasible   51        32.00000   15.60517  51.2%   478 3472s
 184227 30985 infeasible   42        32.00000   15.61437  51.2%   477 3478s
 184593 30999   21.59298   39  411   32.00000   15.62520  51.2%   477 3483s
 184999 31068   18.09858   41  418   32.00000   15.64713  51.1%   477 3489s
 185486 31080 infeasible   49        32.00000   15.65420  51.1%   477 3495s
 185731 31108 infeasible   53        32.00000   15.66010  51.1%   477 3502s
 186086 31161   18.68366   51  421   32.00000   15.67149  51.0%   477 3507s
 186573 31212 infeasible   40        32.00000   15.68206  51.0%   476 3513s
 186964 31212   22.39353   46  549   32.00000   15.68722  51.0%   476 3519s
 187304 31247   25.23991   45  589   32.00000   15.70396  50.9%   476 3528s
 187544 31230   22.75139   46  555   32.00000   15.70470  50.9%   476 3534s
 187971 31293 infeasible   42        32.00000   15.72148  50.9%   476 3540s
 188427 31331   18.13036   43  588   32.00000   15.73153  50.8%   476 3546s
 188826 31383   28.96918   59  570   32.00000   15.74177  50.8%   476 3552s
 189269 31467   28.64393   61  406   32.00000   15.75969  50.8%   475 3558s
 189723 31492   23.50547   48  380   32.00000   15.77065  50.7%   475 3564s
 190103 31519   18.44307   48  557   32.00000   15.78005  50.7%   475 3570s
 190480 31547     cutoff   49        32.00000   15.78949  50.7%   475 3576s
 190929 31567   26.35193   55  408   32.00000   15.79853  50.6%   475 3582s
 191341 31595   16.34597   43  583   32.00000   15.80914  50.6%   475 3588s
 191679 31627   28.79954   65  405   32.00000   15.81891  50.6%   475 3593s
 192107 31626   18.79220   48  464   32.00000   15.83003  50.5%   474 3599s
 192502 31628   23.41154   50  340   32.00000   15.84436  50.5%   474 3605s
 192914 31723   18.29407   42  441   32.00000   15.85741  50.4%   474 3611s
 193321 31736 infeasible   51        32.00000   15.87399  50.4%   474 3617s
 193733 31777   24.63117   51  465   32.00000   15.88692  50.4%   474 3623s
 194180 31803 infeasible   56        32.00000   15.89984  50.3%   474 3629s
 194614 31822     cutoff   54        32.00000   15.91538  50.3%   474 3635s
 195004 31851   17.86083   39  410   32.00000   15.92916  50.2%   473 3641s
 195420 31931 infeasible   51        32.00000   15.94430  50.2%   473 3646s
 195889 31974 infeasible   63        32.00000   15.95631  50.1%   473 3652s
 196257 32024   20.89701   50  497   32.00000   15.96673  50.1%   473 3658s
 196752 32028 infeasible   51        32.00000   15.97782  50.1%   473 3664s
 197201 32042   18.35010   54  408   32.00000   15.99120  50.0%   472 3670s
 197657 32077   22.38349   45  424   32.00000   16.01096  50.0%   472 3675s
 198129 32093   18.74908   41  356   32.00000   16.02227  49.9%   472 3681s
 198447 32108   17.45633   43  501   32.00000   16.03639  49.9%   472 3687s
 198810 32164   17.04854   53  473   32.00000   16.04430  49.9%   472 3693s
 199271 32170   20.93887   41  410   32.00000   16.06039  49.8%   472 3699s
 199621 32157 infeasible   58        32.00000   16.07600  49.8%   472 3704s
 200049 32196   21.37601   53  428   32.00000   16.09369  49.7%   472 3710s
 200530 32203   17.74726   43  406   32.00000   16.10946  49.7%   471 3716s
 200850 32261   21.36915   44  375   32.00000   16.11600  49.6%   471 3721s
 201253 32265   28.11946   57  369   32.00000   16.12985  49.6%   471 3727s
 201639 32275   27.43697   50  390   32.00000   16.14514  49.5%   471 3740s
 201913 32334   16.32512   41  570   32.00000   16.15163  49.5%   471 3746s
 202445 32320 infeasible   43        32.00000   16.16340  49.5%   471 3752s
 202825 32334   27.32477   46  367   32.00000   16.17868  49.4%   471 3758s
 203243 32393     cutoff   49        32.00000   16.19435  49.4%   471 3763s
 203677 32382 infeasible   44        32.00000   16.20900  49.3%   470 3770s
 203984 32386 infeasible   56        32.00000   16.22077  49.3%   470 3775s
 204439 32430 infeasible   50        32.00000   16.23598  49.3%   470 3781s
 204876 32427 infeasible   47        32.00000   16.24753  49.2%   470 3787s
 205275 32457   22.91496   60  410   32.00000   16.25790  49.2%   470 3793s
 205701 32476   27.38324   55  318   32.00000   16.28141  49.1%   470 3798s
 206158 32469 infeasible   59        32.00000   16.29515  49.1%   469 3804s
 206561 32462   20.30343   46  293   32.00000   16.30961  49.0%   469 3810s
 206992 32501   28.37023   64  328   32.00000   16.32814  49.0%   469 3816s
 207394 32549   26.29979   42  404   32.00000   16.33598  49.0%   469 3821s
 207770 32564   17.56786   44  547   32.00000   16.34332  48.9%   469 3827s
 208082 32631   18.51541   56  404   32.00000   16.35486  48.9%   469 3833s
 208507 32649 infeasible   50        32.00000   16.36037  48.9%   469 3839s
 208888 32699   26.65333   54  290   32.00000   16.37525  48.8%   469 3845s
 209348 32695     cutoff   52        32.00000   16.38616  48.8%   469 3851s
 209765 32733 infeasible   43        32.00000   16.39913  48.8%   468 3857s
 210269 32789   21.21169   48  491   32.00000   16.41180  48.7%   468 3862s
 210692 32781   24.56193   44  565   32.00000   16.42301  48.7%   468 3868s
 211130 32788   22.30085   63  460   32.00000   16.44336  48.6%   468 3874s
 211541 32825   19.85498   42  563   32.00000   16.45804  48.6%   468 3879s
 211965 32808   29.74037   49  458   32.00000   16.46483  48.5%   468 3885s
 212366 32833   26.54784   56  358   32.00000   16.48485  48.5%   467 3890s
 212814 32849   21.27997   45  575   32.00000   16.49938  48.4%   467 3896s
 213214 32830   21.58440   62  399   32.00000   16.50972  48.4%   467 3902s
 213640 32896   21.35781   44  400   32.00000   16.53024  48.3%   467 3907s
 214112 32891   20.72064   54  407   32.00000   16.54141  48.3%   467 3918s
 214258 32904   19.89559   39  312   32.00000   16.54713  48.3%   467 3924s
 214647 32938   22.32544   47  500   32.00000   16.56292  48.2%   467 3930s
 215100 32989   23.30391   48  457   32.00000   16.57317  48.2%   466 3935s
 215499 33048   20.18870   40  536   32.00000   16.58327  48.2%   466 3941s
 216002 33075 infeasible   48        32.00000   16.59404  48.1%   466 3947s
 216515 33092   25.29965   49  511   32.00000   16.60506  48.1%   466 3953s
 216815 33161 infeasible   45        32.00000   16.62000  48.1%   466 3958s
 217305 33148   17.20782   46  597   32.00000   16.63217  48.0%   465 3964s
 217654 33148   29.88252   42  324   32.00000   16.64274  48.0%   465 3970s
 218059 33175   21.45122   43  309   32.00000   16.65928  47.9%   465 3975s
 218545 33160   20.98920   45  456   32.00000   16.66728  47.9%   465 3981s
 218921 33209   21.09149   44  597   32.00000   16.68362  47.9%   465 3986s
 219371 33200   27.75490   56  350   32.00000   16.69124  47.8%   465 3992s
 219767 33195   23.69772   52  496   32.00000   16.70370  47.8%   464 4002s
 219926 33204   18.47587   42  485   32.00000   16.70559  47.8%   464 4007s
 220388 33255   18.61286   43  438   32.00000   16.72392  47.7%   464 4013s
 220783 33266     cutoff   47        32.00000   16.73697  47.7%   464 4018s
 221177 33312 infeasible   49        32.00000   16.74791  47.7%   464 4024s
 221674 33304   27.95802   47  274   32.00000   16.76394  47.6%   464 4029s
 222094 33286     cutoff   47        32.00000   16.77893  47.6%   464 4035s
 222476 33349   22.24214   48  481   32.00000   16.78920  47.5%   464 4040s
 223014 33387   21.41219   44  494   32.00000   16.80307  47.5%   463 4046s
 223428 33372     cutoff   49        32.00000   16.81170  47.5%   463 4051s
 223752 33438   22.16815   40  448   32.00000   16.82133  47.4%   463 4057s
 224238 33424   24.19839   44  418   32.00000   16.83374  47.4%   463 4062s
 224634 33435   19.31430   42  300   32.00000   16.84704  47.4%   463 4068s
 225024 33434 infeasible   58        32.00000   16.85134  47.3%   463 4073s
 225411 33433   23.70370   46  520   32.00000   16.86933  47.3%   463 4079s
 225829 33489 infeasible   49        32.00000   16.87785  47.3%   462 4084s
 226329 33455 infeasible   40        32.00000   16.89084  47.2%   462 4090s
 226725 33526   19.36930   45  580   32.00000   16.90124  47.2%   462 4095s
 227154 33565   18.50166   39  576   32.00000   16.91214  47.1%   462 4101s
 227573 33580   22.98221   46  403   32.00000   16.92186  47.1%   462 4106s
 227951 33584   22.75505   42  386   32.00000   16.93157  47.1%   462 4112s
 228354 33581     cutoff   50        32.00000   16.94302  47.1%   461 4117s
 228821 33573   29.65458   60  335   32.00000   16.95173  47.0%   461 4122s
 229195 33589     cutoff   53        32.00000   16.96632  47.0%   461 4128s
 229614 33624   23.62092   52  438   32.00000   16.97953  46.9%   461 4133s
 230072 33607 infeasible   51        32.00000   16.99320  46.9%   461 4138s
 230462 33637   21.77418   58  388   32.00000   17.00274  46.9%   461 4144s
 230871 33652 infeasible   46        32.00000   17.00986  46.8%   460 4149s
 231183 33671   21.19053   42  446   32.00000   17.01169  46.8%   460 4155s
 231605 33708 infeasible   39        32.00000   17.02415  46.8%   460 4160s
 232062 33668   22.46803   49  525   32.00000   17.03520  46.8%   460 4165s
 232450 33680   20.56045   50  500   32.00000   17.05011  46.7%   460 4171s
 232858 33739   23.59579   46  465   32.00000   17.06080  46.7%   460 4176s
 233305 33779   24.90128   54  401   32.00000   17.06846  46.7%   460 4182s
 233721 33766   20.45003   56  441   32.00000   17.07826  46.6%   460 4187s
 234078 33848   21.35394   49  469   32.00000   17.08667  46.6%   459 4193s
 234580 33824     cutoff   47        32.00000   17.09819  46.6%   459 4198s
 234957 33858   19.86176   37  334   32.00000   17.10808  46.5%   459 4211s
 235387 33873   24.71198   60  344   32.00000   17.11736  46.5%   459 4217s
 235755 33893   18.49839   56  418   32.00000   17.12546  46.5%   459 4222s
 236162 33955   23.06048   44  377   32.00000   17.13781  46.4%   459 4228s
 236570 33963   21.56635   48  520   32.00000   17.14484  46.4%   459 4233s
 236925 33970   20.88823   48  588   32.00000   17.15340  46.4%   459 4239s
 237339 34031   24.21837   41  396   32.00000   17.16504  46.4%   458 4244s
 237821 34040   18.92865   46  362   32.00000   17.17553  46.3%   458 4249s
 238189 34071   27.66609   46  311   32.00000   17.18431  46.3%   458 4255s
 238598 34085     cutoff   46        32.00000   17.19367  46.3%   458 4260s
 239040 34102   24.48370   64  437   32.00000   17.20475  46.2%   458 4265s
 239431 34109   27.02824   50  367   32.00000   17.21507  46.2%   458 4271s
 239872 34116 infeasible   44        32.00000   17.22239  46.2%   458 4276s
 240244 34138   21.84531   43  412   32.00000   17.23104  46.2%   457 4281s
 240719 34162 infeasible   47        32.00000   17.24226  46.1%   457 4287s
 241162 34146     cutoff   59        32.00000   17.25210  46.1%   457 4292s
 241552 34197   28.46154   58  118   32.00000   17.26224  46.1%   457 4298s
 242065 34207   29.72291   46  387   32.00000   17.27467  46.0%   457 4303s
 242405 34243   17.83882   49  344   32.00000   17.28209  46.0%   457 4308s
 242832 34255 infeasible   58        32.00000   17.29209  46.0%   456 4314s
 243240 34288   21.92826   54  196   32.00000   17.30428  45.9%   456 4319s
 243684 34293   28.42023   45  334   32.00000   17.31515  45.9%   456 4324s
 244058 34297 infeasible   46        32.00000   17.32797  45.9%   456 4330s
 244469 34348   20.62848   51  420   32.00000   17.33974  45.8%   456 4335s
 244878 34354   20.08072   52  480   32.00000   17.34756  45.8%   456 4340s
 245286 34381 infeasible   49        32.00000   17.35842  45.8%   456 4345s
 245673 34388   24.12267   43  378   32.00000   17.36527  45.7%   455 4351s
 246056 34397   25.98665   49  556   32.00000   17.37722  45.7%   455 4356s
 246372 34449   29.58817   47  321   32.00000   17.38467  45.7%   455 4362s
 246937 34470   28.13529   51  196   32.00000   17.40192  45.6%   455 4367s
 247201 34475   24.23632   49  394   32.00000   17.40822  45.6%   455 4373s
 247582 34517   20.50377   49  555   32.00000   17.41576  45.6%   455 4378s
 248032 34503   21.36029   47  500   32.00000   17.42610  45.5%   455 4383s
 248404 34519   21.75413   51  555   32.00000   17.44058  45.5%   455 4389s
 248795 34536   22.67359   48  482   32.00000   17.44933  45.5%   454 4394s
 249195 34533 infeasible   47        32.00000   17.45780  45.4%   454 4399s
 249619 34596   19.86026   39  358   32.00000   17.47320  45.4%   454 4404s
 250087 34578   28.07026   48  362   32.00000   17.48596  45.4%   454 4410s
 250512 34582     cutoff   50        32.00000   17.49952  45.3%   454 4415s
 250883 34616 infeasible   49        32.00000   17.51187  45.3%   454 4420s
 251302 34622   20.76682   59  338   32.00000   17.52127  45.2%   453 4426s
 251687 34662 infeasible   41        32.00000   17.53482  45.2%   453 4431s
 252054 34698     cutoff   52        32.00000   17.54664  45.2%   453 4436s
 252527 34687 infeasible   39        32.00000   17.55672  45.1%   453 4442s
 252963 34705   19.30659   58  334   32.00000   17.56912  45.1%   453 4447s
 253385 34686 infeasible   54        32.00000   17.57939  45.1%   453 4452s
 253746 34697 infeasible   44        32.00000   17.59019  45.0%   453 4457s
 254216 34724   19.42521   45  529   32.00000   17.60435  45.0%   452 4463s
 254700 34729   17.90045   47  422   32.00000   17.61232  45.0%   452 4468s
 255079 34755   20.04407   45  533   32.00000   17.61867  44.9%   452 4474s
 255535 34766 infeasible   43        32.00000   17.63053  44.9%   452 4479s
 255930 34790 infeasible   47        32.00000   17.64150  44.9%   452 4485s
 256211 34788   28.12674   43  272   32.00000   17.64264  44.9%   452 4490s
 256607 34783 infeasible   53        32.00000   17.65411  44.8%   451 4496s
 257033 34792   21.32452   46  455   32.00000   17.66605  44.8%   451 4501s
 257476 34808     cutoff   53        32.00000   17.67722  44.8%   451 4506s
 257906 34870 infeasible   51        32.00000   17.68579  44.7%   451 4512s
 258377 34836   27.03126   52  448   32.00000   17.69517  44.7%   451 4517s
 258715 34799 infeasible   45        32.00000   17.70366  44.7%   451 4522s
 259092 34824   20.06204   45  432   32.00000   17.72189  44.6%   451 4528s
 259540 34850     cutoff   54        32.00000   17.73047  44.6%   450 4533s
 259969 34904   20.06996   55  563   32.00000   17.73939  44.6%   450 4538s
 260402 34901     cutoff   52        32.00000   17.74953  44.5%   450 4543s
 260827 34872   21.83277   58  328   32.00000   17.75896  44.5%   450 4549s
 261220 34920     cutoff   53        32.00000   17.77131  44.5%   450 4554s
 261657 34902 infeasible   41        32.00000   17.78459  44.4%   450 4559s
 262029 34924   19.30948   50  258   32.00000   17.79669  44.4%   450 4564s
 262507 34922     cutoff   48        32.00000   17.80317  44.4%   449 4569s
 262932 34928 infeasible   51        32.00000   17.81772  44.3%   449 4574s
 263371 34960   21.03387   51  503   32.00000   17.82953  44.3%   449 4580s
 263898 34948   21.78380   47  402   32.00000   17.84641  44.2%   449 4585s
 264265 34976 infeasible   49        32.00000   17.85528  44.2%   449 4590s
 264722 34975 infeasible   38        32.00000   17.86538  44.2%   448 4595s
 265120 34961   20.40318   44  427   32.00000   17.87325  44.1%   448 4600s
 265503 35007   22.50044   46  415   32.00000   17.88479  44.1%   448 4607s
 265799 34966 infeasible   42        32.00000   17.88870  44.1%   448 4612s
 266168 35017   19.96035   43  401   32.00000   17.90749  44.0%   448 4617s
 266604 35018   27.51194   49  502   32.00000   17.91318  44.0%   448 4622s
 267047 35066     cutoff   46        32.00000   17.92588  44.0%   448 4628s
 267553 35033   23.55950   57  504   32.00000   17.94008  43.9%   447 4633s
 267983 35016   27.93611   42  383   32.00000   17.95386  43.9%   447 4638s
 268428 35043   23.87886   48  392   32.00000   17.96681  43.9%   447 4643s
 268893 35011   20.15636   41  349   32.00000   17.98117  43.8%   447 4648s
 269239 35013   24.83876   48  547   32.00000   17.99311  43.8%   447 4653s
 269672 35029   21.91670   47  500   32.00000   18.00824  43.7%   447 4658s
 270232 34983   21.62051   48  545   32.00000   18.01949  43.7%   446 4662s
 270651 34972 infeasible   42        32.00000   18.03247  43.6%   446 4667s
 271080 35005   19.89104   43  392   32.00000   18.05142  43.6%   446 4672s
 271609 34982   27.88281   56  593   32.00000   18.06162  43.6%   446 4677s
 271995 34968   23.40434   49  425   32.00000   18.07324  43.5%   445 4682s
 272423 35010   20.51896   43  472   32.00000   18.08703  43.5%   445 4687s
 272864 34985   29.14122   44  345   32.00000   18.09887  43.4%   445 4692s
 273295 35002   28.85556   59  468   32.00000   18.10934  43.4%   445 4697s
 273687 34992   21.69963   51  570   32.00000   18.12327  43.4%   445 4702s
 274048 34992     cutoff   43        32.00000   18.13281  43.3%   445 4714s
 274185 34978 infeasible   50        32.00000   18.13408  43.3%   445 4719s
 274581 35024   19.58570   46  539   32.00000   18.14552  43.3%   445 4724s
 275028 35006 infeasible   63        32.00000   18.15444  43.3%   444 4729s
 275461 35016     cutoff   60        32.00000   18.16496  43.2%   444 4734s
 275983 34975     cutoff   50        32.00000   18.17452  43.2%   444 4739s
 276367 34954 infeasible   53        32.00000   18.19797  43.1%   444 4744s
 276795 35011   23.18148   45  529   32.00000   18.20884  43.1%   444 4748s
 277178 34949   27.34526   51  421   32.00000   18.22085  43.1%   444 4753s
 277536 34949   28.41097   55  375   32.00000   18.23277  43.0%   443 4758s
 277970 34938   21.19206   42  567   32.00000   18.24654  43.0%   443 4763s
 278309 34937   26.71257   48  459   32.00000   18.26292  42.9%   443 4768s
 278867 34921 infeasible   51        32.00000   18.27356  42.9%   443 4773s
 279272 34888   24.82324   53  535   32.00000   18.28924  42.8%   443 4777s
 279662 34921   18.88664   45  542   32.00000   18.30119  42.8%   443 4783s
 279997 34971 infeasible   63        32.00000   18.30719  42.8%   443 4787s
 280502 34973   23.33257   63  382   32.00000   18.32236  42.7%   442 4792s
 280876 34959   27.42550   46  456   32.00000   18.33380  42.7%   442 4797s
 281274 34977   19.49210   57  321   32.00000   18.34266  42.7%   442 4802s
 281822 34969 infeasible   48        32.00000   18.35869  42.6%   442 4807s
 282181 34988   27.68783   49  369   32.00000   18.37133  42.6%   442 4811s
 282614 34993   29.08003   48  427   32.00000   18.38299  42.6%   441 4816s
 283095 34990   22.52184   64  360   32.00000   18.39646  42.5%   441 4821s
 283518 35017   22.39074   53  593   32.00000   18.40777  42.5%   441 4825s
 283924 35005   21.37864   44  564   32.00000   18.41753  42.4%   441 4830s
 284267 35014   28.01003   56  357   32.00000   18.42813  42.4%   441 4835s
 285126 35002 infeasible   46        32.00000   18.45718  42.3%   440 4845s
 285910 35010     cutoff   58        32.00000   18.48314  42.2%   440 4854s
 286324 34986   20.00374   39  447   32.00000   18.49096  42.2%   440 4859s
 286749 35021   23.11227   54  408   32.00000   18.50621  42.2%   440 4863s
 287232 35036     cutoff   49        32.00000   18.52294  42.1%   440 4868s
 287597 35058   27.59143   40  395   32.00000   18.52795  42.1%   440 4873s
 288095 35025   28.08789   59  312   32.00000   18.54358  42.1%   439 4878s
 288554 35006 infeasible   51        32.00000   18.56038  42.0%   439 4882s
 288898 35019   22.26126   51  416   32.00000   18.56959  42.0%   439 4887s
 289323 35001 infeasible   60        32.00000   18.58469  41.9%   439 4891s
 289672 34972     cutoff   51        32.00000   18.59727  41.9%   439 4896s
 290057 34994 infeasible   48        32.00000   18.61041  41.8%   439 4901s
 290501 34965   25.45480   43  420   32.00000   18.62174  41.8%   439 4906s
 290917 34947 infeasible   46        32.00000   18.63586  41.8%   438 4910s
 291286 34992   22.70459   47  515   32.00000   18.64964  41.7%   438 4915s
 291736 35013   24.41330   44  383   32.00000   18.65858  41.7%   438 4920s
 292553 34999   29.98725   53  341   32.00000   18.68120  41.6%   438 4929s
 292956 35011   22.82637   52  582   32.00000   18.69567  41.6%   438 4933s
 293380 34994   21.49074   44  512   32.00000   18.70921  41.5%   437 4938s
 293717 34986     cutoff   53        32.00000   18.72308  41.5%   437 4943s
 294112 35012 infeasible   47        32.00000   18.73963  41.4%   437 4947s
 294554 34966 infeasible   42        32.00000   18.74416  41.4%   437 4952s
 294953 34963 infeasible   51        32.00000   18.76392  41.4%   437 4957s
 295388 34995     cutoff   49        32.00000   18.77803  41.3%   437 4961s
 295797 34968   18.94928   48  425   32.00000   18.78418  41.3%   437 4966s
 296194 34943 infeasible   54        32.00000   18.80156  41.2%   436 4971s
 296526 34977   21.29094   52  319   32.00000   18.81169  41.2%   436 4975s
 296985 34952   23.80321   41  396   32.00000   18.82176  41.2%   436 4980s
 297918 34976 infeasible   45        32.00000   18.84691  41.1%   436 4989s
 298261 34983   28.27080   49  397   32.00000   18.85533  41.1%   436 4994s
 298644 35006   29.30755   42  347   32.00000   18.86563  41.0%   436 4998s
 299099 35000   28.94907   48  387   32.00000   18.87635  41.0%   435 5003s
 299484 34978   19.72738   48  567   32.00000   18.88830  41.0%   435 5007s
 299879 35027   20.63685   50  372   32.00000   18.90510  40.9%   435 5012s
 300312 35002   25.60393   42  322   32.00000   18.91023  40.9%   435 5016s
 300723 35001   20.73122   48  534   32.00000   18.92526  40.9%   435 5021s
 301071 35033   22.44625   50  427   32.00000   18.93531  40.8%   435 5026s
 301527 34997 infeasible   49        32.00000   18.94523  40.8%   435 5034s
 301792 34994 infeasible   44        32.00000   18.95125  40.8%   435 5038s
 302132 35037   23.08276   49  446   32.00000   18.96369  40.7%   434 5043s
 302518 35007     cutoff   50        32.00000   18.97269  40.7%   434 5047s
 302900 35018 infeasible   42        32.00000   18.98412  40.7%   434 5052s
 303330 35043   26.89004   49  398   32.00000   18.99404  40.6%   434 5057s
 303710 35014   27.19958   48  404   32.00000   19.00156  40.6%   434 5061s
 304090 35038   22.31083   49  540   32.00000   19.01715  40.6%   434 5066s
 304521 35013     cutoff   48        32.00000   19.02420  40.5%   434 5071s
 304935 34988   28.05765   48  385   32.00000   19.03613  40.5%   434 5075s
 305314 35057   25.52397   42  413   32.00000   19.04442  40.5%   434 5080s
 305733 35034 infeasible   54        32.00000   19.05599  40.5%   433 5085s
 306114 34998   22.14622   47  540   32.00000   19.06961  40.4%   433 5090s
 306939 35037     cutoff   51        32.00000   19.09125  40.3%   433 5099s
 307204 35022 infeasible   56        32.00000   19.09329  40.3%   433 5104s
 307589 35036   25.36964   42  411   32.00000   19.10489  40.3%   433 5109s
 308027 35018   22.49417   50  585   32.00000   19.11389  40.3%   433 5113s
 308442 35013   19.68044   42  409   32.00000   19.13020  40.2%   433 5118s
 308839 35038   22.44706   52  534   32.00000   19.14020  40.2%   432 5123s
 309356 35062 infeasible   61        32.00000   19.14907  40.2%   432 5127s
 309735 35100   19.64295   48  618   32.00000   19.15981  40.1%   432 5132s
 310140 35104   25.91121   48  251   32.00000   19.16801  40.1%   432 5137s
 310599 35084 infeasible   45        32.00000   19.17967  40.1%   432 5141s
 311040 35098   28.95378   48  406   32.00000   19.19055  40.0%   432 5146s
 311477 35056 infeasible   39        32.00000   19.20132  40.0%   431 5151s
 311868 35042   19.92158   44  413   32.00000   19.21144  40.0%   431 5155s
 312266 35028   28.20110   58  416   32.00000   19.21935  39.9%   431 5160s
 312643 34994     cutoff   58        32.00000   19.22933  39.9%   431 5165s
 313446 35001   25.46338   50  584   32.00000   19.25655  39.8%   431 5174s
 313822 35012   24.72770   54  533   32.00000   19.27046  39.8%   431 5181s
 314084 34998   23.72779   53  464   32.00000   19.27110  39.8%   431 5186s
 314465 34979   29.17659   52  319   32.00000   19.28193  39.7%   431 5191s
 314997 34967   22.92237   46  566   32.00000   19.29524  39.7%   430 5195s
 315372 34957   24.09528   46  518   32.00000   19.30686  39.7%   430 5200s
 315737 35015   24.37602   50  460   32.00000   19.31809  39.6%   430 5205s
 316525 35024   28.09070   50  400   32.00000   19.33779  39.6%   430 5217s
 316653 35020   28.46504   51  400   32.00000   19.33914  39.6%   430 5221s
 317120 35040   26.29203   46  371   32.00000   19.35115  39.5%   430 5226s
 317585 35012 infeasible   51        32.00000   19.35879  39.5%   429 5231s
 317963 35027     cutoff   51        32.00000   19.36947  39.5%   429 5235s
 318416 34993   24.80931   49  237   32.00000   19.37917  39.4%   429 5240s
 318855 34988   23.21552   53  339   32.00000   19.39186  39.4%   429 5245s
 319281 34979 infeasible   44        32.00000   19.40351  39.4%   429 5250s
 320216 34975   29.97431   45  368   32.00000   19.42745  39.3%   429 5259s
 320654 34986   22.15271   48  473   32.00000   19.43923  39.3%   428 5264s
 321064 34988   26.99205   58  354   32.00000   19.45048  39.2%   428 5268s
 321572 34963     cutoff   46        32.00000   19.46104  39.2%   428 5273s
 321971 34966   21.58733   55  399   32.00000   19.47261  39.1%   428 5278s
 322354 34996   23.50400   45  621   32.00000   19.47975  39.1%   428 5282s
 322788 35004   28.25803   50  422   32.00000   19.49225  39.1%   428 5287s
 322993 35023   21.92707   59  448   32.00000   19.49665  39.1%   428 5292s
 323371 35007   26.34204   40  368   32.00000   19.50807  39.0%   427 5297s
 323792 34975   27.32534   50  417   32.00000   19.51986  39.0%   427 5302s
 324221 35018   22.03774   44  435   32.00000   19.53421  39.0%   427 5306s
 324597 35004   29.52347   49  522   32.00000   19.54147  38.9%   427 5311s
 325028 35044 infeasible   50        32.00000   19.55412  38.9%   427 5315s
 325481 35037 infeasible   55        32.00000   19.56607  38.9%   427 5320s
 325882 35065   21.57352   43  426   32.00000   19.57840  38.8%   427 5325s
 326777 34988   23.86323   55  468   32.00000   19.59933  38.8%   426 5334s
 327131 34975     cutoff   44        32.00000   19.61300  38.7%   426 5338s
 327621 34938   22.17567   49  435   32.00000   19.62541  38.7%   426 5343s
 328008 34920 infeasible   51        32.00000   19.63927  38.6%   426 5347s
 328420 34939 infeasible   47        32.00000   19.64785  38.6%   426 5352s
 328826 34913   21.69018   43  488   32.00000   19.65925  38.6%   426 5357s
 329214 34920     cutoff   53        32.00000   19.66967  38.5%   426 5361s
 329711 34911   22.25978   48  397   32.00000   19.67908  38.5%   425 5366s
 330099 34919     cutoff   48        32.00000   19.68631  38.5%   425 5370s
 330934 34838 infeasible   51        32.00000   19.71033  38.4%   425 5379s
 331318 34834   29.18947   45  403   32.00000   19.72619  38.4%   425 5384s
 331790 34805     cutoff   53        32.00000   19.74097  38.3%   425 5388s
 332227 34774   23.78123   48  563   32.00000   19.75432  38.3%   424 5393s
 332631 34758   22.50878   57  484   32.00000   19.76909  38.2%   424 5397s
 332906 34752   27.49198   51  568   32.00000   19.77754  38.2%   424 5402s
 333318 34709   21.53432   39  428   32.00000   19.78447  38.2%   424 5406s
 333717 34701   28.83874   64  314   32.00000   19.79846  38.1%   424 5411s
 334130 34690   21.43216   48  333   32.00000   19.80763  38.1%   424 5415s
 334617 34642   22.25310   48  488   32.00000   19.82142  38.1%   424 5420s
 335398 34596   23.78247   45  403   32.00000   19.84437  38.0%   423 5429s
 335837 34576 infeasible   58        32.00000   19.85813  37.9%   423 5433s
 336266 34523 infeasible   43        32.00000   19.87197  37.9%   423 5438s
 336631 34482 infeasible   44        32.00000   19.88352  37.9%   423 5443s
 337066 34493   29.41042   49  253   32.00000   19.89801  37.8%   423 5447s
 337623 34464 infeasible   41        32.00000   19.90737  37.8%   423 5452s
 337991 34470 infeasible   45        32.00000   19.91779  37.8%   423 5456s
 338458 34439 infeasible   45        32.00000   19.93517  37.7%   422 5461s
 338819 34396   27.93341   42  201   32.00000   19.94496  37.7%   422 5465s
 339639 34383   24.46238   51  561   32.00000   19.97652  37.6%   422 5474s
 340067 34361   21.71842   43  421   32.00000   19.98397  37.6%   422 5479s
 340485 34391   21.24215   48  576   32.00000   19.99679  37.5%   422 5483s
 340855 34334     cutoff   51        32.00000   20.00611  37.5%   422 5488s
 341315 34309     cutoff   54        32.00000   20.02425  37.4%   421 5492s
 341775 34276   28.97847   43  311   32.00000   20.03374  37.4%   421 5497s
 342180 34233   21.61009   59  367   32.00000   20.04682  37.4%   421 5501s
 342623 34244   26.61985   41  368   32.00000   20.06290  37.3%   421 5505s
 343070 34221   26.77586   47  379   32.00000   20.07419  37.3%   421 5510s
 343361 34166   21.37692   53  515   32.00000   20.08434  37.2%   421 5515s
 344208 34116     cutoff   62        32.00000   20.11586  37.1%   420 5524s
 344640 34124   24.41681   55  472   32.00000   20.12970  37.1%   420 5528s
 345122 34070   29.69105   46  374   32.00000   20.13716  37.1%   420 5532s
 345541 34019   29.33372   48  365   32.00000   20.15518  37.0%   420 5537s
 345960 34045   26.91306   59  379   32.00000   20.17167  37.0%   420 5541s
 346448 33957   26.65673   55  535   32.00000   20.18316  36.9%   420 5545s
 346942 33902     cutoff   40        32.00000   20.20309  36.9%   419 5550s
 347833 33851   26.34187   45  356   32.00000   20.22657  36.8%   419 5558s
 348220 33861   24.08842   50  387   32.00000   20.24032  36.7%   419 5562s
 348714 33798 infeasible   53        32.00000   20.25104  36.7%   419 5567s
 349164 33772   26.57270   52  363   32.00000   20.26660  36.7%   419 5571s
 349549 33761   24.50764   46  594   32.00000   20.27869  36.6%   418 5575s
 349703 33811   29.93038   48  289   32.00000   20.28173  36.6%   418 5580s
 350630 33720 infeasible   50        32.00000   20.30458  36.5%   418 5588s
 350995 33700   26.53230   47  502   32.00000   20.31813  36.5%   418 5592s
 351496 33639   26.43432   47  577   32.00000   20.33644  36.4%   418 5597s
 351923 33582     cutoff   52        32.00000   20.35412  36.4%   418 5601s
 352300 33577 infeasible   49        32.00000   20.36953  36.3%   418 5605s
 353072 33501   23.73228   51  538   32.00000   20.39804  36.3%   417 5613s
 353527 33523   24.56380   57  381   32.00000   20.41041  36.2%   417 5617s
 353923 33497     cutoff   47        32.00000   20.41967  36.2%   417 5622s
 354331 33523   20.58317   50  465   32.00000   20.42965  36.2%   417 5626s
 354829 33475     cutoff   65        32.00000   20.44654  36.1%   417 5630s
 355590 33470   26.77867   49  467   32.00000   20.47619  36.0%   416 5638s
 356067 33407 infeasible   45        32.00000   20.48902  36.0%   416 5642s
 356472 33390   26.99992   50  297   32.00000   20.49965  35.9%   416 5646s
 356946 33325   28.54228   44  300   32.00000   20.51687  35.9%   416 5651s
 357369 33271   23.58989   51  382   32.00000   20.53347  35.8%   416 5655s
 358293 33238   26.98139   47  362   32.00000   20.56771  35.7%   415 5663s
 358675 33189 infeasible   48        32.00000   20.58242  35.7%   415 5667s
 359015 33187   29.41231   44  282   32.00000   20.59634  35.6%   415 5675s
 359573 33170 infeasible   46        32.00000   20.61056  35.6%   415 5683s
 359982 33112   27.26203   57  164   32.00000   20.63014  35.5%   415 5688s
 360382 33124   28.29835   54  510   32.00000   20.64806  35.5%   415 5692s
 360827 33068   25.54083   48  348   32.00000   20.65792  35.4%   415 5696s
 361211 33039   29.58508   53  543   32.00000   20.67280  35.4%   414 5700s
 362147 33002 infeasible   49        32.00000   20.70442  35.3%   414 5708s
 362562 33008 infeasible   54        32.00000   20.71835  35.3%   414 5712s
 363064 32956   29.03414   41  424   32.00000   20.73318  35.2%   414 5716s
 363488 32931 infeasible   46        32.00000   20.74722  35.2%   414 5720s
 364278 32864   29.86321   55  367   32.00000   20.77530  35.1%   413 5728s
 364639 32839 infeasible   38        32.00000   20.79146  35.0%   413 5732s
 365061 32828 infeasible   49        32.00000   20.80688  35.0%   413 5736s
 365515 32809   28.49772   46  614   32.00000   20.82012  34.9%   413 5740s
 366349 32813 infeasible   61        32.00000   20.84746  34.9%   413 5748s
 366830 32759   22.74097   53  516   32.00000   20.85695  34.8%   412 5752s
 367180 32754   29.34239   42  306   32.00000   20.87245  34.8%   412 5756s
 367686 32719     cutoff   61        32.00000   20.88867  34.7%   412 5760s
 368485 32678   28.05420   52  357   32.00000   20.91892  34.6%   412 5768s
 368962 32642 infeasible   46        32.00000   20.93851  34.6%   412 5771s
 369317 32654     cutoff   46        32.00000   20.95237  34.5%   412 5775s
 370197 32617     cutoff   59        32.00000   20.97645  34.4%   411 5783s
 370606 32644 infeasible   43        32.00000   20.99097  34.4%   411 5787s
 371059 32594 infeasible   42        32.00000   21.00155  34.4%   411 5791s
 371795 32612 infeasible   46        32.00000   21.02214  34.3%   411 5799s
 372134 32567     cutoff   39        32.00000   21.02942  34.3%   411 5802s
 372506 32564     cutoff   52        32.00000   21.04314  34.2%   410 5806s
 372898 32531   22.80100   43  430   32.00000   21.05012  34.2%   410 5810s
 373657 32498   27.86859   58  282   32.00000   21.07541  34.1%   410 5818s
 374092 32449   29.25838   55  538   32.00000   21.08702  34.1%   410 5822s
 374448 32479   23.63482   49  596   32.00000   21.10065  34.1%   410 5826s
 374875 32409     cutoff   52        32.00000   21.11016  34.0%   410 5830s
 375638 32353 infeasible   56        32.00000   21.13940  33.9%   409 5838s
 376089 32314     cutoff   46        32.00000   21.15107  33.9%   409 5842s
 376499 32265   29.94890   53  338   32.00000   21.16451  33.9%   409 5846s
 376899 32269     cutoff   50        32.00000   21.17607  33.8%   409 5850s
 377691 32238   29.41101   53  399   32.00000   21.19660  33.8%   409 5858s
 378094 32173 infeasible   51        32.00000   21.20654  33.7%   409 5862s
 378475 32150   28.13705   55  496   32.00000   21.22231  33.7%   409 5866s
 379322 32081   28.28104   53  471   32.00000   21.24555  33.6%   408 5873s
 379721 32071 infeasible   46        32.00000   21.25543  33.6%   408 5877s
 380137 32018   28.21037   55  379   32.00000   21.26771  33.5%   408 5881s
 380556 31980 infeasible   54        32.00000   21.28219  33.5%   408 5885s
 381292 31956 infeasible   51        32.00000   21.30238  33.4%   408 5893s
 381669 31966 infeasible   50        32.00000   21.31266  33.4%   407 5897s
 382133 31945   25.98834   55  556   32.00000   21.32519  33.4%   407 5901s
 382582 31908   28.43549   55  431   32.00000   21.33689  33.3%   407 5905s
 383420 31846   29.37590   57  403   32.00000   21.36458  33.2%   407 5913s
 383617 31818 infeasible   49        32.00000   21.36916  33.2%   407 5917s
 383995 31828   27.36118   47  603   32.00000   21.38869  33.2%   407 5921s
 384463 31776   28.37279   58  438   32.00000   21.40118  33.1%   406 5925s
 385253 31723 infeasible   55        32.00000   21.42671  33.0%   406 5933s
 385630 31677 infeasible   49        32.00000   21.43801  33.0%   406 5937s
 386067 31660   26.55806   63  406   32.00000   21.45089  33.0%   406 5941s
 386565 31626   23.67008   51  500   32.00000   21.46948  32.9%   406 5945s
 387311 31601   28.63276   50  455   32.00000   21.49223  32.8%   406 5952s
 387659 31530   29.97099   53  523   32.00000   21.50265  32.8%   405 5956s
 388121 31517   23.86170   53  463   32.00000   21.51830  32.8%   405 5961s
 388515 31467   24.04387   47  589   32.00000   21.52548  32.7%   405 5965s
 389407 31410 infeasible   57        32.00000   21.55185  32.7%   405 5973s
 389817 31381   25.19494   52  322   32.00000   21.56635  32.6%   405 5976s
 390234 31395   26.02309   56  343   32.00000   21.58007  32.6%   405 5980s
 390970 31308   27.86980   42  431   32.00000   21.59813  32.5%   404 5988s
 391433 31274   24.32909   55  482   32.00000   21.61013  32.5%   404 5992s
 391855 31253   27.79803   44  399   32.00000   21.62139  32.4%   404 5996s
 392247 31249   25.01960   50  570   32.00000   21.63278  32.4%   404 6000s
 393162 31202   21.87364   46  391   32.00000   21.65713  32.3%   404 6007s
 393610 31148   27.32140   55  404   32.00000   21.66861  32.3%   403 6012s
 394025 31097   27.12403   53  401   32.00000   21.68455  32.2%   403 6016s
 394436 31063     cutoff   52        32.00000   21.70081  32.2%   403 6020s
 395329 31004   27.54651   60  380   32.00000   21.72891  32.1%   403 6028s
 395538 30948   24.84562   49  390   32.00000   21.73327  32.1%   403 6032s
 396004 30947   26.79626   44  373   32.00000   21.75020  32.0%   403 6035s
 396923 30909   27.61605   54  378   32.00000   21.77512  32.0%   402 6043s
 397453 30876   26.94067   47  405   32.00000   21.78934  31.9%   402 6047s
 397860 30824   29.63199   47  495   32.00000   21.80213  31.9%   402 6051s
 398739 30779     cutoff   47        32.00000   21.83445  31.8%   402 6058s
 399118 30751 infeasible   55        32.00000   21.84526  31.7%   401 6064s
 399456 30685 infeasible   52        32.00000   21.85163  31.7%   401 6067s
 399902 30631 infeasible   47        32.00000   21.86791  31.7%   401 6071s
 400370 30616     cutoff   48        32.00000   21.89078  31.6%   401 6075s
 401267 30593     cutoff   52        32.00000   21.92040  31.5%   401 6082s
 401702 30549   29.42580   45  306   32.00000   21.92757  31.5%   400 6086s
 402167 30528   25.36278   53  420   32.00000   21.94334  31.4%   400 6090s
 403070 30506   27.13531   46  404   32.00000   21.97355  31.3%   400 6097s
 403616 30447 infeasible   54        32.00000   21.98640  31.3%   400 6101s
 404003 30409 infeasible   43        32.00000   22.00078  31.2%   400 6105s
 404924 30352   25.80874   47  365   32.00000   22.02795  31.2%   399 6112s
 405290 30276   28.81486   47  331   32.00000   22.04475  31.1%   399 6116s
 406302 30176   29.71035   47  275   32.00000   22.08200  31.0%   399 6123s
 406714 30092   26.47907   52  349   32.00000   22.10038  30.9%   399 6126s
 407067 30081   26.90418   51  437   32.00000   22.11944  30.9%   398 6130s
 407966 29947     cutoff   54        32.00000   22.14955  30.8%   398 6136s
 408432 29881   24.74613   53  376   32.00000   22.16343  30.7%   398 6140s
 409334 29769     cutoff   56        32.00000   22.19099  30.7%   398 6147s
 409743 29715   27.13382   43  436   32.00000   22.20099  30.6%   397 6150s
 410139 29708   26.39704   46  599   32.00000   22.21880  30.6%   397 6157s
 410332 29654 infeasible   55        32.00000   22.22206  30.6%   397 6160s
 411169 29553     cutoff   65        32.00000   22.25470  30.5%   397 6167s
 411559 29473   28.36957   64  375   32.00000   22.27208  30.4%   397 6171s
 412423 29374     cutoff   49        32.00000   22.29963  30.3%   396 6178s
 412864 29320   29.77718   51  587   32.00000   22.31895  30.3%   396 6181s
 413761 29231   24.99005   48  517   32.00000   22.34404  30.2%   396 6188s
 414129 29147 infeasible   44        32.00000   22.35987  30.1%   396 6191s
 414543 29105 infeasible   48        32.00000   22.38242  30.1%   396 6195s
 415316 29003   27.90389   51  453   32.00000   22.40756  30.0%   395 6202s
 415826 28956   23.04330   54  494   32.00000   22.42321  29.9%   395 6205s
 416607 28851   28.18396   48  385   32.00000   22.45493  29.8%   395 6212s
 417004 28831     cutoff   49        32.00000   22.46991  29.8%   395 6216s
 417839 28733     cutoff   48        32.00000   22.50178  29.7%   394 6222s
 418261 28676 infeasible   39        32.00000   22.51468  29.6%   394 6226s
 418646 28646   26.15018   44  267   32.00000   22.53250  29.6%   394 6233s
 418959 28638     cutoff   50        32.00000   22.54344  29.6%   394 6236s
 419496 28622   28.16702   53  362   32.00000   22.56460  29.5%   394 6240s
 420365 28487   24.94238   46  495   32.00000   22.59554  29.4%   393 6246s
 420829 28442   24.42049   52  431   32.00000   22.61005  29.3%   393 6250s
 421714 28357     cutoff   51        32.00000   22.63965  29.3%   393 6257s
 422163 28295   28.96746   49  362   32.00000   22.65843  29.2%   393 6260s
 423020 28217 infeasible   52        32.00000   22.69934  29.1%   392 6267s
 423521 28121   26.89127   64  417   32.00000   22.71421  29.0%   392 6270s
 424405 28020     cutoff   52        32.00000   22.74980  28.9%   392 6277s
 424863 27956   27.51952   47  495   32.00000   22.77103  28.8%   392 6280s
 425662 27876   22.99237   57  462   32.00000   22.80260  28.7%   391 6286s
 426117 27799     cutoff   47        32.00000   22.81743  28.7%   391 6290s
 427101 27712   28.39011   48  463   32.00000   22.85677  28.6%   391 6296s
 427938 27597     cutoff   48        32.00000   22.89756  28.4%   391 6303s
 428364 27560   27.03243   50  557   32.00000   22.91596  28.4%   390 6306s
 429153 27458   28.82752   52  375   32.00000   22.94775  28.3%   390 6312s
 429619 27393 infeasible   52        32.00000   22.96617  28.2%   390 6315s
 430502 27336 infeasible   54        32.00000   22.99495  28.1%   390 6321s
 430878 27310 infeasible   49        32.00000   23.01431  28.1%   389 6325s
 431709 27215 infeasible   54        32.00000   23.05169  28.0%   389 6331s
 432476 27164   29.68331   48  351   32.00000   23.08133  27.9%   389 6338s
 432830 27083   28.27722   49  392   32.00000   23.08926  27.8%   389 6341s
 433735 27023     cutoff   50        32.00000   23.11969  27.8%   388 6347s
 434143 26957   28.97332   52  315   32.00000   23.14056  27.7%   388 6350s
 435047 26855 infeasible   57        32.00000   23.17180  27.6%   388 6356s
 435793 26771   27.05037   47  399   32.00000   23.20500  27.5%   388 6362s
 436240 26705 infeasible   47        32.00000   23.21991  27.4%   387 6365s
 436979 26612   28.35010   56  532   32.00000   23.24824  27.3%   387 6372s
 437403 26544   28.69539   44  317   32.00000   23.26077  27.3%   387 6375s
 438201 26488   28.22747   52  563   32.00000   23.29288  27.2%   387 6381s
 439002 26436 infeasible   48        32.00000   23.31662  27.1%   386 6388s
 439413 26401   25.22755   52  417   32.00000   23.32845  27.1%   386 6391s
 440214 26331   26.93170   48  429   32.00000   23.36524  27.0%   386 6397s
 440605 26271   25.59332   52  467   32.00000   23.37635  26.9%   386 6401s
 441283 26178   27.63954   52  555   32.00000   23.40189  26.9%   386 6407s
 441700 26155   29.56774   57  481   32.00000   23.41789  26.8%   385 6410s
 442479 26066   29.71542   61  465   32.00000   23.44667  26.7%   385 6416s
 442911 26016   25.15949   54  399   32.00000   23.45809  26.7%   385 6420s
 443802 25943     cutoff   52        32.00000   23.49252  26.6%   385 6426s
 444625 25774     cutoff   57        32.00000   23.52256  26.5%   384 6432s
 445159 25732 infeasible   49        32.00000   23.54614  26.4%   384 6435s
 445918 25664   27.76971   48  414   32.00000   23.57458  26.3%   384 6442s
 446129 25620   25.70958   52  600   32.00000   23.57762  26.3%   384 6445s
 446929 25497 infeasible   53        32.00000   23.61466  26.2%   383 6451s
 447850 25383     cutoff   57        32.00000   23.64506  26.1%   383 6458s
 448200 25315     cutoff   50        32.00000   23.65552  26.1%   383 6461s
 449066 25232     cutoff   55        32.00000   23.68925  26.0%   383 6467s
 449478 25166   26.61097   54  486   32.00000   23.70320  25.9%   382 6470s
 450355 25090   27.95924   50  585   32.00000   23.73415  25.8%   382 6476s
 451269 25000   28.29898   51  337   32.00000   23.76581  25.7%   382 6482s
 451815 24928 infeasible   45        32.00000   23.78274  25.7%   381 6485s
 452605 24824   26.07579   51  300   32.00000   23.81981  25.6%   381 6491s
 453062 24772   29.15845   52  474   32.00000   23.83998  25.5%   381 6503s
 453478 24736     cutoff   53        32.00000   23.85435  25.5%   381 6505s
 454408 24582   28.95652   54  290   32.00000   23.88863  25.3%   380 6511s
 455319 24458 infeasible   52        32.00000   23.92549  25.2%   380 6517s
 455770 24422   24.70737   58  475   32.00000   23.94523  25.2%   380 6521s
 456765 24302   29.89714   48  474   32.00000   23.97746  25.1%   380 6526s
 457685 24200   27.95106   57  435   32.00000   24.01151  25.0%   379 6532s
 458146 24174     cutoff   56        32.00000   24.03337  24.9%   379 6535s
 459151 23991   26.38297   47  394   32.00000   24.07172  24.8%   379 6541s
 460093 23848 infeasible   45        32.00000   24.10687  24.7%   378 6546s
 461021 23717     cutoff   54        32.00000   24.14250  24.6%   378 6552s
 461495 23656   29.83322   53  537   32.00000   24.16348  24.5%   378 6555s
 462379 23570   28.83848   48  373   32.00000   24.19742  24.4%   377 6560s
 463328 23429     cutoff   52        32.00000   24.22737  24.3%   377 6565s
 463799 23391   29.06587   53  465   32.00000   24.24185  24.2%   377 6572s
 464127 23322   28.23173   43  272   32.00000   24.24539  24.2%   376 6575s
 465071 23208     cutoff   59        32.00000   24.29075  24.1%   376 6580s
 465920 23085   27.68991   40  299   32.00000   24.32679  24.0%   376 6585s
 466841 22972   26.63027   41  433   32.00000   24.36299  23.9%   375 6591s
 467718 22831   28.07225   49  593   32.00000   24.40287  23.7%   375 6596s
 468688 22655   28.89260   46  383   32.00000   24.44147  23.6%   375 6601s
 469553 22538 infeasible   56        32.00000   24.47737  23.5%   374 6606s
 470528 22402   28.75891   57  405   32.00000   24.51461  23.4%   374 6611s
 471408 22251   28.68412   55  347   32.00000   24.56989  23.2%   373 6616s
 472247 22140   29.22790   47  460   32.00000   24.60971  23.1%   373 6621s
 473108 22009 infeasible   51        32.00000   24.65021  23.0%   373 6626s
 473968 21886   28.08613   49  593   32.00000   24.68776  22.9%   372 6631s
 474828 21766   28.12180   54  283   32.00000   24.73452  22.7%   372 6636s
 475710 21632     cutoff   55        32.00000   24.77401  22.6%   372 6641s
 476636 21493   29.14419   53  431   32.00000   24.81652  22.4%   371 6646s
 477561 21348   28.14143   41  334   32.00000   24.86898  22.3%   371 6651s
 478487 21195   27.16412   50  497   32.00000   24.92302  22.1%   371 6656s
 479500 21040 infeasible   53        32.00000   24.97213  22.0%   370 6660s
 480233 20934   29.85537   56  476   32.00000   25.00526  21.9%   370 6666s
 481204 20806     cutoff   55        32.00000   25.06216  21.7%   369 6671s
 482030 20658   27.64595   56  529   32.00000   25.11352  21.5%   369 6675s
 482891 20522     cutoff   50        32.00000   25.15592  21.4%   369 6680s
 484089 20331   28.06354   61  433   32.00000   25.21439  21.2%   368 6687s
 484923 20219   29.81350   54  591   32.00000   25.25790  21.1%   368 6691s
 485597 20108   29.82468   63  445   32.00000   25.28232  21.0%   367 6696s
 486539 19996 infeasible   47        32.00000   25.34742  20.8%   367 6700s
 487391 19861   26.57429   49  551   32.00000   25.39404  20.6%   367 6705s
 488645 19741   25.60560   53  620   32.00000   25.45706  20.4%   366 6712s
 489506 19624     cutoff   57        32.00000   25.50296  20.3%   366 6716s
 490346 19483     cutoff   62        32.00000   25.55259  20.1%   365 6720s
 491034 19368 infeasible   42        32.00000   25.58338  20.1%   365 6725s
 491885 19213   29.08585   57  155   32.00000   25.63068  19.9%   365 6730s
 493219 19000   28.31160   52  356   32.00000   25.70584  19.7%   364 6737s
 494125 18846 infeasible   50        32.00000   25.76305  19.5%   364 6742s
 495098 18680     cutoff   41        32.00000   25.82104  19.3%   363 6746s
 496058 18570   29.17534   58  420   32.00000   25.87198  19.2%   363 6751s
 496963 18396     cutoff   42        32.00000   25.92291  19.0%   363 6755s
 498437 18158     cutoff   56        32.00000   25.99940  18.8%   362 6761s
 499425 17977     cutoff   46        32.00000   26.05639  18.6%   361 6765s
 500817 17725     cutoff   55        32.00000   26.12061  18.4%   361 6771s
 501847 17568   29.37757   54  429   32.00000   26.17545  18.2%   360 6775s
 503231 17274   29.82415   51  397   32.00000   26.25294  18.0%   360 6781s
 504206 17105   29.94765   57  405   32.00000   26.30095  17.8%   359 6785s
 505544 16765   29.40699   58  476   32.00000   26.37145  17.6%   359 6791s
 506963 16437   26.81738   57  461   32.00000   26.44496  17.4%   358 6796s
 507967 16199     cutoff   53        32.00000   26.51051  17.2%   358 6800s
 509352 15792 infeasible   56        32.00000   26.59270  16.9%   357 6805s
 510858 15406   27.81217   50  426   32.00000   26.70524  16.5%   356 6810s
 512171 15020   28.25199   54  465   32.00000   26.78793  16.3%   356 6815s
 513417 14613     cutoff   47        32.00000   26.89350  16.0%   355 6821s
 514819 14139   28.42998   50  216   32.00000   26.99109  15.7%   354 6826s
 516353 13609     cutoff   45        32.00000   27.09518  15.3%   354 6830s
 517678 13098     cutoff   49        32.00000   27.20402  15.0%   353 6835s
 518864 12649     cutoff   54        32.00000   27.28994  14.7%   353 6841s
 520194 12104 infeasible   54        32.00000   27.39731  14.4%   352 6845s
 521710 11557 infeasible   53        32.00000   27.49844  14.1%   351 6850s
 523565 10790     cutoff   45        32.00000   27.62896  13.7%   350 6856s
 524993 10050 infeasible   58        32.00000   27.73971  13.3%   350 6860s
 526528  9355   29.80031   60  452   32.00000   27.85119  13.0%   349 6865s
 528588  8282     cutoff   56        32.00000   27.99962  12.5%   348 6870s
 530671  7122     cutoff   49        32.00000   28.15644  12.0%   347 6875s
 532940  5669 infeasible   53        32.00000   28.36209  11.4%   346 6880s
 534091  5320     cutoff   47        32.00000   28.45713  11.1%   345 6889s
 534115  4895   29.47283   40  363   32.00000   28.46307  11.1%   345 6890s
 537378  2474     cutoff   56        32.00000   28.89299  9.71%   343 6895s

Cutting planes:
  Gomory: 1
  Cover: 6
  Clique: 3
  Flow cover: 51
  Zero half: 5
  RLT: 8

Explored 541121 nodes (185263987 simplex iterations) in 6899.18 seconds
Thread count was 8 (of 8 available processors)

Solution count 4: 32 34 36 38 

Optimal solution found (tolerance 1.00e-04)
Best objective 3.200000000000e+01, best bound 3.200000000000e+01, gap 0.0000%
