
Gurobi 9.0.2 (mac64, Python) logging started Wed Nov 16 13:48:46 2022

Using license file /Users/muratilter/gurobi.lic
Set parameter LogFile to value 6.log
Academic license - for non-commercial use only
Read LP format model from file std-lin6.lp
Reading time = 0.02 seconds
: 6727 rows, 1696 columns, 37856 nonzeros
Gurobi Optimizer version 9.0.2 build v9.0.2rc0 (mac64)
Optimize a model with 6727 rows, 1696 columns and 37856 nonzeros
Model fingerprint: 0x13d015a3
Variable types: 0 continuous, 1696 integer (1696 binary)
Coefficient statistics:
  Matrix range     [1e+00, 1e+01]
  Objective range  [2e+00, 4e+00]
  Bounds range     [1e+00, 1e+00]
  RHS range        [1e+00, 4e+00]
Presolve removed 320 rows and 320 columns
Presolve time: 0.06s
Presolved: 6407 rows, 1376 columns, 37216 nonzeros
Variable types: 0 continuous, 1376 integer (1376 binary)

Root relaxation: objective 3.676812e-01, 650 iterations, 0.03 seconds

    Nodes    |    Current Node    |     Objective Bounds      |     Work
 Expl Unexpl |  Obj  Depth IntInf | Incumbent    BestBd   Gap | It/Node Time

     0     0    0.36768    0   34          -    0.36768      -     -    0s
     0     0    0.39364    0  168          -    0.39364      -     -    0s
     0     0    0.46761    0   55          -    0.46761      -     -    0s
     0     0    0.53135    0  112          -    0.53135      -     -    0s
     0     0    0.60491    0  102          -    0.60491      -     -    0s
     0     0    0.61712    0  100          -    0.61712      -     -    0s
     0     0    0.64969    0  109          -    0.64969      -     -    0s
     0     0    0.66316    0  165          -    0.66316      -     -    0s
     0     0    0.67432    0  166          -    0.67432      -     -    0s
     0     0    0.67628    0  163          -    0.67628      -     -    0s
     0     0    0.68492    0  167          -    0.68492      -     -    0s
     0     0    0.68492    0  167          -    0.68492      -     -    0s
     0     0    0.70555    0  111          -    0.70555      -     -    0s
     0     0    0.71359    0  166          -    0.71359      -     -    0s
     0     0    0.72539    0  167          -    0.72539      -     -    1s
     0     0    0.73157    0  167          -    0.73157      -     -    1s
     0     0    0.74063    0  224          -    0.74063      -     -    1s
     0     0    0.75277    0  168          -    0.75277      -     -    1s
     0     0    0.76894    0   56          -    0.76894      -     -    1s
     0     0    0.77785    0  228          -    0.77785      -     -    1s
     0     0    0.78178    0  165          -    0.78178      -     -    1s
     0     0    0.78446    0  223          -    0.78446      -     -    1s
     0     0    0.79502    0  166          -    0.79502      -     -    1s
     0     0    0.80123    0  292          -    0.80123      -     -    1s
     0     0    0.81369    0  279          -    0.81369      -     -    1s
     0     0    0.81726    0  224          -    0.81726      -     -    1s
     0     0    0.82397    0  166          -    0.82397      -     -    1s
     0     0    0.82834    0  276          -    0.82834      -     -    1s
     0     0    0.84926    0  278          -    0.84926      -     -    1s
     0     0    0.85797    0  278          -    0.85797      -     -    1s
     0     0    0.87744    0   48          -    0.87744      -     -    2s
     0     0    0.88319    0  332          -    0.88319      -     -    2s
     0     0    0.89861    0  112          -    0.89861      -     -    2s
     0     0    0.90112    0  278          -    0.90112      -     -    2s
     0     0    0.90390    0  168          -    0.90390      -     -    2s
     0     0    0.90469    0  168          -    0.90469      -     -    2s
     0     0    0.91124    0  168          -    0.91124      -     -    2s
     0     0    0.91164    0  168          -    0.91164      -     -    2s
     0     0    0.91239    0  168          -    0.91239      -     -    2s
     0     0    0.91339    0  168          -    0.91339      -     -    2s
     0     0    0.91343    0  168          -    0.91343      -     -    2s
     0     0    0.91345    0  168          -    0.91345      -     -    2s
     0     0    0.91345    0  168          -    0.91345      -     -    2s
     0     2    2.00000    0  168          -    2.00000      -     -    3s
    38    43    2.00000   11  405          -    2.00000      -   766    5s
   187   182 infeasible   40               -    2.00000      -   734   10s
   353   327   10.78875   22  376          -    2.00000      -   748   15s
   484   462   19.79831   32  521          -    2.00000      -   786   20s
   651   615   27.97116   41  501          -    2.00000      -   732   25s
   824   774   41.55875   58  445          -    2.00000      -   729   30s
   990   892    6.46479    8   25          -    2.00000      -   723   35s
  1060   919    2.00000   16   45          -    2.00000      -  11.4   44s
  1062   922    2.00000   17   32          -    2.00000      -  12.6   51s
  1066   925    2.00000   18   20          -    2.00000      -  14.3   58s
  1070   927    5.05881   18  424          -    2.00000      -  18.8   62s
  1074   930    2.00000   19   13          -    2.00000      -  20.4   67s
  1098   950    2.00000   22   34          -    2.00000      -  35.9   73s
  1106   954    2.00000   23   15          -    2.00000      -  42.2   78s
  1142   982    2.51773   30  268          -    2.51773      -  71.5   80s
  1237  1021    8.03877   32  370          -    2.66973      -   147   91s
  1249  1025   11.23159   34  305          -    2.66973      -   157   98s
  1278  1036   13.13627   42  495          -    2.66973      -   184  100s
  1380  1098   20.44541   50  695          -    2.66973      -   233  105s
  1506  1127   16.56899   36  238          -    3.24082      -   298  110s
  1682  1185    8.00000   28   19          -    3.30441      -   350  115s
  1814  1245   19.88037   44  367          -    3.38759      -   393  121s
  1900  1253   16.94005   38  380          -    3.38759      -   415  130s
  2027  1324   10.10438   39  516          -    3.66241      -   450  136s
  2078  1331   12.50003   41  526          -    3.66241      -   460  141s
  2202  1373 infeasible   39               -    4.00000      -   481  145s
  2364  1439   18.68547   39  335          -    4.09944      -   508  152s
  2494  1479   11.57503   36  529          -    4.20134      -   525  158s
  2606  1472 infeasible   44               -    4.20134      -   530  161s
  2659  1486   33.86145   46  421          -    4.20134      -   539  165s
  2834  1560   52.92101   56  318          -    4.48357      -   550  171s
* 2844  1510              62      68.0000000    4.48357  93.4%   548  171s
  3027  1550   29.81563   42  490   68.00000    4.79958  92.9%   561  177s
* 3106  1480              60      66.0000000    4.80807  92.7%   566  177s
H 3111  1436                      64.0000000    4.80807  92.5%   566  177s
  3128  1479   15.20051   35  520   64.00000    4.87904  92.4%   566  180s
  3336  1539   55.14438   49  327   64.00000    4.97536  92.2%   580  187s
  3463  1590   22.55382   46  650   64.00000    5.11120  92.0%   583  191s
  3591  1688   21.16721   39  313   64.00000    5.15630  91.9%   589  195s
* 3622  1676              70      58.0000000    5.15630  91.1%   586  195s
* 3670  1662              64      56.0000000    5.15630  90.8%   583  195s
  3905  1795   12.42777   39  416   56.00000    5.50780  90.2%   591  202s
  4042  1840   10.41781   32  539   56.00000    5.77932  89.7%   595  207s
  4125  1922   17.79392   40  537   56.00000    5.99043  89.3%   601  211s
  4253  1952   12.27626   29  852   56.00000    6.00000  89.3%   606  217s
  4305  1987   14.92349   35  836   56.00000    6.00000  89.3%   610  225s
  4378  2011 infeasible   44        56.00000    6.00000  89.3%   614  230s
  4438  2078   16.16582   35  471   56.00000    6.00000  89.3%   617  235s
  4587  2178   41.26245   49  394   56.00000    6.00000  89.3%   628  241s
  4752  2257   15.58624   32  435   56.00000    6.24460  88.8%   636  246s
  4943  2294   13.55604   31  528   56.00000    6.45415  88.5%   641  259s
  5028  2394   14.49821   32  587   56.00000    6.47441  88.4%   643  265s
  5232  2491   17.15408   42  702   56.00000    6.59991  88.2%   643  271s
H 5289  2475                      52.0000000    6.68104  87.2%   643  271s
  5419  2567   16.59759   40  418   52.00000    6.74311  87.0%   649  277s
H 5640  2610                      48.0000000    6.96905  85.5%   654  284s
  5798  2723   10.00000   32   18   48.00000    7.00581  85.4%   659  291s
  6057  2811   13.23707   37  514   48.00000    7.15347  85.1%   665  298s
  6253  2834   21.11487   45  740   48.00000    7.17788  85.0%   673  311s
  6320  2946   21.32463   46  737   48.00000    7.22094  85.0%   673  318s
  6576  3036 infeasible   48        48.00000    7.28165  84.8%   676  325s
  6822  3197    8.95493   36  507   48.00000    7.48035  84.4%   682  333s
  7152  3251   18.18468   38  447   48.00000    7.60785  84.2%   683  342s
  7395  3366   10.11161   34  572   48.00000    7.80137  83.7%   689  350s
  7665  3417   10.14310   39  447   48.00000    8.00399  83.3%   695  366s
  7811  3559   15.97329   29  397   48.00000    8.07880  83.2%   701  375s
  8149  3683     cutoff   40        48.00000    8.22143  82.9%   705  385s
  8432  3763   19.43927   41  693   48.00000    8.31862  82.7%   711  397s
  8617  3860   12.00035   36  463   48.00000    8.36458  82.6%   713  408s
  8965  3979   20.35072   29  332   48.00000    8.60476  82.1%   720  418s
  9284  4102   14.88749   32  258   48.00000    8.73637  81.8%   726  430s
  9654  4249   14.38115   31  598   48.00000    8.84257  81.6%   731  441s
 10042  4359   40.79487   41  301   48.00000    8.93831  81.4%   734  455s
 10277  4528   16.18229   37  489   48.00000    8.94853  81.4%   736  468s
 10750  4648   19.93576   33  390   48.00000    9.04701  81.2%   737  482s
 11091  4817   22.04978   35  230   48.00000    9.08155  81.1%   741  495s
 11550  4949   13.21293   39  448   48.00000    9.19738  80.8%   744  509s
 11990  5130   17.68593   34  411   48.00000    9.27571  80.7%   749  522s
 12444  5222   15.69383   32  549   48.00000    9.32879  80.6%   750  536s
 12805  5340   36.76260   42  251   48.00000    9.42955  80.4%   757  549s
 13218  5443 infeasible   28        48.00000    9.49853  80.2%   761  562s
 13649  5557   13.41221   34  468   48.00000    9.65877  79.9%   765  576s
 13933  5627   22.78040   48  292   48.00000    9.69292  79.8%   766  590s
 14289  5736 infeasible   36        48.00000    9.78094  79.6%   773  603s
 14717  5808 infeasible   39        48.00000    9.87188  79.4%   776  617s
 15085  5891 infeasible   37        48.00000    9.98607  79.2%   779  630s
 15525  5985   16.14647   34  434   48.00000   10.06961  79.0%   783  644s
 15923  6076 infeasible   38        48.00000   10.12915  78.9%   787  658s
 16316  6153   23.26202   41  395   48.00000   10.22144  78.7%   791  671s
 16691  6270   20.76637   34  457   48.00000   10.29083  78.6%   795  685s
 17106  6327   13.18526   30  415   48.00000   10.37881  78.4%   798  699s
 17396  6460 infeasible   47        48.00000   10.44639  78.2%   802  712s
 17824  6495   14.42699   31  316   48.00000   10.48221  78.2%   804  727s
 18221  6611   21.38650   42  347   48.00000   10.53247  78.1%   808  740s
 18659  6623   18.38589   28  518   48.00000   10.61858  77.9%   809  760s
 18723  6702   17.75260   27  508   48.00000   10.63279  77.8%   810  773s
 19145  6847   13.05109   24  623   48.00000   10.69205  77.7%   813  787s
 19618  6929   34.66459   44  328   48.00000   10.77763  77.5%   813  801s
 20023  7004   17.68203   39  445   48.00000   10.83831  77.4%   815  814s
 20459  7168   34.54891   45  300   48.00000   10.90635  77.3%   817  828s
 20918  7169   12.55227   39  168   48.00000   10.95178  77.2%   816  881s
 20938  7187   10.95178   27   19   48.00000   10.95178  77.2%   816  888s
 20942  7190   10.95178   28   47   48.00000   10.95178  77.2%   816  895s
 20946  7193   10.95178   28   24   48.00000   10.95178  77.2%   816  900s
 20950  7195   10.95178   29   23   48.00000   10.95178  77.2%   816  905s
 20954  7198   10.95178   29  400   48.00000   10.95178  77.2%   816  911s
 20958  7204   10.95178   30   17   48.00000   10.95178  77.2%   816  918s
 20965  7206   10.95178   31   15   48.00000   10.95178  77.2%   816  923s
 20970  7212   10.95178   32   16   48.00000   10.95178  77.2%   816  927s
 20977  7219   10.95178   33   17   48.00000   10.95178  77.2%   816  931s
 20987  7224   10.95178   34   45   48.00000   10.95178  77.2%   816  936s
 21006  7239   11.13688   38  334   48.00000   10.95178  77.2%   816  942s
 21016  7246   14.15842   40  316   48.00000   10.95178  77.2%   816  945s
 21047  7270   19.68232   47  460   48.00000   10.95178  77.2%   816  952s
 21075  7263   22.80320   50  468   48.00000   10.95178  77.2%   817  956s
 21196  7324   11.80549   44  284   48.00000   10.95178  77.2%   816  961s
 21237  7345   16.62732   47  360   48.00000   10.95178  77.2%   817  968s
 21255  7339   14.00052   50  468   48.00000   10.95178  77.2%   817  972s
 21267  7346   14.05287   51  510   48.00000   10.95178  77.2%   817  975s
 21301  7351   10.95178   39  279   48.00000   10.95178  77.2%   818  980s
 21349  7383   11.46812   47  448   48.00000   10.95178  77.2%   818  986s
 21415  7396   29.84528   53  379   48.00000   10.95178  77.2%   818  991s
 21506  7409 infeasible   46        48.00000   10.95178  77.2%   819  995s
 21559  7404   10.95178   41  341   48.00000   10.95178  77.2%   819 1001s
 21615  7433   13.52423   50  678   48.00000   10.95178  77.2%   820 1005s
 21796  7434   31.04674   45  397   48.00000   10.95178  77.2%   820 1011s
 21849  7418   34.70436   46  366   48.00000   10.95178  77.2%   820 1023s
 21858  7452   42.94895   49  272   48.00000   10.95178  77.2%   820 1025s
 22073  7480   11.11472   38  297   48.00000   10.95178  77.2%   823 1032s
 22167  7465   18.42596   51  396   48.00000   10.95178  77.2%   823 1035s
 22311  7495   11.39370   37  449   48.00000   10.95178  77.2%   822 1040s
 22467  7519 infeasible   42        48.00000   10.95178  77.2%   824 1046s
 22668  7545 infeasible   45        48.00000   10.95178  77.2%   824 1052s
 22766  7554   15.81713   40  577   48.00000   10.95178  77.2%   824 1056s
 22974  7571 infeasible   51        48.00000   10.95178  77.2%   827 1063s
 23111  7555 infeasible   46        48.00000   10.95178  77.2%   827 1067s
 23241  7569   11.39631   35  310   48.00000   10.95178  77.2%   827 1071s
 23362  7573   19.30971   42  535   48.00000   10.95178  77.2%   827 1075s
 23623  7594   45.43110   50  351   48.00000   10.95178  77.2%   828 1083s
 23750  7604   36.45786   48  403   48.00000   10.95178  77.2%   829 1087s
 23909  7611   17.76698   58  521   48.00000   10.95178  77.2%   828 1092s
 24031  7627   13.17369   39  175   48.00000   10.95178  77.2%   829 1096s
 24154  7691   10.95178   40  366   48.00000   10.95178  77.2%   829 1101s
 24329  7677     cutoff   41        48.00000   10.95178  77.2%   829 1106s
 24473  7687 infeasible   55        48.00000   10.95178  77.2%   830 1112s
 24673  7670   16.39617   44  383   48.00000   10.95178  77.2%   831 1117s
 24841  7665 infeasible   58        48.00000   10.95178  77.2%   834 1123s
 25004  7690   16.52666   43  490   48.00000   10.95178  77.2%   836 1129s
 25217  7663   12.69712   44  667   48.00000   10.95178  77.2%   838 1136s
 25382  7682   10.95178   48  333   48.00000   10.95178  77.2%   840 1142s
 25576  7658 infeasible   40        48.00000   10.95178  77.2%   841 1148s
 25755  7693   17.49863   42  396   48.00000   10.95178  77.2%   844 1155s
 25989  7680   16.40926   49  418   48.00000   10.95178  77.2%   844 1162s
 26185  7699   23.75256   44  206   48.00000   10.95178  77.2%   845 1169s
 26456  7667   24.53936   45  324   48.00000   10.95178  77.2%   847 1177s
 26718  7631 infeasible   57        48.00000   10.95178  77.2%   850 1185s
 26957  7629   34.47823   47  293   48.00000   10.95178  77.2%   852 1194s
 27169  7673   24.10260   58  727   48.00000   10.95178  77.2%   855 1202s
 27460  7726 infeasible   49        48.00000   10.95178  77.2%   854 1211s
 27794  7707   12.11652   39  567   48.00000   10.95178  77.2%   852 1230s
 27976  7778 infeasible   55        48.00000   10.95178  77.2%   853 1240s
 28284  7792 infeasible   44        48.00000   10.95178  77.2%   858 1251s
 28630  7786 infeasible   51        48.00000   10.95178  77.2%   860 1262s
 28937  7800 infeasible   45        48.00000   10.95178  77.2%   862 1273s
 29231  7795   24.80795   48  684   48.00000   10.95178  77.2%   865 1283s
 29545  7790   20.86592   47  426   48.00000   10.95178  77.2%   866 1295s
 29868  7800   19.57752   50  534   48.00000   10.95178  77.2%   869 1306s
 30243  7730 infeasible   43        48.00000   10.95178  77.2%   868 1320s
 30631  7714   10.95178   38  474   48.00000   10.95178  77.2%   873 1333s
 31012  7691   10.95178   36  275   48.00000   10.95178  77.2%   876 1347s
 31392  7686   14.07047   49  711   48.00000   10.95178  77.2%   879 1360s
 31766  7657   16.29365   37  396   48.00000   10.95178  77.2%   882 1375s
 32185  7607   14.38864   39  413   48.00000   10.95178  77.2%   886 1388s
 32620  7548 infeasible   42        48.00000   10.95178  77.2%   890 1403s
 33027  7525   11.36811   41  331   48.00000   10.95178  77.2%   894 1416s
 33405  7428 infeasible   44        48.00000   10.95178  77.2%   898 1430s
 33761  7343   15.94835   49  649   48.00000   10.95178  77.2%   902 1446s
 33869  7426   33.26135   45  397   48.00000   10.95178  77.2%   903 1461s
 34281  7405   19.50355   50  601   48.00000   10.95178  77.2%   906 1474s
 34686  7358 infeasible   51        48.00000   10.95178  77.2%   910 1488s
 35068  7292   26.84502   52  418   48.00000   10.95178  77.2%   913 1502s
 35460  7256   29.27782   41  450   48.00000   10.95178  77.2%   916 1515s
 35839  7191 infeasible   48        48.00000   10.95178  77.2%   919 1529s
 36265  7144   18.35526   41  365   48.00000   10.95178  77.2%   919 1543s
 36708  7078 infeasible   47        48.00000   10.95178  77.2%   919 1557s
 37106  7040 infeasible   43        48.00000   10.95178  77.2%   920 1570s
 37525  6980 infeasible   40        48.00000   10.95178  77.2%   921 1584s
 37966  6942 infeasible   43        48.00000   10.95178  77.2%   920 1599s
 38436  6832 infeasible   48        48.00000   10.95178  77.2%   919 1612s
 38827  6776   12.93095   44  312   48.00000   10.95178  77.2%   920 1625s
 39184  6710 infeasible   36        48.00000   10.95178  77.2%   920 1642s
 39347  6744   15.96539   40  394   48.00000   10.95178  77.2%   920 1655s
 39809  6673   12.54134   44  255   48.00000   10.95178  77.2%   920 1671s
 40358  6581   29.03203   38  634   48.00000   10.95178  77.2%   921 1684s
 40748  6482 infeasible   56        48.00000   10.95178  77.2%   921 1698s
 41122  6466 infeasible   44        48.00000   10.95178  77.2%   922 1713s
 41569  6335   17.82430   44  763   48.00000   10.95178  77.2%   921 1727s
 41933  6304   17.07605   52  699   48.00000   10.95178  77.2%   923 1740s
 42379  6265 infeasible   45        48.00000   10.95178  77.2%   922 1755s
 42853  6264 infeasible   41        48.00000   10.95178  77.2%   922 1768s
 43260  6361   17.01349   42  504   48.00000   10.95178  77.2%   922 1782s
 43710  6444 infeasible   56        48.00000   10.95178  77.2%   921 1795s
 44166  6540 infeasible   45        48.00000   10.95178  77.2%   920 1809s
 44554  6603 infeasible   42        48.00000   10.95178  77.2%   921 1822s
 44870  6720   17.71732   39  440   48.00000   10.95178  77.2%   923 1836s
 45259  6799   13.22844   51  543   48.00000   10.95178  77.2%   924 1850s
 45631  6892 infeasible   36        48.00000   10.95178  77.2%   924 1863s
 46086  6964   15.98621   47  425   48.00000   10.95178  77.2%   924 1877s
 46520  7020   14.04504   43  305   48.00000   10.95178  77.2%   924 1891s
 46948  7065 infeasible   51        48.00000   10.95178  77.2%   924 1904s
 47324  7127     cutoff   39        48.00000   10.95178  77.2%   925 1918s
 47680  7171 infeasible   61        48.00000   10.95178  77.2%   926 1931s
 48022  7195 infeasible   37        48.00000   10.95178  77.2%   927 1945s
 48400  7243 infeasible   41        48.00000   10.95178  77.2%   929 1959s
 48769  7310 infeasible   51        48.00000   10.96107  77.2%   930 1973s
 49142  7361 infeasible   42        48.00000   10.98841  77.1%   932 1987s
 49490  7450   22.48283   41  387   48.00000   11.02297  77.0%   935 2000s
 49894  7502 infeasible   48        48.00000   11.04485  77.0%   935 2014s
 50329  7565 infeasible   51        48.00000   11.08094  76.9%   935 2028s
 50706  7632   26.72725   42  481   48.00000   11.11939  76.8%   936 2041s
 51106  7653   24.30188   44  416   48.00000   11.15773  76.8%   936 2055s
 51249  7694   14.27875   40  210   48.00000   11.16535  76.7%   936 2069s
 51674  7727   20.40314   40  406   48.00000   11.21729  76.6%   937 2083s
 52098  7798   16.74340   44  498   48.00000   11.28017  76.5%   937 2097s
 52569  7858 infeasible   46        48.00000   11.32976  76.4%   937 2110s
 52907  7917   11.81647   37  323   48.00000   11.38053  76.3%   938 2124s
 53284  7974   16.33950   41  570   48.00000   11.41543  76.2%   938 2139s
 53694  8035 infeasible   44        48.00000   11.46267  76.1%   940 2153s
 54134  8078 infeasible   48        48.00000   11.49090  76.1%   942 2168s
 54612  8125 infeasible   48        48.00000   11.54092  76.0%   944 2182s
 55055  8158 infeasible   43        48.00000   11.59187  75.9%   946 2196s
 55459  8234 infeasible   42        48.00000   11.64788  75.7%   949 2210s
 55890  8249 infeasible   55        48.00000   11.69315  75.6%   950 2224s
 56310  8268   21.84362   42  541   48.00000   11.74757  75.5%   953 2238s
 56669  8326   23.67310   40  384   48.00000   11.81263  75.4%   955 2252s
 57100  8360 infeasible   52        48.00000   11.86910  75.3%   956 2266s
 57443  8395   14.62609   47  443   48.00000   11.89270  75.2%   958 2279s
 57806  8424 infeasible   47        48.00000   11.93744  75.1%   960 2301s
 58112  8502   14.96498   46  289   48.00000   11.94514  75.1%   960 2314s
 58600  8508   18.62735   41  300   48.00000   12.00000  75.0%   960 2330s
 59127  8600   27.57063   47  432   48.00000   12.03222  74.9%   960 2343s
 59585  8603     cutoff   47        48.00000   12.08816  74.8%   959 2357s
 59926  8680   25.84232   44  418   48.00000   12.11634  74.8%   960 2370s
 60366  8700   18.36334   42  556   48.00000   12.15582  74.7%   959 2384s
 60749  8741   21.43086   40  470   48.00000   12.21676  74.5%   959 2397s
 61100  8793 infeasible   45        48.00000   12.24065  74.5%   960 2412s
 61557  8862 infeasible   40        48.00000   12.32801  74.3%   961 2425s
 61924  8910   14.71122   49  645   48.00000   12.36046  74.2%   963 2440s
 62354  8989   17.65996   46  535   48.00000   12.41104  74.1%   964 2453s
 62727  9029   23.94184   42  371   48.00000   12.44977  74.1%   965 2467s
 63169  9075   23.00291   46  656   48.00000   12.51165  73.9%   965 2481s
 63589  9109 infeasible   51        48.00000   12.55084  73.9%   964 2495s
 64032  9137   13.64974   44  434   48.00000   12.57967  73.8%   964 2508s
 64384  9208 infeasible   42        48.00000   12.61854  73.7%   964 2522s
 64818  9271   29.39146   42  418   48.00000   12.65196  73.6%   964 2536s
 65245  9292 infeasible   44        48.00000   12.67747  73.6%   963 2550s
 65614  9362   16.24392   43  429   48.00000   12.72843  73.5%   964 2563s
 66096  9404 infeasible   45        48.00000   12.76510  73.4%   963 2577s
 66491  9465   22.99033   42  435   48.00000   12.79941  73.3%   963 2590s
 66906  9496   18.48857   48  448   48.00000   12.82478  73.3%   962 2604s
 67290  9536 infeasible   41        48.00000   12.86709  73.2%   962 2617s
 67654  9596   16.01379   39  413   48.00000   12.89880  73.1%   963 2631s
 68055  9621 infeasible   49        48.00000   12.92943  73.1%   964 2645s
 68464  9667   29.70148   43  329   48.00000   12.96870  73.0%   965 2659s
 68889  9695 infeasible   45        48.00000   13.01385  72.9%   966 2673s
 69159  9707 infeasible   47        48.00000   13.02334  72.9%   967 2687s
 69530  9773   27.26113   47  441   48.00000   13.06864  72.8%   969 2701s
 69935  9770 infeasible   55        48.00000   13.10470  72.7%   969 2715s
 70377  9797   17.86448   44  244   48.00000   13.16383  72.6%   969 2729s
 70812  9782 infeasible   50        48.00000   13.20196  72.5%   969 2743s
 71207  9819 infeasible   52        48.00000   13.24700  72.4%   971 2756s
 71597  9815 infeasible   53        48.00000   13.26852  72.4%   971 2770s
 72023  9841   16.53771   47  489   48.00000   13.31870  72.3%   972 2784s
 72427  9831   15.33982   44  333   48.00000   13.36380  72.2%   973 2798s
 72834  9861   15.75241   37  517   48.00000   13.42211  72.0%   974 2813s
 73249  9853   19.10463   46  521   48.00000   13.46314  72.0%   976 2826s
 73656  9864 infeasible   41        48.00000   13.50588  71.9%   978 2840s
 74063  9878 infeasible   39        48.00000   13.55573  71.8%   979 2856s
 74460  9919   44.79068   45  289   48.00000   13.60508  71.7%   979 2869s
 74892  9945   16.32673   37  580   48.00000   13.64936  71.6%   978 2883s
 75234  9996   15.44650   39  554   48.00000   13.68045  71.5%   978 2896s
 75681 10059   17.84749   38  374   48.00000   13.76068  71.3%   977 2909s
 76103 10069   15.76846   38  185   48.00000   13.79967  71.3%   977 2923s
 76515 10106 infeasible   44        48.00000   13.85018  71.1%   977 2937s
 76991 10125 infeasible   49        48.00000   13.89015  71.1%   976 2950s
 77380 10148 infeasible   54        48.00000   13.92119  71.0%   976 2963s
 77792 10157   20.75352   46  719   48.00000   13.96110  70.9%   975 2977s
 78223 10235 infeasible   48        48.00000   13.99617  70.8%   975 2990s
 78671 10226   16.21499   36  324   48.00000   14.03597  70.8%   974 3015s
 78906 10262   19.91036   39  420   48.00000   14.06110  70.7%   974 3028s
 79306 10246   20.65332   39  463   48.00000   14.09766  70.6%   974 3042s
 79696 10284   21.54250   44  380   48.00000   14.15234  70.5%   975 3056s
 80159 10275 infeasible   46        48.00000   14.18866  70.4%   975 3070s
 80475 10283 infeasible   44        48.00000   14.20048  70.4%   976 3084s
 80901 10309   21.16754   43  337   48.00000   14.27392  70.3%   977 3098s
 81316 10336 infeasible   62        48.00000   14.31194  70.2%   978 3112s
 81697 10374   20.41113   43  526   48.00000   14.35004  70.1%   979 3125s
 82111 10394   17.03218   43  511   48.00000   14.39035  70.0%   979 3139s
 82500 10435   20.52544   49  700   48.00000   14.44037  69.9%   979 3153s
 82903 10475 infeasible   45        48.00000   14.48593  69.8%   979 3167s
 83275 10518   21.16377   39  398   48.00000   14.51470  69.8%   980 3180s
 83707 10532 infeasible   45        48.00000   14.54659  69.7%   981 3194s
 84131 10574   19.46508   43  551   48.00000   14.60467  69.6%   981 3208s
 84547 10571 infeasible   48        48.00000   14.63844  69.5%   981 3222s
 84968 10598 infeasible   50        48.00000   14.67287  69.4%   982 3236s
 85414 10604 infeasible   51        48.00000   14.71489  69.3%   982 3250s
 85835 10638   21.26810   45  567   48.00000   14.75754  69.3%   983 3263s
 86291 10659   20.51825   46  539   48.00000   14.79135  69.2%   983 3277s
 86730 10661   39.23469   47  338   48.00000   14.83936  69.1%   984 3290s
 87134 10700   17.15249   44  452   48.00000   14.87763  69.0%   985 3304s
 87530 10714   21.18668   45  462   48.00000   14.90751  68.9%   985 3318s
 87992 10721   17.30015   53  509   48.00000   14.94683  68.9%   986 3332s
 88385 10773   24.11341   45  410   48.00000   14.99138  68.8%   987 3345s
 88727 10816 infeasible   42        48.00000   14.99615  68.8%   987 3358s
 89115 10784   29.35222   54  328   48.00000   15.04127  68.7%   988 3372s
 89501 10792   16.97767   49  662   48.00000   15.10084  68.5%   989 3386s
 89879 10799   42.19247   48  317   48.00000   15.14510  68.4%   990 3399s
 90284 10809 infeasible   44        48.00000   15.18303  68.4%   990 3412s
 90667 10831   32.02815   42  406   48.00000   15.22954  68.3%   990 3425s
 91131 10824 infeasible   54        48.00000   15.26585  68.2%   989 3439s
 91524 10834 infeasible   41        48.00000   15.31768  68.1%   989 3452s
 91883 10813 infeasible   58        48.00000   15.34960  68.0%   989 3465s
 92281 10800 infeasible   47        48.00000   15.39339  67.9%   989 3479s
 92686 10834   18.59982   47  425   48.00000   15.44820  67.8%   989 3492s
 93055 10784   23.71567   45  485   48.00000   15.48027  67.7%   989 3506s
 93466 10758 infeasible   46        48.00000   15.53493  67.6%   989 3519s
 93845 10802   20.31781   45  434   48.00000   15.60538  67.5%   989 3533s
 94248 10784 infeasible   48        48.00000   15.63000  67.4%   990 3547s
 94720 10799   17.87911   47  548   48.00000   15.70400  67.3%   990 3560s
 95149 10798   18.64622   42  421   48.00000   15.75192  67.2%   990 3574s
 95560 10811   29.56903   46  439   48.00000   15.78906  67.1%   991 3587s
 96030 10809 infeasible   48        48.00000   15.83712  67.0%   991 3607s
 96331 10834   19.37582   46  440   48.00000   15.88305  66.9%   991 3620s
 96751 10840   41.53674   51  432   48.00000   15.91730  66.8%   992 3634s
 97156 10865   29.77586   50  668   48.00000   15.96522  66.7%   992 3647s
 97591 10866   32.19791   42  374   48.00000   16.00436  66.7%   993 3662s
 98001 10894 infeasible   49        48.00000   16.04655  66.6%   993 3675s
 98423 10911 infeasible   45        48.00000   16.07165  66.5%   994 3689s
 98878 10930 infeasible   53        48.00000   16.11036  66.4%   994 3702s
 99237 10949 infeasible   48        48.00000   16.12797  66.4%   995 3725s
 99595 10987 infeasible   48        48.00000   16.14488  66.4%   995 3739s
 100044 10989     cutoff   48        48.00000   16.19637  66.3%   996 3752s
 100440 11017 infeasible   55        48.00000   16.23194  66.2%   996 3765s
 100850 10977   42.78632   49  414   48.00000   16.24783  66.2%   997 3779s
 101244 10940   19.75580   42  325   48.00000   16.31051  66.0%   997 3792s
 101633 10961 infeasible   50        48.00000   16.35482  65.9%   998 3805s
 102023 10957   21.22632   43  476   48.00000   16.39568  65.8%   998 3819s
 102391 10983   21.94611   42  701   48.00000   16.43247  65.8%   998 3832s
 102778 10944 infeasible   43        48.00000   16.46327  65.7%   998 3845s
 103175 10941 infeasible   56        48.00000   16.48892  65.6%   998 3859s
 103537 10940   24.23681   49  496   48.00000   16.53691  65.5%   999 3872s
 103952 10920 infeasible   48        48.00000   16.55887  65.5%   999 3886s
 104364 10908   18.72071   49  646   48.00000   16.60734  65.4%   999 3900s
 104778 10917 infeasible   42        48.00000   16.65640  65.3%   999 3913s
 105129 10923 infeasible   52        48.00000   16.68207  65.2%  1000 3927s
 105533 10884 infeasible   43        48.00000   16.72586  65.2%  1000 3941s
 105950 10909 infeasible   50        48.00000   16.77421  65.1%  1000 3954s
 106395 10897 infeasible   46        48.00000   16.80749  65.0%  1001 3968s
 106781 10861 infeasible   42        48.00000   16.84864  64.9%  1001 3982s
 107166 10878   21.42215   46  525   48.00000   16.89128  64.8%  1002 3996s
 107602 10865   21.14601   42  487   48.00000   16.92424  64.7%  1002 4010s
 108023 10848     cutoff   48        48.00000   16.97883  64.6%  1003 4023s
 108462 10811   34.93434   48  419   48.00000   17.02820  64.5%  1003 4037s
 108955 10797   17.18923   50  527   48.00000   17.08298  64.4%  1003 4050s
 109379 10790 infeasible   42        48.00000   17.10567  64.4%  1003 4064s
 109799 10805   20.84198   49  642   48.00000   17.14922  64.3%  1003 4076s
 110171 10765   24.22167   47  739   48.00000   17.18346  64.2%  1004 4090s
 110521 10730   44.26131   48  279   48.00000   17.23629  64.1%  1004 4103s
 110931 10763   22.17493   44  421   48.00000   17.29103  64.0%  1004 4116s
 111344 10718 infeasible   45        48.00000   17.34003  63.9%  1005 4130s
 111710 10740   20.66711   43  361   48.00000   17.38726  63.8%  1005 4144s
 112124 10703   19.63064   49  454   48.00000   17.40542  63.7%  1006 4157s
 112531 10702 infeasible   46        48.00000   17.46262  63.6%  1006 4170s
 112928 10696 infeasible   46        48.00000   17.50131  63.5%  1006 4184s
 113351 10706   23.68210   45  580   48.00000   17.56521  63.4%  1006 4198s
 113825 10677   20.54256   52  700   48.00000   17.60819  63.3%  1006 4211s
 114172 10661 infeasible   49        48.00000   17.66092  63.2%  1006 4224s
 114564 10658 infeasible   50        48.00000   17.70189  63.1%  1007 4237s
 114870 10653   37.98155   51  417   48.00000   17.72411  63.1%  1007 4250s
 115270 10618 infeasible   44        48.00000   17.77376  63.0%  1007 4264s
 115660 10574 infeasible   57        48.00000   17.83264  62.8%  1007 4277s
 116027 10522   21.30819   44  552   48.00000   17.88457  62.7%  1007 4290s
 116400 10514   21.54622   45  572   48.00000   17.93843  62.6%  1007 4303s
 116800 10515 infeasible   51        48.00000   17.96502  62.6%  1007 4318s
 117153 10518 infeasible   51        48.00000   17.97285  62.6%  1006 4331s
 117498 10500 infeasible   45        48.00000   18.02318  62.5%  1007 4344s
 117903 10494   24.36990   47  668   48.00000   18.07912  62.3%  1007 4357s
 118350 10441   37.76808   45  408   48.00000   18.13077  62.2%  1006 4371s
 118756 10428   25.36210   49  470   48.00000   18.18049  62.1%  1005 4384s
 119133 10382 infeasible   38        48.00000   18.20531  62.1%  1005 4397s
 119332 10345   20.50532   53  579   48.00000   18.22458  62.0%  1005 4411s
 119766 10320   21.66513   41  530   48.00000   18.29678  61.9%  1005 4425s
 120164 10249 infeasible   44        48.00000   18.32973  61.8%  1005 4438s
 120588 10237 infeasible   53        48.00000   18.38627  61.7%  1006 4452s
 120996 10189 infeasible   53        48.00000   18.43520  61.6%  1006 4466s
 121377 10186   21.13410   54  469   48.00000   18.48788  61.5%  1006 4480s
 121876 10125 infeasible   47        48.00000   18.53407  61.4%  1006 4494s
 122344 10106   29.58139   52  507   48.00000   18.59021  61.3%  1006 4508s
 122740 10032 infeasible   47        48.00000   18.62443  61.2%  1007 4521s
 123209  9982 infeasible   49        48.00000   18.70332  61.0%  1007 4534s
 123624  9910   21.52634   45  531   48.00000   18.75699  60.9%  1007 4548s
 124009  9864 infeasible   48        48.00000   18.80633  60.8%  1007 4562s
 124414  9840 infeasible   38        48.00000   18.88450  60.7%  1008 4575s
 124846  9811     cutoff   58        48.00000   18.94180  60.5%  1008 4588s
 125253  9777 infeasible   51        48.00000   18.98604  60.4%  1008 4601s
 125640  9720   23.11268   55  594   48.00000   19.04720  60.3%  1008 4615s
 126163  9701   32.51747   47  429   48.00000   19.13406  60.1%  1008 4629s
 126627  9679   37.07498   44  318   48.00000   19.21492  60.0%  1008 4643s
 126948  9654 infeasible   49        48.00000   19.24161  59.9%  1008 4656s
 127351  9597 infeasible   50        48.00000   19.28537  59.8%  1008 4669s
 127719  9571 infeasible   48        48.00000   19.35017  59.7%  1008 4682s
 128172  9531   36.04687   40  376   48.00000   19.40165  59.6%  1008 4695s
 128592  9494 infeasible   49        48.00000   19.46351  59.5%  1007 4708s
 128960  9490 infeasible   51        48.00000   19.53790  59.3%  1007 4722s
 129385  9434 infeasible   51        48.00000   19.58530  59.2%  1006 4735s
 129811  9428 infeasible   49        48.00000   19.65895  59.0%  1006 4747s
 130199  9378 infeasible   50        48.00000   19.70514  58.9%  1006 4760s
 130623  9382   24.96519   51  589   48.00000   19.77176  58.8%  1006 4783s
 130982  9359 infeasible   50        48.00000   19.79734  58.8%  1006 4796s
 131426  9316 infeasible   51        48.00000   19.88382  58.6%  1006 4809s
 131784  9267   21.94859   46  671   48.00000   19.91993  58.5%  1006 4821s
 132158  9264 infeasible   53        48.00000   19.97947  58.4%  1005 4834s
 132486  9268 infeasible   46        48.00000   20.02455  58.3%  1005 4847s
 132867  9201 infeasible   48        48.00000   20.05348  58.2%  1005 4860s
 133260  9128   23.34917   42  585   48.00000   20.13411  58.1%  1005 4874s
 133711  9116 infeasible   48        48.00000   20.21946  57.9%  1005 4887s
 134131  9039 infeasible   52        48.00000   20.26536  57.8%  1005 4901s
 134592  9009 infeasible   51        48.00000   20.32728  57.7%  1004 4914s
 134989  8970 infeasible   50        48.00000   20.38837  57.5%  1005 4927s
 135426  8948     cutoff   47        48.00000   20.46328  57.4%  1004 4940s
 135816  8894 infeasible   49        48.00000   20.50544  57.3%  1004 4953s
 136200  8827 infeasible   45        48.00000   20.56292  57.2%  1004 4965s
 136559  8742 infeasible   50        48.00000   20.64514  57.0%  1005 4979s
 136958  8690 infeasible   49        48.00000   20.76556  56.7%  1004 5011s
 137298  8676 infeasible   42        48.00000   20.83817  56.6%  1004 5025s
 137777  8600 infeasible   45        48.00000   20.90177  56.5%  1004 5039s
 138204  8604   23.74478   45  683   48.00000   20.95311  56.3%  1004 5053s
 138662  8523 infeasible   48        48.00000   21.05168  56.1%  1004 5067s
 139090  8483   32.99826   52  474   48.00000   21.16965  55.9%  1004 5080s
 139540  8475   24.57608   43  579   48.00000   21.25310  55.7%  1004 5094s
 140038  8385   39.81553   50  445   48.00000   21.34058  55.5%  1004 5107s
 140477  8373 infeasible   47        48.00000   21.45268  55.3%  1004 5120s
 140877  8279 infeasible   47        48.00000   21.51814  55.2%  1004 5133s
 141316  8204   45.90843   51  296   48.00000   21.62925  54.9%  1004 5147s
 141779  8183   30.32961   48  409   48.00000   21.71952  54.8%  1004 5159s
 142297  8081 infeasible   56        48.00000   21.79229  54.6%  1003 5172s
 142673  8044 infeasible   46        48.00000   21.91102  54.4%  1003 5185s
 143059  7957 infeasible   49        48.00000   21.97900  54.2%  1003 5198s
 143482  7878   36.66353   51  347   48.00000   22.08145  54.0%  1003 5211s
 143844  7868 infeasible   45        48.00000   22.17131  53.8%  1003 5224s
 144275  7789 infeasible   45        48.00000   22.27362  53.6%  1003 5237s
 144672  7733   25.11830   49  685   48.00000   22.36646  53.4%  1003 5249s
 145110  7667 infeasible   50        48.00000   22.47061  53.2%  1003 5262s
 145529  7642 infeasible   49        48.00000   22.56703  53.0%  1003 5274s
 145959  7548 infeasible   52        48.00000   22.67476  52.8%  1003 5288s
 146427  7494 infeasible   45        48.00000   22.87503  52.3%  1003 5300s
 146796  7505   36.26601   48  436   48.00000   22.95281  52.2%  1003 5312s
 147289  7433   25.44235   48  632   48.00000   23.05583  52.0%  1002 5325s
 147738  7391 infeasible   46        48.00000   23.20451  51.7%  1002 5338s
 148233  7309   26.53106   48  502   48.00000   23.35048  51.4%  1002 5352s
 148682  7261     cutoff   54        48.00000   23.53702  51.0%  1002 5365s
 149238  7222   43.09910   51  364   48.00000   23.73528  50.6%  1001 5377s
 149682  7152   43.83940   51  437   48.00000   23.82432  50.4%  1001 5389s
 150134  7092   26.73476   50  882   48.00000   23.95023  50.1%  1001 5402s
 150582  7009 infeasible   49        48.00000   24.08813  49.8%  1001 5414s
 151095  6925   26.61241   46  368   48.00000   24.29599  49.4%  1000 5426s
 151673  6912   28.31992   41  451   48.00000   24.51003  48.9%   999 5439s
 152185  6845   26.76923   50  903   48.00000   24.60701  48.7%   999 5450s
 152651  6755 infeasible   50        48.00000   24.83055  48.3%   998 5463s
 153172  6761   27.76126   57  608   48.00000   25.06823  47.8%   998 5474s
 153756  6702   42.37363   47  302   48.00000   25.19139  47.5%   997 5486s
 154355  6670   31.95888   41  353   48.00000   25.48307  46.9%   996 5497s
 154833  6644   35.65045   46  371   48.00000   25.61638  46.6%   995 5509s
 155405  6626     cutoff   50        48.00000   25.89610  46.0%   995 5520s
 155836  6551   34.79196   45  373   48.00000   26.08194  45.7%   994 5531s
 156430  6440   39.73041   47  453   48.00000   26.31483  45.2%   993 5543s
 157046  6403   38.46450   46  359   48.00000   26.82880  44.1%   992 5554s
 157472  6343   31.85975   54  553   48.00000   26.96183  43.8%   992 5565s
 158160  6307 infeasible   49        48.00000   27.17975  43.4%   990 5576s
 158805  6235 infeasible   49        48.00000   27.43604  42.8%   989 5587s
 159533  6229   34.06124   46  483   48.00000   27.78174  42.1%   988 5597s
 160119  6193   36.98959   49  355   48.00000   28.01408  41.6%   987 5607s
 160957  6178   44.16107   50  336   48.00000   28.25469  41.1%   985 5617s
 161428  6118   40.84442   40  292   48.00000   28.51039  40.6%   984 5626s
 162130  6088   36.22376   49  281   48.00000   28.96801  39.6%   983 5636s
 162762  6068   42.03413   48  379   48.00000   29.17810  39.2%   981 5645s
 163510  6076 infeasible   49        48.00000   29.37085  38.8%   979 5654s
 164249  6029   33.94357   48  454   48.00000   29.64550  38.2%   978 5663s
 164927  5995 infeasible   48        48.00000   29.93166  37.6%   976 5671s
 165650  5944   37.38841   50  532   48.00000   30.22671  37.0%   975 5679s
 166294  5908   33.32555   48  385   48.00000   30.56036  36.3%   973 5687s
 166998  5909     cutoff   49        48.00000   30.80947  35.8%   971 5694s
 167716  5868   33.23555   46  461   48.00000   31.12924  35.1%   969 5702s
 168405  5829     cutoff   52        48.00000   31.39218  34.6%   968 5709s
 168907  5818 infeasible   57        48.00000   31.49826  34.4%   966 5716s
 169563  5775     cutoff   51        48.00000   31.70819  33.9%   965 5723s
 170223  5737   43.06400   48  296   48.00000   31.94138  33.5%   963 5729s
 170914  5721   41.76204   45  441   48.00000   32.20196  32.9%   961 5736s
 171506  5670 infeasible   41        48.00000   32.40968  32.5%   960 5742s
 172156  5625   44.23968   51  262   48.00000   32.72031  31.8%   958 5748s
 172769  5599     cutoff   52        48.00000   32.98056  31.3%   957 5754s
 173513  5522   45.77846   48  352   48.00000   33.18857  30.9%   955 5760s
 174159  5476   37.42773   50  237   48.00000   33.41199  30.4%   953 5766s
 174696  5403   41.16856   54  373   48.00000   33.58289  30.0%   952 5771s
 175259  5314   40.05820   50  378   48.00000   33.87114  29.4%   950 5777s
 175859  5256 infeasible   51        48.00000   34.15340  28.8%   949 5783s
 176491  5214   42.39733   52  338   48.00000   34.37224  28.4%   947 5788s
 176871  5168     cutoff   49        48.00000   34.50815  28.1%   946 5793s
 177439  5108   45.37859   47  378   48.00000   34.71134  27.7%   945 5798s
 178024  5040   36.82054   47  351   48.00000   34.96766  27.2%   943 5804s
 178647  4981   44.81234   46  252   48.00000   35.17991  26.7%   941 5809s
 179324  4917   38.02894   54  436   48.00000   35.38011  26.3%   939 5813s
 179981  4821   42.39602   51  386   48.00000   35.57791  25.9%   937 5818s
 180606  4761     cutoff   47        48.00000   35.89530  25.2%   936 5823s
 181200  4717   45.87835   52  414   48.00000   36.04090  24.9%   934 5827s
 181837  4617 infeasible   53        48.00000   36.21120  24.6%   932 5832s
 182462  4583 infeasible   53        48.00000   36.43175  24.1%   930 5836s
 183036  4517   44.67000   52  257   48.00000   36.57285  23.8%   929 5840s
 184193  4374 infeasible   47        48.00000   36.90682  23.1%   925 5848s
 184957  4294     cutoff   55        48.00000   37.17136  22.6%   923 5852s
 185628  4226 infeasible   45        48.00000   37.34979  22.2%   920 5856s
 186072  4130     cutoff   57        48.00000   37.42457  22.0%   919 5860s
 187343  3946   44.71522   53  263   48.00000   38.00036  20.8%   915 5867s
 187978  3871   42.35174   51  251   48.00000   38.21316  20.4%   913 5871s
 189127  3728   44.25023   71  250   48.00000   38.54235  19.7%   910 5878s
 189647  3655   41.08638   57  358   48.00000   38.71094  19.4%   908 5881s
 190866  3495   42.99266   53  261   48.00000   39.02340  18.7%   904 5888s
 191408  3391   45.62265   49  234   48.00000   39.20581  18.3%   902 5891s
 192862  3186 infeasible   52        48.00000   39.61077  17.5%   897 5897s
 193509  3118     cutoff   54        48.00000   39.79830  17.1%   895 5900s
 194368  2902   42.56041   44  312   48.00000   40.17829  16.3%   892 5905s
 195578  2683   45.74509   52  204   48.00000   40.65278  15.3%   889 5911s
 196780  2404     cutoff   46        48.00000   41.04883  14.5%   885 5916s
 198193  2129 infeasible   52        48.00000   41.56898  13.4%   880 5921s
 199410  1803 infeasible   53        48.00000   42.05166  12.4%   876 5926s
 200720  1356 infeasible   49        48.00000   42.65314  11.1%   871 5930s
 203103   119     cutoff   56        48.00000   44.50444  7.28%   863 5935s

Cutting planes:
  Cover: 12
  Clique: 2
  Flow cover: 21
  Zero half: 7
  Mod-K: 2
  RLT: 6

Explored 203693 nodes (176000886 simplex iterations) in 5935.78 seconds
Thread count was 8 (of 8 available processors)

Solution count 7: 48 52 56 ... 68

Optimal solution found (tolerance 1.00e-04)
Best objective 4.800000000000e+01, best bound 4.800000000000e+01, gap 0.0000%
